17-04-24 14:22:21,197 ClientHandlerThread INFO  Client is started
17-04-24 14:22:21,221 ClientHandlerThread INFO  read length : 50
17-04-24 14:22:21,223 ClientHandlerThread DEBUG STX=02
17-04-24 14:22:21,224 ClientHandlerThread DEBUG ETX=03
17-04-24 14:22:21,224 ClientHandlerThread DEBUG LEN=2e
17-04-24 14:22:21,225 ClientHandlerThread DEBUG DATA CRC=17306
17-04-24 14:22:21,226 ClientHandlerThread DEBUG CHEC CRC=17306
17-04-24 14:22:21,226 ClientHandlerThread DEBUG CMD=01
17-04-24 14:22:21,227 ClientHandlerThread INFO  Client 접속 정보 수신
17-04-24 14:22:21,230 ClientHandlerThread INFO  Version=1.0
17-04-24 14:22:21,230 ClientHandlerThread INFO  IP=192.168.10.26
17-04-24 14:22:21,231 ClientHandlerThread INFO  MAC=B8-27-EB-F5-43-E4
17-04-24 14:22:21,232 ClientHandlerThread INFO  STR CD=01
17-04-24 14:22:21,232 ClientHandlerThread INFO  GW ID=1
17-04-24 14:22:21,529 ClientHandlerThread INFO  Client 접속 정보 수신 결과 전송
17-04-24 14:22:21,532 ClientHandlerThread INFO  Write data : 02 00 4c 01 01 30 31 00 00 00 00 00 00 00 00 00 00 00 00 00 00 00 00 00 00 00 01 06 0f 10 14 00 00 65 90 00 01 01 01 01 03 03 02 02 03 03 01 01 18 18 17 16 16 16 16 16 17 18 19 19 00 00 00 00 00 00 00 00 00 00 00 00 00 00 00 00 00 2d 50 03 
17-04-24 14:22:21,533 ClientHandlerThread INFO  Writed data length : 80
17-04-24 14:22:53,906 ClientHandlerThread INFO  read length : 7
17-04-24 14:22:53,907 ClientHandlerThread DEBUG STX=02
17-04-24 14:22:53,908 ClientHandlerThread DEBUG ETX=03
17-04-24 14:22:53,908 ClientHandlerThread DEBUG LEN=3
17-04-24 14:22:53,908 ClientHandlerThread DEBUG DATA CRC=0
17-04-24 14:22:53,909 ClientHandlerThread DEBUG CHEC CRC=0
17-04-24 14:22:53,909 ClientHandlerThread DEBUG CMD=00
17-04-24 14:22:53,910 ClientHandlerThread INFO  Echo 수신
17-04-24 14:22:53,911 ClientHandlerThread INFO  Write data : 02 00 03 00 00 00 03 
17-04-24 14:22:53,913 ClientHandlerThread INFO  Writed data length : 7
17-04-24 14:23:28,904 ClientHandlerThread INFO  read length : 7
17-04-24 14:23:28,905 ClientHandlerThread DEBUG STX=02
17-04-24 14:23:28,905 ClientHandlerThread DEBUG ETX=03
17-04-24 14:23:28,906 ClientHandlerThread DEBUG LEN=3
17-04-24 14:23:28,906 ClientHandlerThread DEBUG DATA CRC=0
17-04-24 14:23:28,907 ClientHandlerThread DEBUG CHEC CRC=0
17-04-24 14:23:28,907 ClientHandlerThread DEBUG CMD=00
17-04-24 14:23:28,907 ClientHandlerThread INFO  Echo 수신
17-04-24 14:23:28,909 ClientHandlerThread INFO  Write data : 02 00 03 00 00 00 03 
17-04-24 14:23:28,909 ClientHandlerThread INFO  Writed data length : 7
17-04-24 14:24:03,908 ClientHandlerThread INFO  read length : 7
17-04-24 14:24:03,908 ClientHandlerThread DEBUG STX=02
17-04-24 14:24:03,909 ClientHandlerThread DEBUG ETX=03
17-04-24 14:24:03,909 ClientHandlerThread DEBUG LEN=3
17-04-24 14:24:03,910 ClientHandlerThread DEBUG DATA CRC=0
17-04-24 14:24:03,910 ClientHandlerThread DEBUG CHEC CRC=0
17-04-24 14:24:03,910 ClientHandlerThread DEBUG CMD=00
17-04-24 14:24:03,911 ClientHandlerThread INFO  Echo 수신
17-04-24 14:24:03,912 ClientHandlerThread INFO  Write data : 02 00 03 00 00 00 03 
17-04-24 14:24:03,913 ClientHandlerThread INFO  Writed data length : 7
17-04-24 14:24:19,966 ClientHandlerThread INFO  read length : 701
17-04-24 14:24:19,966 ClientHandlerThread DEBUG STX=02
17-04-24 14:24:19,967 ClientHandlerThread DEBUG ETX=03
17-04-24 14:24:19,967 ClientHandlerThread DEBUG LEN=2b9
17-04-24 14:24:19,968 ClientHandlerThread DEBUG DATA CRC=-29427
17-04-24 14:24:19,968 ClientHandlerThread DEBUG CHEC CRC=-29427
17-04-24 14:24:19,969 ClientHandlerThread DEBUG CMD=02
17-04-24 14:24:19,969 ClientHandlerThread INFO  Data 수신
17-04-24 14:24:19,970 ClientHandlerThread INFO  통신상태=0
17-04-24 14:24:19,971 ClientHandlerThread INFO  STR CD=01
17-04-24 14:24:19,971 ClientHandlerThread INFO  GW ID=1
17-04-24 14:24:20,079 ClientHandlerThread DEBUG {"STR_CD":"01","REGI_ID":"01","YYYYMMDD":"20170424","HHMIN":"1425","PMC":{"EP_1CH_EFT_WATAGE":"3452","EP_1CH_5MIN_WATAGE":"0","EP_1CH_ACT_WATAGE":"0","EP_1CH_STATUS":"0","EP_2CH_EFT_WATAGE":"3","EP_2CH_5MIN_WATAGE":"0","EP_2CH_ACT_WATAGE":"0","EP_2CH_STATUS":"0","EP_3CH_EFT_WATAGE":"0","EP_3CH_5MIN_WATAGE":"0","EP_3CH_ACT_WATAGE":"0","EP_3CH_STATUS":"0","EP_4CH_EFT_WATAGE":"17","EP_4CH_5MIN_WATAGE":"0","EP_4CH_ACT_WATAGE":"0","EP_4CH_STATUS":"0","EP_5CH_EFT_WATAGE":"0","EP_5CH_5MIN_WATAGE":"0","EP_5CH_ACT_WATAGE":"0","EP_5CH_STATUS":"0","EP_6CH_EFT_WATAGE":"0","EP_6CH_5MIN_WATAGE":"0","EP_6CH_ACT_WATAGE":"0","EP_6CH_STATUS":"0","EP_7CH_R_EFT_WATAGE":"0","EP_7CH_R_5MIN_WATAGE":"0","EP_7CH_R_ACT_WATAGE":"0","EP_7CH_R_STATUS":"0","EP_7CH_S_EFT_WATAGE":"0","EP_7CH_S_5MIN_WATAGE":"0","EP_7CH_S_ACT_WATAGE":"0","EP_7CH_S_STATUS":"0","EP_7CH_T_EFT_WATAGE":"0","EP_7CH_T_5MIN_WATAGE":"0","EP_7CH_T_ACT_WATAGE":"0","EP_7CH_T_STATUS":"0","EP_8CH_R_EFT_WATAGE":"0","EP_8CH_R_5MIN_WATAGE":"0","EP_8CH_R_ACT_WATAGE":"0","EP_8CH_R_STATUS":"0","EP_8CH_S_EFT_WATAGE":"0","EP_8CH_S_5MIN_WATAGE":"0","EP_8CH_S_ACT_WATAGE":"0","EP_8CH_S_STATUS":"0","EP_8CH_T_EFT_WATAGE":"0","EP_8CH_T_5MIN_WATAGE":"0","EP_8CH_T_ACT_WATAGE":"0","EP_8CH_T_STATUS":"0"},"TEMON":[{"PORT_NO":"1","SENS_TEMP":"2776"},{"PORT_NO":"2","SENS_TEMP":"-9999"},{"PORT_NO":"3","SENS_TEMP":"-9999"},{"PORT_NO":"4","SENS_TEMP":"-9999"},{"PORT_NO":"5","SENS_TEMP":"-9999"},{"PORT_NO":"6","SENS_TEMP":"-9999"},{"PORT_NO":"7","SENS_TEMP":"-9999"},{"PORT_NO":"8","SENS_TEMP":"-9999"},{"PORT_NO":"9","SENS_TEMP":"-9999"},{"PORT_NO":"10","SENS_TEMP":"-9999"},{"PORT_NO":"11","SENS_TEMP":"-9999"},{"PORT_NO":"12","SENS_TEMP":"-9999"},{"PORT_NO":"13","SENS_TEMP":"-9999"},{"PORT_NO":"14","SENS_TEMP":"-9999"},{"PORT_NO":"15","SENS_TEMP":"-9999"},{"PORT_NO":"16","SENS_TEMP":"-9999"}],"SIGN_STAT_CD":"0","ALMON":[{"PORT_NO":"1","SENS_TEMP":"1"},{"PORT_NO":"2","SENS_TEMP":"0"},{"PORT_NO":"3","SENS_TEMP":"0"},{"PORT_NO":"4","SENS_TEMP":"0"}],"HACON":[{"HACON_STAT_CD":"0","SENSE_TEMP":"3290","SENSE_HUMID":"0"},{"HACON_STAT_CD":"0","SENSE_TEMP":"-9999","SENSE_HUMID":"0"},{"HACON_STAT_CD":"0","SENSE_TEMP":"-9999","SENSE_HUMID":"0"},{"HACON_STAT_CD":"0","SENSE_TEMP":"-9999","SENSE_HUMID":"0"},{"HACON_STAT_CD":"0","SENSE_TEMP":"-9999","SENSE_HUMID":"0"}],"TSENSOR":[{"T_SENSOR_STAT_CD":"0","T_SENSOR_SENSE_TEMP":"2489","T_SENSOR_SENSE_HUMID":"2221"},{"T_SENSOR_STAT_CD":"0","T_SENSOR_SENSE_TEMP":"-9999","T_SENSOR_SENSE_HUMID":"-9999"},{"T_SENSOR_STAT_CD":"0","T_SENSOR_SENSE_TEMP":"-9999","T_SENSOR_SENSE_HUMID":"-9999"},{"T_SENSOR_STAT_CD":"0","T_SENSOR_SENSE_TEMP":"-9999","T_SENSOR_SENSE_HUMID":"-9999"},{"T_SENSOR_STAT_CD":"0","T_SENSOR_SENSE_TEMP":"-9999","T_SENSOR_SENSE_HUMID":"-9999"}],"BLE_CNT":"0","BLE":[{"BLE_GUBUN":"0","BLE_SENSE_TEMP":"-9999","BLE_SENSE_HUMID":"-9999","BLE_BATTERY":"0"},{"BLE_GUBUN":"0","BLE_SENSE_TEMP":"-9999","BLE_SENSE_HUMID":"-9999","BLE_BATTERY":"0"},{"BLE_GUBUN":"0","BLE_SENSE_TEMP":"-9999","BLE_SENSE_HUMID":"-9999","BLE_BATTERY":"0"},{"BLE_GUBUN":"0","BLE_SENSE_TEMP":"-9999","BLE_SENSE_HUMID":"-9999","BLE_BATTERY":"0"},{"BLE_GUBUN":"0","BLE_SENSE_TEMP":"-9999","BLE_SENSE_HUMID":"-9999","BLE_BATTERY":"0"},{"BLE_GUBUN":"0","BLE_SENSE_TEMP":"-9999","BLE_SENSE_HUMID":"-9999","BLE_BATTERY":"0"},{"BLE_GUBUN":"0","BLE_SENSE_TEMP":"-9999","BLE_SENSE_HUMID":"-9999","BLE_BATTERY":"0"},{"BLE_GUBUN":"0","BLE_SENSE_TEMP":"-9999","BLE_SENSE_HUMID":"-9999","BLE_BATTERY":"0"},{"BLE_GUBUN":"0","BLE_SENSE_TEMP":"-9999","BLE_SENSE_HUMID":"-9999","BLE_BATTERY":"0"},{"BLE_GUBUN":"0","BLE_SENSE_TEMP":"-9999","BLE_SENSE_HUMID":"-9999","BLE_BATTERY":"0"}],"HUB_CNT":"0","HUB":[{"ADDR":"0","FW_VER":"0","TYPE":"0","MODEL":"0","CAPACITY":"0","ALARM_MASK1":"0","ALARM_MASK2":"0","ALARM_MASK3":"0","ALARM_MASK4":"0","ALARM_MASK5":"0","ALARM_MASK6":"0","ALARM_MASK7":"0","ALARM_MASK8":"0","ALARM_SP1":"0","ALARM_SP2":"0","ALARM_SP3":"0","ALARM_SP4":"0","ALARM_SP5":"0","ALARM_SP6":"0","ALARM_SP7":"0","ALARM_SP8":"0","ERR_CD":"0","OPER_MODE":"0","SENS_TEMP":"0","SENS_TEMP_CONF":"0","SENS_TEMP_OUT":"0","MAX_TEMP_ALARM_YN":"0","MAX_TEMP":"0","MIN_TEMP_ALARM_YN":"0","MIN_TEMP":"0","DEFROST_SENS_TEMP":"0","DEFW_OWNER":"0","DEFROST_TEMP_CONF":"0","DEFROST_TERM":"0","DEFROST_DELAY":"0","DEWATER_DELAY":"0"},{"ADDR":"0","FW_VER":"0","TYPE":"0","MODEL":"0","CAPACITY":"0","ALARM_MASK1":"0","ALARM_MASK2":"0","ALARM_MASK3":"0","ALARM_MASK4":"0","ALARM_MASK5":"0","ALARM_MASK6":"0","ALARM_MASK7":"0","ALARM_MASK8":"0","ALARM_SP1":"0","ALARM_SP2":"0","ALARM_SP3":"0","ALARM_SP4":"0","ALARM_SP5":"0","ALARM_SP6":"0","ALARM_SP7":"0","ALARM_SP8":"0","ERR_CD":"0","OPER_MODE":"0","SENS_TEMP":"0","SENS_TEMP_CONF":"0","SENS_TEMP_OUT":"0","MAX_TEMP_ALARM_YN":"0","MAX_TEMP":"0","MIN_TEMP_ALARM_YN":"0","MIN_TEMP":"0","DEFROST_SENS_TEMP":"0","DEFW_OWNER":"0","DEFROST_TEMP_CONF":"0","DEFROST_TERM":"0","DEFROST_DELAY":"0","DEWATER_DELAY":"0"},{"ADDR":"0","FW_VER":"0","TYPE":"0","MODEL":"0","CAPACITY":"0","ALARM_MASK1":"0","ALARM_MASK2":"0","ALARM_MASK3":"0","ALARM_MASK4":"0","ALARM_MASK5":"0","ALARM_MASK6":"0","ALARM_MASK7":"0","ALARM_MASK8":"0","ALARM_SP1":"0","ALARM_SP2":"0","ALARM_SP3":"0","ALARM_SP4":"0","ALARM_SP5":"0","ALARM_SP6":"0","ALARM_SP7":"0","ALARM_SP8":"0","ERR_CD":"0","OPER_MODE":"0","SENS_TEMP":"0","SENS_TEMP_CONF":"0","SENS_TEMP_OUT":"0","MAX_TEMP_ALARM_YN":"0","MAX_TEMP":"0","MIN_TEMP_ALARM_YN":"0","MIN_TEMP":"0","DEFROST_SENS_TEMP":"0","DEFW_OWNER":"0","DEFROST_TEMP_CONF":"0","DEFROST_TERM":"0","DEFROST_DELAY":"0","DEWATER_DELAY":"0"},{"ADDR":"0","FW_VER":"0","TYPE":"0","MODEL":"0","CAPACITY":"0","ALARM_MASK1":"0","ALARM_MASK2":"0","ALARM_MASK3":"0","ALARM_MASK4":"0","ALARM_MASK5":"0","ALARM_MASK6":"0","ALARM_MASK7":"0","ALARM_MASK8":"0","ALARM_SP1":"0","ALARM_SP2":"0","ALARM_SP3":"0","ALARM_SP4":"0","ALARM_SP5":"0","ALARM_SP6":"0","ALARM_SP7":"0","ALARM_SP8":"0","ERR_CD":"0","OPER_MODE":"0","SENS_TEMP":"0","SENS_TEMP_CONF":"0","SENS_TEMP_OUT":"0","MAX_TEMP_ALARM_YN":"0","MAX_TEMP":"0","MIN_TEMP_ALARM_YN":"0","MIN_TEMP":"0","DEFROST_SENS_TEMP":"0","DEFW_OWNER":"0","DEFROST_TEMP_CONF":"0","DEFROST_TERM":"0","DEFROST_DELAY":"0","DEWATER_DELAY":"0"},{"ADDR":"0","FW_VER":"0","TYPE":"0","MODEL":"0","CAPACITY":"0","ALARM_MASK1":"0","ALARM_MASK2":"0","ALARM_MASK3":"0","ALARM_MASK4":"0","ALARM_MASK5":"0","ALARM_MASK6":"0","ALARM_MASK7":"0","ALARM_MASK8":"0","ALARM_SP1":"0","ALARM_SP2":"0","ALARM_SP3":"0","ALARM_SP4":"0","ALARM_SP5":"0","ALARM_SP6":"0","ALARM_SP7":"0","ALARM_SP8":"0","ERR_CD":"0","OPER_MODE":"0","SENS_TEMP":"0","SENS_TEMP_CONF":"0","SENS_TEMP_OUT":"0","MAX_TEMP_ALARM_YN":"0","MAX_TEMP":"0","MIN_TEMP_ALARM_YN":"0","MIN_TEMP":"0","DEFROST_SENS_TEMP":"0","DEFW_OWNER":"0","DEFROST_TEMP_CONF":"0","DEFROST_TERM":"0","DEFROST_DELAY":"0","DEWATER_DELAY":"0"},{"ADDR":"0","FW_VER":"0","TYPE":"0","MODEL":"0","CAPACITY":"0","ALARM_MASK1":"0","ALARM_MASK2":"0","ALARM_MASK3":"0","ALARM_MASK4":"0","ALARM_MASK5":"0","ALARM_MASK6":"0","ALARM_MASK7":"0","ALARM_MASK8":"0","ALARM_SP1":"0","ALARM_SP2":"0","ALARM_SP3":"0","ALARM_SP4":"0","ALARM_SP5":"0","ALARM_SP6":"0","ALARM_SP7":"0","ALARM_SP8":"0","ERR_CD":"0","OPER_MODE":"0","SENS_TEMP":"0","SENS_TEMP_CONF":"0","SENS_TEMP_OUT":"0","MAX_TEMP_ALARM_YN":"0","MAX_TEMP":"0","MIN_TEMP_ALARM_YN":"0","MIN_TEMP":"0","DEFROST_SENS_TEMP":"0","DEFW_OWNER":"0","DEFROST_TEMP_CONF":"0","DEFROST_TERM":"0","DEFROST_DELAY":"0","DEWATER_DELAY":"0"},{"ADDR":"0","FW_VER":"0","TYPE":"0","MODEL":"0","CAPACITY":"0","ALARM_MASK1":"0","ALARM_MASK2":"0","ALARM_MASK3":"0","ALARM_MASK4":"0","ALARM_MASK5":"0","ALARM_MASK6":"0","ALARM_MASK7":"0","ALARM_MASK8":"0","ALARM_SP1":"0","ALARM_SP2":"0","ALARM_SP3":"0","ALARM_SP4":"0","ALARM_SP5":"0","ALARM_SP6":"0","ALARM_SP7":"0","ALARM_SP8":"0","ERR_CD":"0","OPER_MODE":"0","SENS_TEMP":"0","SENS_TEMP_CONF":"0","SENS_TEMP_OUT":"0","MAX_TEMP_ALARM_YN":"0","MAX_TEMP":"0","MIN_TEMP_ALARM_YN":"0","MIN_TEMP":"0","DEFROST_SENS_TEMP":"0","DEFW_OWNER":"0","DEFROST_TEMP_CONF":"0","DEFROST_TERM":"0","DEFROST_DELAY":"0","DEWATER_DELAY":"0"},{"ADDR":"0","FW_VER":"0","TYPE":"0","MODEL":"0","CAPACITY":"0","ALARM_MASK1":"0","ALARM_MASK2":"0","ALARM_MASK3":"0","ALARM_MASK4":"0","ALARM_MASK5":"0","ALARM_MASK6":"0","ALARM_MASK7":"0","ALARM_MASK8":"0","ALARM_SP1":"0","ALARM_SP2":"0","ALARM_SP3":"0","ALARM_SP4":"0","ALARM_SP5":"0","ALARM_SP6":"0","ALARM_SP7":"0","ALARM_SP8":"0","ERR_CD":"0","OPER_MODE":"0","SENS_TEMP":"0","SENS_TEMP_CONF":"0","SENS_TEMP_OUT":"0","MAX_TEMP_ALARM_YN":"0","MAX_TEMP":"0","MIN_TEMP_ALARM_YN":"0","MIN_TEMP":"0","DEFROST_SENS_TEMP":"0","DEFW_OWNER":"0","DEFROST_TEMP_CONF":"0","DEFROST_TERM":"0","DEFROST_DELAY":"0","DEWATER_DELAY":"0"}]}
17-04-24 14:24:20,091 ClientHandlerThread INFO  Write data : 02 00 04 02 01 76 43 03 
17-04-24 14:24:20,092 ClientHandlerThread INFO  Writed data length : 8
17-04-24 14:24:22,355 ClientHandlerThread INFO  read length : 46
17-04-24 14:24:22,356 ClientHandlerThread DEBUG STX=02
17-04-24 14:24:22,357 ClientHandlerThread DEBUG ETX=03
17-04-24 14:24:22,357 ClientHandlerThread DEBUG LEN=2a
17-04-24 14:24:22,358 ClientHandlerThread DEBUG DATA CRC=-4878
17-04-24 14:24:22,358 ClientHandlerThread DEBUG CHEC CRC=-4878
17-04-24 14:24:22,358 ClientHandlerThread DEBUG CMD=0a
17-04-24 14:24:22,359 ClientHandlerThread INFO  냉난방 온도제어결과 수신
17-04-24 14:24:22,360 ClientHandlerThread INFO  RESULT=1
17-04-24 14:24:22,360 ClientHandlerThread INFO  STR CD=01
17-04-24 14:24:22,361 ClientHandlerThread INFO  GW ID=1
17-04-24 14:24:22,361 ClientHandlerThread INFO  SENSE_TEMP=24
17-04-24 14:25:19,047 ClientHandlerThread INFO  read length : 7
17-04-24 14:25:19,047 ClientHandlerThread DEBUG STX=02
17-04-24 14:25:19,048 ClientHandlerThread DEBUG ETX=03
17-04-24 14:25:19,049 ClientHandlerThread DEBUG LEN=3
17-04-24 14:25:19,049 ClientHandlerThread DEBUG DATA CRC=0
17-04-24 14:25:19,049 ClientHandlerThread DEBUG CHEC CRC=0
17-04-24 14:25:19,050 ClientHandlerThread DEBUG CMD=00
17-04-24 14:25:19,050 ClientHandlerThread INFO  Echo 수신
17-04-24 14:25:19,052 ClientHandlerThread INFO  Write data : 02 00 03 00 00 00 03 
17-04-24 14:25:19,053 ClientHandlerThread INFO  Writed data length : 7
17-04-24 14:25:36,566 ClientHandlerThread INFO  Connected client size : 0
17-04-24 14:25:36,566 ClientHandlerThread INFO  Client is closed
