17-04-24 12:06:02,287 ClientHandlerThread INFO  Client is started
17-04-24 12:06:02,343 ClientHandlerThread INFO  read length : 50
17-04-24 12:06:02,344 ClientHandlerThread DEBUG STX=02
17-04-24 12:06:02,344 ClientHandlerThread DEBUG ETX=03
17-04-24 12:06:02,345 ClientHandlerThread DEBUG LEN=2e
17-04-24 12:06:02,345 ClientHandlerThread DEBUG DATA CRC=17306
17-04-24 12:06:02,346 ClientHandlerThread DEBUG CHEC CRC=17306
17-04-24 12:06:02,346 ClientHandlerThread DEBUG CMD=01
17-04-24 12:06:02,346 ClientHandlerThread INFO  Client 접속 정보 수신
17-04-24 12:06:02,347 ClientHandlerThread INFO  Version=1.0
17-04-24 12:06:02,348 ClientHandlerThread INFO  IP=192.168.10.26
17-04-24 12:06:02,348 ClientHandlerThread INFO  MAC=B8-27-EB-F5-43-E4
17-04-24 12:06:02,349 ClientHandlerThread INFO  STR CD=01
17-04-24 12:06:02,350 ClientHandlerThread INFO  GW ID=1
17-04-24 12:06:02,362 ClientHandlerThread INFO  Client 접속 정보 수신 결과 전송
17-04-24 12:06:02,363 ClientHandlerThread INFO  Write data : 02 00 4c 01 01 30 31 00 00 00 00 00 00 00 00 00 00 00 00 00 00 00 00 00 00 00 01 06 0f 10 14 00 00 65 90 00 01 01 01 01 03 03 02 02 03 03 01 01 18 18 17 16 16 16 16 16 17 18 19 19 00 00 00 00 00 00 00 00 00 00 00 00 00 00 00 00 00 2d 50 03 
17-04-24 12:06:02,365 ClientHandlerThread INFO  Writed data length : 80
17-04-24 12:06:34,029 ClientHandlerThread INFO  read length : 7
17-04-24 12:06:34,030 ClientHandlerThread DEBUG STX=02
17-04-24 12:06:34,030 ClientHandlerThread DEBUG ETX=03
17-04-24 12:06:34,031 ClientHandlerThread DEBUG LEN=3
17-04-24 12:06:34,031 ClientHandlerThread DEBUG DATA CRC=0
17-04-24 12:06:34,031 ClientHandlerThread DEBUG CHEC CRC=0
17-04-24 12:06:34,032 ClientHandlerThread DEBUG CMD=00
17-04-24 12:06:34,032 ClientHandlerThread INFO  Echo 수신
17-04-24 12:06:34,034 ClientHandlerThread INFO  Write data : 02 00 03 00 00 00 03 
17-04-24 12:06:34,034 ClientHandlerThread INFO  Writed data length : 7
17-04-24 12:07:09,031 ClientHandlerThread INFO  read length : 7
17-04-24 12:07:09,032 ClientHandlerThread DEBUG STX=02
17-04-24 12:07:09,032 ClientHandlerThread DEBUG ETX=03
17-04-24 12:07:09,033 ClientHandlerThread DEBUG LEN=3
17-04-24 12:07:09,033 ClientHandlerThread DEBUG DATA CRC=0
17-04-24 12:07:09,034 ClientHandlerThread DEBUG CHEC CRC=0
17-04-24 12:07:09,034 ClientHandlerThread DEBUG CMD=00
17-04-24 12:07:09,035 ClientHandlerThread INFO  Echo 수신
17-04-24 12:07:09,036 ClientHandlerThread INFO  Write data : 02 00 03 00 00 00 03 
17-04-24 12:07:09,037 ClientHandlerThread INFO  Writed data length : 7
17-04-24 12:07:44,027 ClientHandlerThread INFO  read length : 7
17-04-24 12:07:44,028 ClientHandlerThread DEBUG STX=02
17-04-24 12:07:44,028 ClientHandlerThread DEBUG ETX=03
17-04-24 12:07:44,028 ClientHandlerThread DEBUG LEN=3
17-04-24 12:07:44,029 ClientHandlerThread DEBUG DATA CRC=0
17-04-24 12:07:44,029 ClientHandlerThread DEBUG CHEC CRC=0
17-04-24 12:07:44,030 ClientHandlerThread DEBUG CMD=00
17-04-24 12:07:44,030 ClientHandlerThread INFO  Echo 수신
17-04-24 12:07:44,031 ClientHandlerThread INFO  Write data : 02 00 03 00 00 00 03 
17-04-24 12:07:44,032 ClientHandlerThread INFO  Writed data length : 7
17-04-24 12:08:19,024 ClientHandlerThread INFO  read length : 7
17-04-24 12:08:19,024 ClientHandlerThread DEBUG STX=02
17-04-24 12:08:19,025 ClientHandlerThread DEBUG ETX=03
17-04-24 12:08:19,025 ClientHandlerThread DEBUG LEN=3
17-04-24 12:08:19,026 ClientHandlerThread DEBUG DATA CRC=0
17-04-24 12:08:19,026 ClientHandlerThread DEBUG CHEC CRC=0
17-04-24 12:08:19,026 ClientHandlerThread DEBUG CMD=00
17-04-24 12:08:19,027 ClientHandlerThread INFO  Echo 수신
17-04-24 12:08:19,029 ClientHandlerThread INFO  Write data : 02 00 03 00 00 00 03 
17-04-24 12:08:19,029 ClientHandlerThread INFO  Writed data length : 7
17-04-24 12:08:54,023 ClientHandlerThread INFO  read length : 7
17-04-24 12:08:54,024 ClientHandlerThread DEBUG STX=02
17-04-24 12:08:54,024 ClientHandlerThread DEBUG ETX=03
17-04-24 12:08:54,025 ClientHandlerThread DEBUG LEN=3
17-04-24 12:08:54,025 ClientHandlerThread DEBUG DATA CRC=0
17-04-24 12:08:54,025 ClientHandlerThread DEBUG CHEC CRC=0
17-04-24 12:08:54,026 ClientHandlerThread DEBUG CMD=00
17-04-24 12:08:54,026 ClientHandlerThread INFO  Echo 수신
17-04-24 12:08:54,027 ClientHandlerThread INFO  Write data : 02 00 03 00 00 00 03 
17-04-24 12:08:54,028 ClientHandlerThread INFO  Writed data length : 7
17-04-24 12:09:20,071 ClientHandlerThread INFO  read length : 701
17-04-24 12:09:20,072 ClientHandlerThread DEBUG STX=02
17-04-24 12:09:20,072 ClientHandlerThread DEBUG ETX=03
17-04-24 12:09:20,073 ClientHandlerThread DEBUG LEN=2b9
17-04-24 12:09:20,073 ClientHandlerThread DEBUG DATA CRC=12594
17-04-24 12:09:20,074 ClientHandlerThread DEBUG CHEC CRC=12594
17-04-24 12:09:20,074 ClientHandlerThread DEBUG CMD=02
17-04-24 12:09:20,075 ClientHandlerThread INFO  Data 수신
17-04-24 12:09:20,075 ClientHandlerThread INFO  통신상태=0
17-04-24 12:09:20,076 ClientHandlerThread INFO  STR CD=01
17-04-24 12:09:20,076 ClientHandlerThread INFO  GW ID=1
17-04-24 12:09:20,091 ClientHandlerThread DEBUG {"STR_CD":"01","REGI_ID":"01","YYYYMMDD":"20170424","HHMIN":"1210","PMC":{"EP_1CH_EFT_WATAGE":"3452","EP_1CH_5MIN_WATAGE":"0","EP_1CH_ACT_WATAGE":"0","EP_1CH_STATUS":"0","EP_2CH_EFT_WATAGE":"3","EP_2CH_5MIN_WATAGE":"0","EP_2CH_ACT_WATAGE":"0","EP_2CH_STATUS":"0","EP_3CH_EFT_WATAGE":"0","EP_3CH_5MIN_WATAGE":"0","EP_3CH_ACT_WATAGE":"0","EP_3CH_STATUS":"0","EP_4CH_EFT_WATAGE":"17","EP_4CH_5MIN_WATAGE":"0","EP_4CH_ACT_WATAGE":"0","EP_4CH_STATUS":"0","EP_5CH_EFT_WATAGE":"0","EP_5CH_5MIN_WATAGE":"0","EP_5CH_ACT_WATAGE":"0","EP_5CH_STATUS":"0","EP_6CH_EFT_WATAGE":"0","EP_6CH_5MIN_WATAGE":"0","EP_6CH_ACT_WATAGE":"0","EP_6CH_STATUS":"0","EP_7CH_R_EFT_WATAGE":"0","EP_7CH_R_5MIN_WATAGE":"0","EP_7CH_R_ACT_WATAGE":"0","EP_7CH_R_STATUS":"0","EP_7CH_S_EFT_WATAGE":"0","EP_7CH_S_5MIN_WATAGE":"0","EP_7CH_S_ACT_WATAGE":"0","EP_7CH_S_STATUS":"0","EP_7CH_T_EFT_WATAGE":"0","EP_7CH_T_5MIN_WATAGE":"0","EP_7CH_T_ACT_WATAGE":"0","EP_7CH_T_STATUS":"0","EP_8CH_R_EFT_WATAGE":"0","EP_8CH_R_5MIN_WATAGE":"0","EP_8CH_R_ACT_WATAGE":"0","EP_8CH_R_STATUS":"0","EP_8CH_S_EFT_WATAGE":"0","EP_8CH_S_5MIN_WATAGE":"0","EP_8CH_S_ACT_WATAGE":"0","EP_8CH_S_STATUS":"0","EP_8CH_T_EFT_WATAGE":"0","EP_8CH_T_5MIN_WATAGE":"0","EP_8CH_T_ACT_WATAGE":"0","EP_8CH_T_STATUS":"0"},"TEMON":[{"PORT_NO":"1","SENS_TEMP":"2643"},{"PORT_NO":"2","SENS_TEMP":"-9999"},{"PORT_NO":"3","SENS_TEMP":"-9999"},{"PORT_NO":"4","SENS_TEMP":"-9999"},{"PORT_NO":"5","SENS_TEMP":"-9999"},{"PORT_NO":"6","SENS_TEMP":"-9999"},{"PORT_NO":"7","SENS_TEMP":"-9999"},{"PORT_NO":"8","SENS_TEMP":"-9999"},{"PORT_NO":"9","SENS_TEMP":"-9999"},{"PORT_NO":"10","SENS_TEMP":"-9999"},{"PORT_NO":"11","SENS_TEMP":"-9999"},{"PORT_NO":"12","SENS_TEMP":"-9999"},{"PORT_NO":"13","SENS_TEMP":"-9999"},{"PORT_NO":"14","SENS_TEMP":"-9999"},{"PORT_NO":"15","SENS_TEMP":"-9999"},{"PORT_NO":"16","SENS_TEMP":"-9999"}],"SIGN_STAT_CD":"0","ALMON":[{"PORT_NO":"1","SENS_TEMP":"1"},{"PORT_NO":"2","SENS_TEMP":"0"},{"PORT_NO":"3","SENS_TEMP":"0"},{"PORT_NO":"4","SENS_TEMP":"0"}],"HACON":[{"HACON_STAT_CD":"0","SENSE_TEMP":"3327","SENSE_HUMID":"0"},{"HACON_STAT_CD":"0","SENSE_TEMP":"-9999","SENSE_HUMID":"0"},{"HACON_STAT_CD":"0","SENSE_TEMP":"-9999","SENSE_HUMID":"0"},{"HACON_STAT_CD":"0","SENSE_TEMP":"-9999","SENSE_HUMID":"0"},{"HACON_STAT_CD":"0","SENSE_TEMP":"-9999","SENSE_HUMID":"0"}],"TSENSOR":[{"T_SENSOR_STAT_CD":"0","T_SENSOR_SENSE_TEMP":"2422","T_SENSOR_SENSE_HUMID":"2234"},{"T_SENSOR_STAT_CD":"0","T_SENSOR_SENSE_TEMP":"-9999","T_SENSOR_SENSE_HUMID":"-9999"},{"T_SENSOR_STAT_CD":"0","T_SENSOR_SENSE_TEMP":"-9999","T_SENSOR_SENSE_HUMID":"-9999"},{"T_SENSOR_STAT_CD":"0","T_SENSOR_SENSE_TEMP":"-9999","T_SENSOR_SENSE_HUMID":"-9999"},{"T_SENSOR_STAT_CD":"0","T_SENSOR_SENSE_TEMP":"-9999","T_SENSOR_SENSE_HUMID":"-9999"}],"BLE_CNT":"0","BLE":[{"BLE_GUBUN":"0","BLE_SENSE_TEMP":"-9999","BLE_SENSE_HUMID":"-9999","BLE_BATTERY":"0"},{"BLE_GUBUN":"0","BLE_SENSE_TEMP":"-9999","BLE_SENSE_HUMID":"-9999","BLE_BATTERY":"0"},{"BLE_GUBUN":"0","BLE_SENSE_TEMP":"-9999","BLE_SENSE_HUMID":"-9999","BLE_BATTERY":"0"},{"BLE_GUBUN":"0","BLE_SENSE_TEMP":"-9999","BLE_SENSE_HUMID":"-9999","BLE_BATTERY":"0"},{"BLE_GUBUN":"0","BLE_SENSE_TEMP":"-9999","BLE_SENSE_HUMID":"-9999","BLE_BATTERY":"0"},{"BLE_GUBUN":"0","BLE_SENSE_TEMP":"-9999","BLE_SENSE_HUMID":"-9999","BLE_BATTERY":"0"},{"BLE_GUBUN":"0","BLE_SENSE_TEMP":"-9999","BLE_SENSE_HUMID":"-9999","BLE_BATTERY":"0"},{"BLE_GUBUN":"0","BLE_SENSE_TEMP":"-9999","BLE_SENSE_HUMID":"-9999","BLE_BATTERY":"0"},{"BLE_GUBUN":"0","BLE_SENSE_TEMP":"-9999","BLE_SENSE_HUMID":"-9999","BLE_BATTERY":"0"},{"BLE_GUBUN":"0","BLE_SENSE_TEMP":"-9999","BLE_SENSE_HUMID":"-9999","BLE_BATTERY":"0"}],"HUB_CNT":"0","HUB":[{"ADDR":"0","FW_VER":"0","TYPE":"0","MODEL":"0","CAPACITY":"0","ALARM_MASK1":"0","ALARM_MASK2":"0","ALARM_MASK3":"0","ALARM_MASK4":"0","ALARM_MASK5":"0","ALARM_MASK6":"0","ALARM_MASK7":"0","ALARM_MASK8":"0","ALARM_SP1":"0","ALARM_SP2":"0","ALARM_SP3":"0","ALARM_SP4":"0","ALARM_SP5":"0","ALARM_SP6":"0","ALARM_SP7":"0","ALARM_SP8":"0","ERR_CD":"0","OPER_MODE":"0","SENS_TEMP":"0","SENS_TEMP_CONF":"0","SENS_TEMP_OUT":"0","MAX_TEMP_ALARM_YN":"0","MAX_TEMP":"0","MIN_TEMP_ALARM_YN":"0","MIN_TEMP":"0","DEFROST_SENS_TEMP":"0","DEFW_OWNER":"0","DEFROST_TEMP_CONF":"0","DEFROST_TERM":"0","DEFROST_DELAY":"0","DEWATER_DELAY":"0"},{"ADDR":"0","FW_VER":"0","TYPE":"0","MODEL":"0","CAPACITY":"0","ALARM_MASK1":"0","ALARM_MASK2":"0","ALARM_MASK3":"0","ALARM_MASK4":"0","ALARM_MASK5":"0","ALARM_MASK6":"0","ALARM_MASK7":"0","ALARM_MASK8":"0","ALARM_SP1":"0","ALARM_SP2":"0","ALARM_SP3":"0","ALARM_SP4":"0","ALARM_SP5":"0","ALARM_SP6":"0","ALARM_SP7":"0","ALARM_SP8":"0","ERR_CD":"0","OPER_MODE":"0","SENS_TEMP":"0","SENS_TEMP_CONF":"0","SENS_TEMP_OUT":"0","MAX_TEMP_ALARM_YN":"0","MAX_TEMP":"0","MIN_TEMP_ALARM_YN":"0","MIN_TEMP":"0","DEFROST_SENS_TEMP":"0","DEFW_OWNER":"0","DEFROST_TEMP_CONF":"0","DEFROST_TERM":"0","DEFROST_DELAY":"0","DEWATER_DELAY":"0"},{"ADDR":"0","FW_VER":"0","TYPE":"0","MODEL":"0","CAPACITY":"0","ALARM_MASK1":"0","ALARM_MASK2":"0","ALARM_MASK3":"0","ALARM_MASK4":"0","ALARM_MASK5":"0","ALARM_MASK6":"0","ALARM_MASK7":"0","ALARM_MASK8":"0","ALARM_SP1":"0","ALARM_SP2":"0","ALARM_SP3":"0","ALARM_SP4":"0","ALARM_SP5":"0","ALARM_SP6":"0","ALARM_SP7":"0","ALARM_SP8":"0","ERR_CD":"0","OPER_MODE":"0","SENS_TEMP":"0","SENS_TEMP_CONF":"0","SENS_TEMP_OUT":"0","MAX_TEMP_ALARM_YN":"0","MAX_TEMP":"0","MIN_TEMP_ALARM_YN":"0","MIN_TEMP":"0","DEFROST_SENS_TEMP":"0","DEFW_OWNER":"0","DEFROST_TEMP_CONF":"0","DEFROST_TERM":"0","DEFROST_DELAY":"0","DEWATER_DELAY":"0"},{"ADDR":"0","FW_VER":"0","TYPE":"0","MODEL":"0","CAPACITY":"0","ALARM_MASK1":"0","ALARM_MASK2":"0","ALARM_MASK3":"0","ALARM_MASK4":"0","ALARM_MASK5":"0","ALARM_MASK6":"0","ALARM_MASK7":"0","ALARM_MASK8":"0","ALARM_SP1":"0","ALARM_SP2":"0","ALARM_SP3":"0","ALARM_SP4":"0","ALARM_SP5":"0","ALARM_SP6":"0","ALARM_SP7":"0","ALARM_SP8":"0","ERR_CD":"0","OPER_MODE":"0","SENS_TEMP":"0","SENS_TEMP_CONF":"0","SENS_TEMP_OUT":"0","MAX_TEMP_ALARM_YN":"0","MAX_TEMP":"0","MIN_TEMP_ALARM_YN":"0","MIN_TEMP":"0","DEFROST_SENS_TEMP":"0","DEFW_OWNER":"0","DEFROST_TEMP_CONF":"0","DEFROST_TERM":"0","DEFROST_DELAY":"0","DEWATER_DELAY":"0"},{"ADDR":"0","FW_VER":"0","TYPE":"0","MODEL":"0","CAPACITY":"0","ALARM_MASK1":"0","ALARM_MASK2":"0","ALARM_MASK3":"0","ALARM_MASK4":"0","ALARM_MASK5":"0","ALARM_MASK6":"0","ALARM_MASK7":"0","ALARM_MASK8":"0","ALARM_SP1":"0","ALARM_SP2":"0","ALARM_SP3":"0","ALARM_SP4":"0","ALARM_SP5":"0","ALARM_SP6":"0","ALARM_SP7":"0","ALARM_SP8":"0","ERR_CD":"0","OPER_MODE":"0","SENS_TEMP":"0","SENS_TEMP_CONF":"0","SENS_TEMP_OUT":"0","MAX_TEMP_ALARM_YN":"0","MAX_TEMP":"0","MIN_TEMP_ALARM_YN":"0","MIN_TEMP":"0","DEFROST_SENS_TEMP":"0","DEFW_OWNER":"0","DEFROST_TEMP_CONF":"0","DEFROST_TERM":"0","DEFROST_DELAY":"0","DEWATER_DELAY":"0"},{"ADDR":"0","FW_VER":"0","TYPE":"0","MODEL":"0","CAPACITY":"0","ALARM_MASK1":"0","ALARM_MASK2":"0","ALARM_MASK3":"0","ALARM_MASK4":"0","ALARM_MASK5":"0","ALARM_MASK6":"0","ALARM_MASK7":"0","ALARM_MASK8":"0","ALARM_SP1":"0","ALARM_SP2":"0","ALARM_SP3":"0","ALARM_SP4":"0","ALARM_SP5":"0","ALARM_SP6":"0","ALARM_SP7":"0","ALARM_SP8":"0","ERR_CD":"0","OPER_MODE":"0","SENS_TEMP":"0","SENS_TEMP_CONF":"0","SENS_TEMP_OUT":"0","MAX_TEMP_ALARM_YN":"0","MAX_TEMP":"0","MIN_TEMP_ALARM_YN":"0","MIN_TEMP":"0","DEFROST_SENS_TEMP":"0","DEFW_OWNER":"0","DEFROST_TEMP_CONF":"0","DEFROST_TERM":"0","DEFROST_DELAY":"0","DEWATER_DELAY":"0"},{"ADDR":"0","FW_VER":"0","TYPE":"0","MODEL":"0","CAPACITY":"0","ALARM_MASK1":"0","ALARM_MASK2":"0","ALARM_MASK3":"0","ALARM_MASK4":"0","ALARM_MASK5":"0","ALARM_MASK6":"0","ALARM_MASK7":"0","ALARM_MASK8":"0","ALARM_SP1":"0","ALARM_SP2":"0","ALARM_SP3":"0","ALARM_SP4":"0","ALARM_SP5":"0","ALARM_SP6":"0","ALARM_SP7":"0","ALARM_SP8":"0","ERR_CD":"0","OPER_MODE":"0","SENS_TEMP":"0","SENS_TEMP_CONF":"0","SENS_TEMP_OUT":"0","MAX_TEMP_ALARM_YN":"0","MAX_TEMP":"0","MIN_TEMP_ALARM_YN":"0","MIN_TEMP":"0","DEFROST_SENS_TEMP":"0","DEFW_OWNER":"0","DEFROST_TEMP_CONF":"0","DEFROST_TERM":"0","DEFROST_DELAY":"0","DEWATER_DELAY":"0"},{"ADDR":"0","FW_VER":"0","TYPE":"0","MODEL":"0","CAPACITY":"0","ALARM_MASK1":"0","ALARM_MASK2":"0","ALARM_MASK3":"0","ALARM_MASK4":"0","ALARM_MASK5":"0","ALARM_MASK6":"0","ALARM_MASK7":"0","ALARM_MASK8":"0","ALARM_SP1":"0","ALARM_SP2":"0","ALARM_SP3":"0","ALARM_SP4":"0","ALARM_SP5":"0","ALARM_SP6":"0","ALARM_SP7":"0","ALARM_SP8":"0","ERR_CD":"0","OPER_MODE":"0","SENS_TEMP":"0","SENS_TEMP_CONF":"0","SENS_TEMP_OUT":"0","MAX_TEMP_ALARM_YN":"0","MAX_TEMP":"0","MIN_TEMP_ALARM_YN":"0","MIN_TEMP":"0","DEFROST_SENS_TEMP":"0","DEFW_OWNER":"0","DEFROST_TEMP_CONF":"0","DEFROST_TERM":"0","DEFROST_DELAY":"0","DEWATER_DELAY":"0"}]}
17-04-24 12:09:20,103 ClientHandlerThread INFO  Write data : 02 00 04 02 01 76 43 03 
17-04-24 12:09:20,104 ClientHandlerThread INFO  Writed data length : 8
17-04-24 12:09:22,337 ClientHandlerThread INFO  read length : 46
17-04-24 12:09:22,338 ClientHandlerThread DEBUG STX=02
17-04-24 12:09:22,339 ClientHandlerThread DEBUG ETX=03
17-04-24 12:09:22,339 ClientHandlerThread DEBUG LEN=2a
17-04-24 12:09:22,339 ClientHandlerThread DEBUG DATA CRC=-14369
17-04-24 12:09:22,340 ClientHandlerThread DEBUG CHEC CRC=-14369
17-04-24 12:09:22,341 ClientHandlerThread DEBUG CMD=0a
17-04-24 12:09:22,341 ClientHandlerThread INFO  냉난방 온도제어결과 수신
17-04-24 12:09:22,342 ClientHandlerThread INFO  RESULT=1
17-04-24 12:09:22,342 ClientHandlerThread INFO  STR CD=01
17-04-24 12:09:22,343 ClientHandlerThread INFO  GW ID=1
17-04-24 12:09:27,910 ClientHandlerThread INFO  Connected client size : 0
17-04-24 12:09:27,911 ClientHandlerThread INFO  Client is closed
