17-04-24 14:46:45,071 ClientHandlerThread INFO  Client is started
17-04-24 14:46:45,113 ClientHandlerThread INFO  read length : 50
17-04-24 14:46:45,116 ClientHandlerThread DEBUG STX=02
17-04-24 14:46:45,116 ClientHandlerThread DEBUG ETX=03
17-04-24 14:46:45,117 ClientHandlerThread DEBUG LEN=2e
17-04-24 14:46:45,118 ClientHandlerThread DEBUG DATA CRC=17306
17-04-24 14:46:45,118 ClientHandlerThread DEBUG CHEC CRC=17306
17-04-24 14:46:45,119 ClientHandlerThread DEBUG CMD=01
17-04-24 14:46:45,120 ClientHandlerThread INFO  Client 접속 정보 수신
17-04-24 14:46:45,123 ClientHandlerThread INFO  Version=1.0
17-04-24 14:46:45,123 ClientHandlerThread INFO  IP=192.168.10.26
17-04-24 14:46:45,124 ClientHandlerThread INFO  MAC=B8-27-EB-F5-43-E4
17-04-24 14:46:45,124 ClientHandlerThread INFO  STR CD=01
17-04-24 14:46:45,125 ClientHandlerThread INFO  GW ID=1
17-04-24 14:46:45,405 ClientHandlerThread INFO  Client 접속 정보 수신 결과 전송
17-04-24 14:46:45,408 ClientHandlerThread INFO  Write data : 02 00 4c 01 01 30 31 00 00 00 00 00 00 00 00 00 00 00 00 00 00 00 00 00 00 00 01 06 0f 10 14 00 00 65 90 00 01 01 01 01 03 03 02 02 03 03 01 01 18 18 17 16 16 16 16 16 17 18 19 19 00 00 00 00 00 00 00 00 00 00 00 00 00 00 00 00 00 2d 50 03 
17-04-24 14:46:45,409 ClientHandlerThread INFO  Writed data length : 80
17-04-24 14:47:18,887 ClientHandlerThread INFO  read length : 7
17-04-24 14:47:18,887 ClientHandlerThread DEBUG STX=02
17-04-24 14:47:18,888 ClientHandlerThread DEBUG ETX=03
17-04-24 14:47:18,888 ClientHandlerThread DEBUG LEN=3
17-04-24 14:47:18,888 ClientHandlerThread DEBUG DATA CRC=0
17-04-24 14:47:18,889 ClientHandlerThread DEBUG CHEC CRC=0
17-04-24 14:47:18,889 ClientHandlerThread DEBUG CMD=00
17-04-24 14:47:18,890 ClientHandlerThread INFO  Echo 수신
17-04-24 14:47:18,891 ClientHandlerThread INFO  Write data : 02 00 03 00 00 00 03 
17-04-24 14:47:18,891 ClientHandlerThread INFO  Writed data length : 7
17-04-24 14:47:53,883 ClientHandlerThread INFO  read length : 7
17-04-24 14:47:53,884 ClientHandlerThread DEBUG STX=02
17-04-24 14:47:53,884 ClientHandlerThread DEBUG ETX=03
17-04-24 14:47:53,884 ClientHandlerThread DEBUG LEN=3
17-04-24 14:47:53,885 ClientHandlerThread DEBUG DATA CRC=0
17-04-24 14:47:53,886 ClientHandlerThread DEBUG CHEC CRC=0
17-04-24 14:47:53,886 ClientHandlerThread DEBUG CMD=00
17-04-24 14:47:53,886 ClientHandlerThread INFO  Echo 수신
17-04-24 14:47:53,888 ClientHandlerThread INFO  Write data : 02 00 03 00 00 00 03 
17-04-24 14:47:53,888 ClientHandlerThread INFO  Writed data length : 7
17-04-24 14:48:28,882 ClientHandlerThread INFO  read length : 7
17-04-24 14:48:28,883 ClientHandlerThread DEBUG STX=02
17-04-24 14:48:28,883 ClientHandlerThread DEBUG ETX=03
17-04-24 14:48:28,884 ClientHandlerThread DEBUG LEN=3
17-04-24 14:48:28,884 ClientHandlerThread DEBUG DATA CRC=0
17-04-24 14:48:28,884 ClientHandlerThread DEBUG CHEC CRC=0
17-04-24 14:48:28,885 ClientHandlerThread DEBUG CMD=00
17-04-24 14:48:28,885 ClientHandlerThread INFO  Echo 수신
17-04-24 14:48:28,886 ClientHandlerThread INFO  Write data : 02 00 03 00 00 00 03 
17-04-24 14:48:28,887 ClientHandlerThread INFO  Writed data length : 7
17-04-24 14:49:03,881 ClientHandlerThread INFO  read length : 7
17-04-24 14:49:03,882 ClientHandlerThread DEBUG STX=02
17-04-24 14:49:03,882 ClientHandlerThread DEBUG ETX=03
17-04-24 14:49:03,883 ClientHandlerThread DEBUG LEN=3
17-04-24 14:49:03,883 ClientHandlerThread DEBUG DATA CRC=0
17-04-24 14:49:03,883 ClientHandlerThread DEBUG CHEC CRC=0
17-04-24 14:49:03,884 ClientHandlerThread DEBUG CMD=00
17-04-24 14:49:03,884 ClientHandlerThread INFO  Echo 수신
17-04-24 14:49:03,885 ClientHandlerThread INFO  Write data : 02 00 03 00 00 00 03 
17-04-24 14:49:03,886 ClientHandlerThread INFO  Writed data length : 7
17-04-24 14:49:19,911 ClientHandlerThread INFO  read length : 701
17-04-24 14:49:19,912 ClientHandlerThread DEBUG STX=02
17-04-24 14:49:19,912 ClientHandlerThread DEBUG ETX=03
17-04-24 14:49:19,912 ClientHandlerThread DEBUG LEN=2b9
17-04-24 14:49:19,913 ClientHandlerThread DEBUG DATA CRC=30882
17-04-24 14:49:19,913 ClientHandlerThread DEBUG CHEC CRC=30882
17-04-24 14:49:19,914 ClientHandlerThread DEBUG CMD=02
17-04-24 14:49:19,914 ClientHandlerThread INFO  Data 수신
17-04-24 14:49:19,915 ClientHandlerThread INFO  통신상태=0
17-04-24 14:49:19,916 ClientHandlerThread INFO  STR CD=01
17-04-24 14:49:19,917 ClientHandlerThread INFO  GW ID=1
17-04-24 14:49:20,024 ClientHandlerThread DEBUG {"STR_CD":"01","REGI_ID":"01","YYYYMMDD":"20170424","HHMIN":"1450","PMC":{"EP_1CH_EFT_WATAGE":"3452","EP_1CH_5MIN_WATAGE":"0","EP_1CH_ACT_WATAGE":"0","EP_1CH_STATUS":"0","EP_2CH_EFT_WATAGE":"3","EP_2CH_5MIN_WATAGE":"0","EP_2CH_ACT_WATAGE":"0","EP_2CH_STATUS":"0","EP_3CH_EFT_WATAGE":"0","EP_3CH_5MIN_WATAGE":"0","EP_3CH_ACT_WATAGE":"0","EP_3CH_STATUS":"0","EP_4CH_EFT_WATAGE":"17","EP_4CH_5MIN_WATAGE":"0","EP_4CH_ACT_WATAGE":"0","EP_4CH_STATUS":"0","EP_5CH_EFT_WATAGE":"0","EP_5CH_5MIN_WATAGE":"0","EP_5CH_ACT_WATAGE":"0","EP_5CH_STATUS":"0","EP_6CH_EFT_WATAGE":"0","EP_6CH_5MIN_WATAGE":"0","EP_6CH_ACT_WATAGE":"0","EP_6CH_STATUS":"0","EP_7CH_R_EFT_WATAGE":"0","EP_7CH_R_5MIN_WATAGE":"0","EP_7CH_R_ACT_WATAGE":"0","EP_7CH_R_STATUS":"0","EP_7CH_S_EFT_WATAGE":"0","EP_7CH_S_5MIN_WATAGE":"0","EP_7CH_S_ACT_WATAGE":"0","EP_7CH_S_STATUS":"0","EP_7CH_T_EFT_WATAGE":"0","EP_7CH_T_5MIN_WATAGE":"0","EP_7CH_T_ACT_WATAGE":"0","EP_7CH_T_STATUS":"0","EP_8CH_R_EFT_WATAGE":"0","EP_8CH_R_5MIN_WATAGE":"0","EP_8CH_R_ACT_WATAGE":"0","EP_8CH_R_STATUS":"0","EP_8CH_S_EFT_WATAGE":"0","EP_8CH_S_5MIN_WATAGE":"0","EP_8CH_S_ACT_WATAGE":"0","EP_8CH_S_STATUS":"0","EP_8CH_T_EFT_WATAGE":"0","EP_8CH_T_5MIN_WATAGE":"0","EP_8CH_T_ACT_WATAGE":"0","EP_8CH_T_STATUS":"0"},"TEMON":[{"PORT_NO":"1","SENS_TEMP":"2773"},{"PORT_NO":"2","SENS_TEMP":"-9999"},{"PORT_NO":"3","SENS_TEMP":"-9999"},{"PORT_NO":"4","SENS_TEMP":"-9999"},{"PORT_NO":"5","SENS_TEMP":"-9999"},{"PORT_NO":"6","SENS_TEMP":"-9999"},{"PORT_NO":"7","SENS_TEMP":"-9999"},{"PORT_NO":"8","SENS_TEMP":"-9999"},{"PORT_NO":"9","SENS_TEMP":"-9999"},{"PORT_NO":"10","SENS_TEMP":"-9999"},{"PORT_NO":"11","SENS_TEMP":"-9999"},{"PORT_NO":"12","SENS_TEMP":"-9999"},{"PORT_NO":"13","SENS_TEMP":"-9999"},{"PORT_NO":"14","SENS_TEMP":"-9999"},{"PORT_NO":"15","SENS_TEMP":"-9999"},{"PORT_NO":"16","SENS_TEMP":"-9999"}],"SIGN_STAT_CD":"0","ALMON":[{"PORT_NO":"1","SENS_TEMP":"1"},{"PORT_NO":"2","SENS_TEMP":"0"},{"PORT_NO":"3","SENS_TEMP":"0"},{"PORT_NO":"4","SENS_TEMP":"0"}],"HACON":[{"HACON_STAT_CD":"0","SENSE_TEMP":"3290","SENSE_HUMID":"0"},{"HACON_STAT_CD":"0","SENSE_TEMP":"-9999","SENSE_HUMID":"0"},{"HACON_STAT_CD":"0","SENSE_TEMP":"-9999","SENSE_HUMID":"0"},{"HACON_STAT_CD":"0","SENSE_TEMP":"-9999","SENSE_HUMID":"0"},{"HACON_STAT_CD":"0","SENSE_TEMP":"-9999","SENSE_HUMID":"0"}],"TSENSOR":[{"T_SENSOR_STAT_CD":"0","T_SENSOR_SENSE_TEMP":"2496","T_SENSOR_SENSE_HUMID":"2244"},{"T_SENSOR_STAT_CD":"0","T_SENSOR_SENSE_TEMP":"-9999","T_SENSOR_SENSE_HUMID":"-9999"},{"T_SENSOR_STAT_CD":"0","T_SENSOR_SENSE_TEMP":"-9999","T_SENSOR_SENSE_HUMID":"-9999"},{"T_SENSOR_STAT_CD":"0","T_SENSOR_SENSE_TEMP":"-9999","T_SENSOR_SENSE_HUMID":"-9999"},{"T_SENSOR_STAT_CD":"0","T_SENSOR_SENSE_TEMP":"-9999","T_SENSOR_SENSE_HUMID":"-9999"}],"BLE_CNT":"0","BLE":[{"BLE_GUBUN":"0","BLE_SENSE_TEMP":"-9999","BLE_SENSE_HUMID":"-9999","BLE_BATTERY":"0"},{"BLE_GUBUN":"0","BLE_SENSE_TEMP":"-9999","BLE_SENSE_HUMID":"-9999","BLE_BATTERY":"0"},{"BLE_GUBUN":"0","BLE_SENSE_TEMP":"-9999","BLE_SENSE_HUMID":"-9999","BLE_BATTERY":"0"},{"BLE_GUBUN":"0","BLE_SENSE_TEMP":"-9999","BLE_SENSE_HUMID":"-9999","BLE_BATTERY":"0"},{"BLE_GUBUN":"0","BLE_SENSE_TEMP":"-9999","BLE_SENSE_HUMID":"-9999","BLE_BATTERY":"0"},{"BLE_GUBUN":"0","BLE_SENSE_TEMP":"-9999","BLE_SENSE_HUMID":"-9999","BLE_BATTERY":"0"},{"BLE_GUBUN":"0","BLE_SENSE_TEMP":"-9999","BLE_SENSE_HUMID":"-9999","BLE_BATTERY":"0"},{"BLE_GUBUN":"0","BLE_SENSE_TEMP":"-9999","BLE_SENSE_HUMID":"-9999","BLE_BATTERY":"0"},{"BLE_GUBUN":"0","BLE_SENSE_TEMP":"-9999","BLE_SENSE_HUMID":"-9999","BLE_BATTERY":"0"},{"BLE_GUBUN":"0","BLE_SENSE_TEMP":"-9999","BLE_SENSE_HUMID":"-9999","BLE_BATTERY":"0"}],"HUB_CNT":"0","HUB":[{"ADDR":"0","FW_VER":"0","TYPE":"0","MODEL":"0","CAPACITY":"0","ALARM_MASK1":"0","ALARM_MASK2":"0","ALARM_MASK3":"0","ALARM_MASK4":"0","ALARM_MASK5":"0","ALARM_MASK6":"0","ALARM_MASK7":"0","ALARM_MASK8":"0","ALARM_SP1":"0","ALARM_SP2":"0","ALARM_SP3":"0","ALARM_SP4":"0","ALARM_SP5":"0","ALARM_SP6":"0","ALARM_SP7":"0","ALARM_SP8":"0","ERR_CD":"0","OPER_MODE":"0","SENS_TEMP":"0","SENS_TEMP_CONF":"0","SENS_TEMP_OUT":"0","MAX_TEMP_ALARM_YN":"0","MAX_TEMP":"0","MIN_TEMP_ALARM_YN":"0","MIN_TEMP":"0","DEFROST_SENS_TEMP":"0","DEFW_OWNER":"0","DEFROST_TEMP_CONF":"0","DEFROST_TERM":"0","DEFROST_DELAY":"0","DEWATER_DELAY":"0"},{"ADDR":"0","FW_VER":"0","TYPE":"0","MODEL":"0","CAPACITY":"0","ALARM_MASK1":"0","ALARM_MASK2":"0","ALARM_MASK3":"0","ALARM_MASK4":"0","ALARM_MASK5":"0","ALARM_MASK6":"0","ALARM_MASK7":"0","ALARM_MASK8":"0","ALARM_SP1":"0","ALARM_SP2":"0","ALARM_SP3":"0","ALARM_SP4":"0","ALARM_SP5":"0","ALARM_SP6":"0","ALARM_SP7":"0","ALARM_SP8":"0","ERR_CD":"0","OPER_MODE":"0","SENS_TEMP":"0","SENS_TEMP_CONF":"0","SENS_TEMP_OUT":"0","MAX_TEMP_ALARM_YN":"0","MAX_TEMP":"0","MIN_TEMP_ALARM_YN":"0","MIN_TEMP":"0","DEFROST_SENS_TEMP":"0","DEFW_OWNER":"0","DEFROST_TEMP_CONF":"0","DEFROST_TERM":"0","DEFROST_DELAY":"0","DEWATER_DELAY":"0"},{"ADDR":"0","FW_VER":"0","TYPE":"0","MODEL":"0","CAPACITY":"0","ALARM_MASK1":"0","ALARM_MASK2":"0","ALARM_MASK3":"0","ALARM_MASK4":"0","ALARM_MASK5":"0","ALARM_MASK6":"0","ALARM_MASK7":"0","ALARM_MASK8":"0","ALARM_SP1":"0","ALARM_SP2":"0","ALARM_SP3":"0","ALARM_SP4":"0","ALARM_SP5":"0","ALARM_SP6":"0","ALARM_SP7":"0","ALARM_SP8":"0","ERR_CD":"0","OPER_MODE":"0","SENS_TEMP":"0","SENS_TEMP_CONF":"0","SENS_TEMP_OUT":"0","MAX_TEMP_ALARM_YN":"0","MAX_TEMP":"0","MIN_TEMP_ALARM_YN":"0","MIN_TEMP":"0","DEFROST_SENS_TEMP":"0","DEFW_OWNER":"0","DEFROST_TEMP_CONF":"0","DEFROST_TERM":"0","DEFROST_DELAY":"0","DEWATER_DELAY":"0"},{"ADDR":"0","FW_VER":"0","TYPE":"0","MODEL":"0","CAPACITY":"0","ALARM_MASK1":"0","ALARM_MASK2":"0","ALARM_MASK3":"0","ALARM_MASK4":"0","ALARM_MASK5":"0","ALARM_MASK6":"0","ALARM_MASK7":"0","ALARM_MASK8":"0","ALARM_SP1":"0","ALARM_SP2":"0","ALARM_SP3":"0","ALARM_SP4":"0","ALARM_SP5":"0","ALARM_SP6":"0","ALARM_SP7":"0","ALARM_SP8":"0","ERR_CD":"0","OPER_MODE":"0","SENS_TEMP":"0","SENS_TEMP_CONF":"0","SENS_TEMP_OUT":"0","MAX_TEMP_ALARM_YN":"0","MAX_TEMP":"0","MIN_TEMP_ALARM_YN":"0","MIN_TEMP":"0","DEFROST_SENS_TEMP":"0","DEFW_OWNER":"0","DEFROST_TEMP_CONF":"0","DEFROST_TERM":"0","DEFROST_DELAY":"0","DEWATER_DELAY":"0"},{"ADDR":"0","FW_VER":"0","TYPE":"0","MODEL":"0","CAPACITY":"0","ALARM_MASK1":"0","ALARM_MASK2":"0","ALARM_MASK3":"0","ALARM_MASK4":"0","ALARM_MASK5":"0","ALARM_MASK6":"0","ALARM_MASK7":"0","ALARM_MASK8":"0","ALARM_SP1":"0","ALARM_SP2":"0","ALARM_SP3":"0","ALARM_SP4":"0","ALARM_SP5":"0","ALARM_SP6":"0","ALARM_SP7":"0","ALARM_SP8":"0","ERR_CD":"0","OPER_MODE":"0","SENS_TEMP":"0","SENS_TEMP_CONF":"0","SENS_TEMP_OUT":"0","MAX_TEMP_ALARM_YN":"0","MAX_TEMP":"0","MIN_TEMP_ALARM_YN":"0","MIN_TEMP":"0","DEFROST_SENS_TEMP":"0","DEFW_OWNER":"0","DEFROST_TEMP_CONF":"0","DEFROST_TERM":"0","DEFROST_DELAY":"0","DEWATER_DELAY":"0"},{"ADDR":"0","FW_VER":"0","TYPE":"0","MODEL":"0","CAPACITY":"0","ALARM_MASK1":"0","ALARM_MASK2":"0","ALARM_MASK3":"0","ALARM_MASK4":"0","ALARM_MASK5":"0","ALARM_MASK6":"0","ALARM_MASK7":"0","ALARM_MASK8":"0","ALARM_SP1":"0","ALARM_SP2":"0","ALARM_SP3":"0","ALARM_SP4":"0","ALARM_SP5":"0","ALARM_SP6":"0","ALARM_SP7":"0","ALARM_SP8":"0","ERR_CD":"0","OPER_MODE":"0","SENS_TEMP":"0","SENS_TEMP_CONF":"0","SENS_TEMP_OUT":"0","MAX_TEMP_ALARM_YN":"0","MAX_TEMP":"0","MIN_TEMP_ALARM_YN":"0","MIN_TEMP":"0","DEFROST_SENS_TEMP":"0","DEFW_OWNER":"0","DEFROST_TEMP_CONF":"0","DEFROST_TERM":"0","DEFROST_DELAY":"0","DEWATER_DELAY":"0"},{"ADDR":"0","FW_VER":"0","TYPE":"0","MODEL":"0","CAPACITY":"0","ALARM_MASK1":"0","ALARM_MASK2":"0","ALARM_MASK3":"0","ALARM_MASK4":"0","ALARM_MASK5":"0","ALARM_MASK6":"0","ALARM_MASK7":"0","ALARM_MASK8":"0","ALARM_SP1":"0","ALARM_SP2":"0","ALARM_SP3":"0","ALARM_SP4":"0","ALARM_SP5":"0","ALARM_SP6":"0","ALARM_SP7":"0","ALARM_SP8":"0","ERR_CD":"0","OPER_MODE":"0","SENS_TEMP":"0","SENS_TEMP_CONF":"0","SENS_TEMP_OUT":"0","MAX_TEMP_ALARM_YN":"0","MAX_TEMP":"0","MIN_TEMP_ALARM_YN":"0","MIN_TEMP":"0","DEFROST_SENS_TEMP":"0","DEFW_OWNER":"0","DEFROST_TEMP_CONF":"0","DEFROST_TERM":"0","DEFROST_DELAY":"0","DEWATER_DELAY":"0"},{"ADDR":"0","FW_VER":"0","TYPE":"0","MODEL":"0","CAPACITY":"0","ALARM_MASK1":"0","ALARM_MASK2":"0","ALARM_MASK3":"0","ALARM_MASK4":"0","ALARM_MASK5":"0","ALARM_MASK6":"0","ALARM_MASK7":"0","ALARM_MASK8":"0","ALARM_SP1":"0","ALARM_SP2":"0","ALARM_SP3":"0","ALARM_SP4":"0","ALARM_SP5":"0","ALARM_SP6":"0","ALARM_SP7":"0","ALARM_SP8":"0","ERR_CD":"0","OPER_MODE":"0","SENS_TEMP":"0","SENS_TEMP_CONF":"0","SENS_TEMP_OUT":"0","MAX_TEMP_ALARM_YN":"0","MAX_TEMP":"0","MIN_TEMP_ALARM_YN":"0","MIN_TEMP":"0","DEFROST_SENS_TEMP":"0","DEFW_OWNER":"0","DEFROST_TEMP_CONF":"0","DEFROST_TERM":"0","DEFROST_DELAY":"0","DEWATER_DELAY":"0"}]}
17-04-24 14:49:20,036 ClientHandlerThread INFO  Write data : 02 00 04 02 01 76 43 03 
17-04-24 14:49:20,037 ClientHandlerThread INFO  Writed data length : 8
17-04-24 14:50:18,878 ClientHandlerThread INFO  read length : 7
17-04-24 14:50:18,879 ClientHandlerThread DEBUG STX=02
17-04-24 14:50:18,879 ClientHandlerThread DEBUG ETX=03
17-04-24 14:50:18,880 ClientHandlerThread DEBUG LEN=3
17-04-24 14:50:18,880 ClientHandlerThread DEBUG DATA CRC=0
17-04-24 14:50:18,881 ClientHandlerThread DEBUG CHEC CRC=0
17-04-24 14:50:18,881 ClientHandlerThread DEBUG CMD=00
17-04-24 14:50:18,882 ClientHandlerThread INFO  Echo 수신
17-04-24 14:50:18,883 ClientHandlerThread INFO  Write data : 02 00 03 00 00 00 03 
17-04-24 14:50:18,884 ClientHandlerThread INFO  Writed data length : 7
17-04-24 14:50:53,877 ClientHandlerThread INFO  read length : 7
17-04-24 14:50:53,877 ClientHandlerThread DEBUG STX=02
17-04-24 14:50:53,878 ClientHandlerThread DEBUG ETX=03
17-04-24 14:50:53,878 ClientHandlerThread DEBUG LEN=3
17-04-24 14:50:53,879 ClientHandlerThread DEBUG DATA CRC=0
17-04-24 14:50:53,879 ClientHandlerThread DEBUG CHEC CRC=0
17-04-24 14:50:53,879 ClientHandlerThread DEBUG CMD=00
17-04-24 14:50:53,880 ClientHandlerThread INFO  Echo 수신
17-04-24 14:50:53,881 ClientHandlerThread INFO  Write data : 02 00 03 00 00 00 03 
17-04-24 14:50:53,882 ClientHandlerThread INFO  Writed data length : 7
17-04-24 14:51:28,876 ClientHandlerThread INFO  read length : 7
17-04-24 14:51:28,877 ClientHandlerThread DEBUG STX=02
17-04-24 14:51:28,877 ClientHandlerThread DEBUG ETX=03
17-04-24 14:51:28,878 ClientHandlerThread DEBUG LEN=3
17-04-24 14:51:28,878 ClientHandlerThread DEBUG DATA CRC=0
17-04-24 14:51:28,878 ClientHandlerThread DEBUG CHEC CRC=0
17-04-24 14:51:28,879 ClientHandlerThread DEBUG CMD=00
17-04-24 14:51:28,879 ClientHandlerThread INFO  Echo 수신
17-04-24 14:51:28,881 ClientHandlerThread INFO  Write data : 02 00 03 00 00 00 03 
17-04-24 14:51:28,881 ClientHandlerThread INFO  Writed data length : 7
17-04-24 14:52:03,878 ClientHandlerThread INFO  read length : 7
17-04-24 14:52:03,878 ClientHandlerThread DEBUG STX=02
17-04-24 14:52:03,879 ClientHandlerThread DEBUG ETX=03
17-04-24 14:52:03,879 ClientHandlerThread DEBUG LEN=3
17-04-24 14:52:03,880 ClientHandlerThread DEBUG DATA CRC=0
17-04-24 14:52:03,880 ClientHandlerThread DEBUG CHEC CRC=0
17-04-24 14:52:03,880 ClientHandlerThread DEBUG CMD=00
17-04-24 14:52:03,881 ClientHandlerThread INFO  Echo 수신
17-04-24 14:52:03,882 ClientHandlerThread INFO  Write data : 02 00 03 00 00 00 03 
17-04-24 14:52:03,884 ClientHandlerThread INFO  Writed data length : 7
17-04-24 14:52:38,877 ClientHandlerThread INFO  read length : 7
17-04-24 14:52:38,878 ClientHandlerThread DEBUG STX=02
17-04-24 14:52:38,878 ClientHandlerThread DEBUG ETX=03
17-04-24 14:52:38,879 ClientHandlerThread DEBUG LEN=3
17-04-24 14:52:38,879 ClientHandlerThread DEBUG DATA CRC=0
17-04-24 14:52:38,880 ClientHandlerThread DEBUG CHEC CRC=0
17-04-24 14:52:38,880 ClientHandlerThread DEBUG CMD=00
17-04-24 14:52:38,881 ClientHandlerThread INFO  Echo 수신
17-04-24 14:52:38,882 ClientHandlerThread INFO  Write data : 02 00 03 00 00 00 03 
17-04-24 14:52:38,882 ClientHandlerThread INFO  Writed data length : 7
17-04-24 14:53:01,228 ClientHandlerThread INFO  Connected client size : 0
17-04-24 14:53:01,228 ClientHandlerThread INFO  Client is closed
