17-04-24 14:26:15,614 ClientHandlerThread INFO  Client is started
17-04-24 14:26:15,655 ClientHandlerThread INFO  read length : 50
17-04-24 14:26:15,657 ClientHandlerThread DEBUG STX=02
17-04-24 14:26:15,658 ClientHandlerThread DEBUG ETX=03
17-04-24 14:26:15,658 ClientHandlerThread DEBUG LEN=2e
17-04-24 14:26:15,659 ClientHandlerThread DEBUG DATA CRC=17306
17-04-24 14:26:15,660 ClientHandlerThread DEBUG CHEC CRC=17306
17-04-24 14:26:15,660 ClientHandlerThread DEBUG CMD=01
17-04-24 14:26:15,661 ClientHandlerThread INFO  Client 접속 정보 수신
17-04-24 14:26:15,664 ClientHandlerThread INFO  Version=1.0
17-04-24 14:26:15,664 ClientHandlerThread INFO  IP=192.168.10.26
17-04-24 14:26:15,665 ClientHandlerThread INFO  MAC=B8-27-EB-F5-43-E4
17-04-24 14:26:15,665 ClientHandlerThread INFO  STR CD=01
17-04-24 14:26:15,666 ClientHandlerThread INFO  GW ID=1
17-04-24 14:26:15,963 ClientHandlerThread INFO  Client 접속 정보 수신 결과 전송
17-04-24 14:26:15,966 ClientHandlerThread INFO  Write data : 02 00 4c 01 01 30 31 00 00 00 00 00 00 00 00 00 00 00 00 00 00 00 00 00 00 00 01 06 0f 10 14 00 00 65 90 00 01 01 01 01 03 03 02 02 03 03 01 01 18 18 17 16 16 16 16 16 17 18 19 19 00 00 00 00 00 00 00 00 00 00 00 00 00 00 00 00 00 2d 50 03 
17-04-24 14:26:15,967 ClientHandlerThread INFO  Writed data length : 80
17-04-24 14:26:48,900 ClientHandlerThread INFO  read length : 7
17-04-24 14:26:48,901 ClientHandlerThread DEBUG STX=02
17-04-24 14:26:48,901 ClientHandlerThread DEBUG ETX=03
17-04-24 14:26:48,902 ClientHandlerThread DEBUG LEN=3
17-04-24 14:26:48,902 ClientHandlerThread DEBUG DATA CRC=0
17-04-24 14:26:48,903 ClientHandlerThread DEBUG CHEC CRC=0
17-04-24 14:26:48,903 ClientHandlerThread DEBUG CMD=00
17-04-24 14:26:48,904 ClientHandlerThread INFO  Echo 수신
17-04-24 14:26:48,905 ClientHandlerThread INFO  Write data : 02 00 03 00 00 00 03 
17-04-24 14:26:48,907 ClientHandlerThread INFO  Writed data length : 7
17-04-24 14:27:23,901 ClientHandlerThread INFO  read length : 7
17-04-24 14:27:23,902 ClientHandlerThread DEBUG STX=02
17-04-24 14:27:23,902 ClientHandlerThread DEBUG ETX=03
17-04-24 14:27:23,903 ClientHandlerThread DEBUG LEN=3
17-04-24 14:27:23,903 ClientHandlerThread DEBUG DATA CRC=0
17-04-24 14:27:23,904 ClientHandlerThread DEBUG CHEC CRC=0
17-04-24 14:27:23,904 ClientHandlerThread DEBUG CMD=00
17-04-24 14:27:23,905 ClientHandlerThread INFO  Echo 수신
17-04-24 14:27:23,906 ClientHandlerThread INFO  Write data : 02 00 03 00 00 00 03 
17-04-24 14:27:23,907 ClientHandlerThread INFO  Writed data length : 7
17-04-24 14:27:58,899 ClientHandlerThread INFO  read length : 7
17-04-24 14:27:58,900 ClientHandlerThread DEBUG STX=02
17-04-24 14:27:58,900 ClientHandlerThread DEBUG ETX=03
17-04-24 14:27:58,901 ClientHandlerThread DEBUG LEN=3
17-04-24 14:27:58,901 ClientHandlerThread DEBUG DATA CRC=0
17-04-24 14:27:58,902 ClientHandlerThread DEBUG CHEC CRC=0
17-04-24 14:27:58,902 ClientHandlerThread DEBUG CMD=00
17-04-24 14:27:58,903 ClientHandlerThread INFO  Echo 수신
17-04-24 14:27:58,904 ClientHandlerThread INFO  Write data : 02 00 03 00 00 00 03 
17-04-24 14:27:58,904 ClientHandlerThread INFO  Writed data length : 7
17-04-24 14:28:33,900 ClientHandlerThread INFO  read length : 7
17-04-24 14:28:33,900 ClientHandlerThread DEBUG STX=02
17-04-24 14:28:33,901 ClientHandlerThread DEBUG ETX=03
17-04-24 14:28:33,901 ClientHandlerThread DEBUG LEN=3
17-04-24 14:28:33,902 ClientHandlerThread DEBUG DATA CRC=0
17-04-24 14:28:33,902 ClientHandlerThread DEBUG CHEC CRC=0
17-04-24 14:28:33,903 ClientHandlerThread DEBUG CMD=00
17-04-24 14:28:33,903 ClientHandlerThread INFO  Echo 수신
17-04-24 14:28:33,904 ClientHandlerThread INFO  Write data : 02 00 03 00 00 00 03 
17-04-24 14:28:33,905 ClientHandlerThread INFO  Writed data length : 7
17-04-24 14:29:08,899 ClientHandlerThread INFO  read length : 7
17-04-24 14:29:08,900 ClientHandlerThread DEBUG STX=02
17-04-24 14:29:08,900 ClientHandlerThread DEBUG ETX=03
17-04-24 14:29:08,901 ClientHandlerThread DEBUG LEN=3
17-04-24 14:29:08,901 ClientHandlerThread DEBUG DATA CRC=0
17-04-24 14:29:08,902 ClientHandlerThread DEBUG CHEC CRC=0
17-04-24 14:29:08,902 ClientHandlerThread DEBUG CMD=00
17-04-24 14:29:08,902 ClientHandlerThread INFO  Echo 수신
17-04-24 14:29:08,904 ClientHandlerThread INFO  Write data : 02 00 03 00 00 00 03 
17-04-24 14:29:08,905 ClientHandlerThread INFO  Writed data length : 7
17-04-24 14:29:19,946 ClientHandlerThread INFO  read length : 701
17-04-24 14:29:19,947 ClientHandlerThread DEBUG STX=02
17-04-24 14:29:19,948 ClientHandlerThread DEBUG ETX=03
17-04-24 14:29:19,948 ClientHandlerThread DEBUG LEN=2b9
17-04-24 14:29:19,949 ClientHandlerThread DEBUG DATA CRC=-14628
17-04-24 14:29:19,949 ClientHandlerThread DEBUG CHEC CRC=-14628
17-04-24 14:29:19,950 ClientHandlerThread DEBUG CMD=02
17-04-24 14:29:19,950 ClientHandlerThread INFO  Data 수신
17-04-24 14:29:19,951 ClientHandlerThread INFO  통신상태=0
17-04-24 14:29:19,951 ClientHandlerThread INFO  STR CD=01
17-04-24 14:29:19,952 ClientHandlerThread INFO  GW ID=1
17-04-24 14:29:20,071 ClientHandlerThread DEBUG {"STR_CD":"01","REGI_ID":"01","YYYYMMDD":"20170424","HHMIN":"1430","PMC":{"EP_1CH_EFT_WATAGE":"3452","EP_1CH_5MIN_WATAGE":"0","EP_1CH_ACT_WATAGE":"0","EP_1CH_STATUS":"0","EP_2CH_EFT_WATAGE":"3","EP_2CH_5MIN_WATAGE":"0","EP_2CH_ACT_WATAGE":"0","EP_2CH_STATUS":"0","EP_3CH_EFT_WATAGE":"0","EP_3CH_5MIN_WATAGE":"0","EP_3CH_ACT_WATAGE":"0","EP_3CH_STATUS":"0","EP_4CH_EFT_WATAGE":"17","EP_4CH_5MIN_WATAGE":"0","EP_4CH_ACT_WATAGE":"0","EP_4CH_STATUS":"0","EP_5CH_EFT_WATAGE":"0","EP_5CH_5MIN_WATAGE":"0","EP_5CH_ACT_WATAGE":"0","EP_5CH_STATUS":"0","EP_6CH_EFT_WATAGE":"0","EP_6CH_5MIN_WATAGE":"0","EP_6CH_ACT_WATAGE":"0","EP_6CH_STATUS":"0","EP_7CH_R_EFT_WATAGE":"0","EP_7CH_R_5MIN_WATAGE":"0","EP_7CH_R_ACT_WATAGE":"0","EP_7CH_R_STATUS":"0","EP_7CH_S_EFT_WATAGE":"0","EP_7CH_S_5MIN_WATAGE":"0","EP_7CH_S_ACT_WATAGE":"0","EP_7CH_S_STATUS":"0","EP_7CH_T_EFT_WATAGE":"0","EP_7CH_T_5MIN_WATAGE":"0","EP_7CH_T_ACT_WATAGE":"0","EP_7CH_T_STATUS":"0","EP_8CH_R_EFT_WATAGE":"0","EP_8CH_R_5MIN_WATAGE":"0","EP_8CH_R_ACT_WATAGE":"0","EP_8CH_R_STATUS":"0","EP_8CH_S_EFT_WATAGE":"0","EP_8CH_S_5MIN_WATAGE":"0","EP_8CH_S_ACT_WATAGE":"0","EP_8CH_S_STATUS":"0","EP_8CH_T_EFT_WATAGE":"0","EP_8CH_T_5MIN_WATAGE":"0","EP_8CH_T_ACT_WATAGE":"0","EP_8CH_T_STATUS":"0"},"TEMON":[{"PORT_NO":"1","SENS_TEMP":"2776"},{"PORT_NO":"2","SENS_TEMP":"-9999"},{"PORT_NO":"3","SENS_TEMP":"-9999"},{"PORT_NO":"4","SENS_TEMP":"-9999"},{"PORT_NO":"5","SENS_TEMP":"-9999"},{"PORT_NO":"6","SENS_TEMP":"-9999"},{"PORT_NO":"7","SENS_TEMP":"-9999"},{"PORT_NO":"8","SENS_TEMP":"-9999"},{"PORT_NO":"9","SENS_TEMP":"-9999"},{"PORT_NO":"10","SENS_TEMP":"-9999"},{"PORT_NO":"11","SENS_TEMP":"-9999"},{"PORT_NO":"12","SENS_TEMP":"-9999"},{"PORT_NO":"13","SENS_TEMP":"-9999"},{"PORT_NO":"14","SENS_TEMP":"-9999"},{"PORT_NO":"15","SENS_TEMP":"-9999"},{"PORT_NO":"16","SENS_TEMP":"-9999"}],"SIGN_STAT_CD":"0","ALMON":[{"PORT_NO":"1","SENS_TEMP":"1"},{"PORT_NO":"2","SENS_TEMP":"0"},{"PORT_NO":"3","SENS_TEMP":"0"},{"PORT_NO":"4","SENS_TEMP":"0"}],"HACON":[{"HACON_STAT_CD":"0","SENSE_TEMP":"3254","SENSE_HUMID":"0"},{"HACON_STAT_CD":"0","SENSE_TEMP":"-9999","SENSE_HUMID":"0"},{"HACON_STAT_CD":"0","SENSE_TEMP":"-9999","SENSE_HUMID":"0"},{"HACON_STAT_CD":"0","SENSE_TEMP":"-9999","SENSE_HUMID":"0"},{"HACON_STAT_CD":"0","SENSE_TEMP":"-9999","SENSE_HUMID":"0"}],"TSENSOR":[{"T_SENSOR_STAT_CD":"0","T_SENSOR_SENSE_TEMP":"2492","T_SENSOR_SENSE_HUMID":"2207"},{"T_SENSOR_STAT_CD":"0","T_SENSOR_SENSE_TEMP":"-9999","T_SENSOR_SENSE_HUMID":"-9999"},{"T_SENSOR_STAT_CD":"0","T_SENSOR_SENSE_TEMP":"-9999","T_SENSOR_SENSE_HUMID":"-9999"},{"T_SENSOR_STAT_CD":"0","T_SENSOR_SENSE_TEMP":"-9999","T_SENSOR_SENSE_HUMID":"-9999"},{"T_SENSOR_STAT_CD":"0","T_SENSOR_SENSE_TEMP":"-9999","T_SENSOR_SENSE_HUMID":"-9999"}],"BLE_CNT":"0","BLE":[{"BLE_GUBUN":"0","BLE_SENSE_TEMP":"-9999","BLE_SENSE_HUMID":"-9999","BLE_BATTERY":"0"},{"BLE_GUBUN":"0","BLE_SENSE_TEMP":"-9999","BLE_SENSE_HUMID":"-9999","BLE_BATTERY":"0"},{"BLE_GUBUN":"0","BLE_SENSE_TEMP":"-9999","BLE_SENSE_HUMID":"-9999","BLE_BATTERY":"0"},{"BLE_GUBUN":"0","BLE_SENSE_TEMP":"-9999","BLE_SENSE_HUMID":"-9999","BLE_BATTERY":"0"},{"BLE_GUBUN":"0","BLE_SENSE_TEMP":"-9999","BLE_SENSE_HUMID":"-9999","BLE_BATTERY":"0"},{"BLE_GUBUN":"0","BLE_SENSE_TEMP":"-9999","BLE_SENSE_HUMID":"-9999","BLE_BATTERY":"0"},{"BLE_GUBUN":"0","BLE_SENSE_TEMP":"-9999","BLE_SENSE_HUMID":"-9999","BLE_BATTERY":"0"},{"BLE_GUBUN":"0","BLE_SENSE_TEMP":"-9999","BLE_SENSE_HUMID":"-9999","BLE_BATTERY":"0"},{"BLE_GUBUN":"0","BLE_SENSE_TEMP":"-9999","BLE_SENSE_HUMID":"-9999","BLE_BATTERY":"0"},{"BLE_GUBUN":"0","BLE_SENSE_TEMP":"-9999","BLE_SENSE_HUMID":"-9999","BLE_BATTERY":"0"}],"HUB_CNT":"0","HUB":[{"ADDR":"0","FW_VER":"0","TYPE":"0","MODEL":"0","CAPACITY":"0","ALARM_MASK1":"0","ALARM_MASK2":"0","ALARM_MASK3":"0","ALARM_MASK4":"0","ALARM_MASK5":"0","ALARM_MASK6":"0","ALARM_MASK7":"0","ALARM_MASK8":"0","ALARM_SP1":"0","ALARM_SP2":"0","ALARM_SP3":"0","ALARM_SP4":"0","ALARM_SP5":"0","ALARM_SP6":"0","ALARM_SP7":"0","ALARM_SP8":"0","ERR_CD":"0","OPER_MODE":"0","SENS_TEMP":"0","SENS_TEMP_CONF":"0","SENS_TEMP_OUT":"0","MAX_TEMP_ALARM_YN":"0","MAX_TEMP":"0","MIN_TEMP_ALARM_YN":"0","MIN_TEMP":"0","DEFROST_SENS_TEMP":"0","DEFW_OWNER":"0","DEFROST_TEMP_CONF":"0","DEFROST_TERM":"0","DEFROST_DELAY":"0","DEWATER_DELAY":"0"},{"ADDR":"0","FW_VER":"0","TYPE":"0","MODEL":"0","CAPACITY":"0","ALARM_MASK1":"0","ALARM_MASK2":"0","ALARM_MASK3":"0","ALARM_MASK4":"0","ALARM_MASK5":"0","ALARM_MASK6":"0","ALARM_MASK7":"0","ALARM_MASK8":"0","ALARM_SP1":"0","ALARM_SP2":"0","ALARM_SP3":"0","ALARM_SP4":"0","ALARM_SP5":"0","ALARM_SP6":"0","ALARM_SP7":"0","ALARM_SP8":"0","ERR_CD":"0","OPER_MODE":"0","SENS_TEMP":"0","SENS_TEMP_CONF":"0","SENS_TEMP_OUT":"0","MAX_TEMP_ALARM_YN":"0","MAX_TEMP":"0","MIN_TEMP_ALARM_YN":"0","MIN_TEMP":"0","DEFROST_SENS_TEMP":"0","DEFW_OWNER":"0","DEFROST_TEMP_CONF":"0","DEFROST_TERM":"0","DEFROST_DELAY":"0","DEWATER_DELAY":"0"},{"ADDR":"0","FW_VER":"0","TYPE":"0","MODEL":"0","CAPACITY":"0","ALARM_MASK1":"0","ALARM_MASK2":"0","ALARM_MASK3":"0","ALARM_MASK4":"0","ALARM_MASK5":"0","ALARM_MASK6":"0","ALARM_MASK7":"0","ALARM_MASK8":"0","ALARM_SP1":"0","ALARM_SP2":"0","ALARM_SP3":"0","ALARM_SP4":"0","ALARM_SP5":"0","ALARM_SP6":"0","ALARM_SP7":"0","ALARM_SP8":"0","ERR_CD":"0","OPER_MODE":"0","SENS_TEMP":"0","SENS_TEMP_CONF":"0","SENS_TEMP_OUT":"0","MAX_TEMP_ALARM_YN":"0","MAX_TEMP":"0","MIN_TEMP_ALARM_YN":"0","MIN_TEMP":"0","DEFROST_SENS_TEMP":"0","DEFW_OWNER":"0","DEFROST_TEMP_CONF":"0","DEFROST_TERM":"0","DEFROST_DELAY":"0","DEWATER_DELAY":"0"},{"ADDR":"0","FW_VER":"0","TYPE":"0","MODEL":"0","CAPACITY":"0","ALARM_MASK1":"0","ALARM_MASK2":"0","ALARM_MASK3":"0","ALARM_MASK4":"0","ALARM_MASK5":"0","ALARM_MASK6":"0","ALARM_MASK7":"0","ALARM_MASK8":"0","ALARM_SP1":"0","ALARM_SP2":"0","ALARM_SP3":"0","ALARM_SP4":"0","ALARM_SP5":"0","ALARM_SP6":"0","ALARM_SP7":"0","ALARM_SP8":"0","ERR_CD":"0","OPER_MODE":"0","SENS_TEMP":"0","SENS_TEMP_CONF":"0","SENS_TEMP_OUT":"0","MAX_TEMP_ALARM_YN":"0","MAX_TEMP":"0","MIN_TEMP_ALARM_YN":"0","MIN_TEMP":"0","DEFROST_SENS_TEMP":"0","DEFW_OWNER":"0","DEFROST_TEMP_CONF":"0","DEFROST_TERM":"0","DEFROST_DELAY":"0","DEWATER_DELAY":"0"},{"ADDR":"0","FW_VER":"0","TYPE":"0","MODEL":"0","CAPACITY":"0","ALARM_MASK1":"0","ALARM_MASK2":"0","ALARM_MASK3":"0","ALARM_MASK4":"0","ALARM_MASK5":"0","ALARM_MASK6":"0","ALARM_MASK7":"0","ALARM_MASK8":"0","ALARM_SP1":"0","ALARM_SP2":"0","ALARM_SP3":"0","ALARM_SP4":"0","ALARM_SP5":"0","ALARM_SP6":"0","ALARM_SP7":"0","ALARM_SP8":"0","ERR_CD":"0","OPER_MODE":"0","SENS_TEMP":"0","SENS_TEMP_CONF":"0","SENS_TEMP_OUT":"0","MAX_TEMP_ALARM_YN":"0","MAX_TEMP":"0","MIN_TEMP_ALARM_YN":"0","MIN_TEMP":"0","DEFROST_SENS_TEMP":"0","DEFW_OWNER":"0","DEFROST_TEMP_CONF":"0","DEFROST_TERM":"0","DEFROST_DELAY":"0","DEWATER_DELAY":"0"},{"ADDR":"0","FW_VER":"0","TYPE":"0","MODEL":"0","CAPACITY":"0","ALARM_MASK1":"0","ALARM_MASK2":"0","ALARM_MASK3":"0","ALARM_MASK4":"0","ALARM_MASK5":"0","ALARM_MASK6":"0","ALARM_MASK7":"0","ALARM_MASK8":"0","ALARM_SP1":"0","ALARM_SP2":"0","ALARM_SP3":"0","ALARM_SP4":"0","ALARM_SP5":"0","ALARM_SP6":"0","ALARM_SP7":"0","ALARM_SP8":"0","ERR_CD":"0","OPER_MODE":"0","SENS_TEMP":"0","SENS_TEMP_CONF":"0","SENS_TEMP_OUT":"0","MAX_TEMP_ALARM_YN":"0","MAX_TEMP":"0","MIN_TEMP_ALARM_YN":"0","MIN_TEMP":"0","DEFROST_SENS_TEMP":"0","DEFW_OWNER":"0","DEFROST_TEMP_CONF":"0","DEFROST_TERM":"0","DEFROST_DELAY":"0","DEWATER_DELAY":"0"},{"ADDR":"0","FW_VER":"0","TYPE":"0","MODEL":"0","CAPACITY":"0","ALARM_MASK1":"0","ALARM_MASK2":"0","ALARM_MASK3":"0","ALARM_MASK4":"0","ALARM_MASK5":"0","ALARM_MASK6":"0","ALARM_MASK7":"0","ALARM_MASK8":"0","ALARM_SP1":"0","ALARM_SP2":"0","ALARM_SP3":"0","ALARM_SP4":"0","ALARM_SP5":"0","ALARM_SP6":"0","ALARM_SP7":"0","ALARM_SP8":"0","ERR_CD":"0","OPER_MODE":"0","SENS_TEMP":"0","SENS_TEMP_CONF":"0","SENS_TEMP_OUT":"0","MAX_TEMP_ALARM_YN":"0","MAX_TEMP":"0","MIN_TEMP_ALARM_YN":"0","MIN_TEMP":"0","DEFROST_SENS_TEMP":"0","DEFW_OWNER":"0","DEFROST_TEMP_CONF":"0","DEFROST_TERM":"0","DEFROST_DELAY":"0","DEWATER_DELAY":"0"},{"ADDR":"0","FW_VER":"0","TYPE":"0","MODEL":"0","CAPACITY":"0","ALARM_MASK1":"0","ALARM_MASK2":"0","ALARM_MASK3":"0","ALARM_MASK4":"0","ALARM_MASK5":"0","ALARM_MASK6":"0","ALARM_MASK7":"0","ALARM_MASK8":"0","ALARM_SP1":"0","ALARM_SP2":"0","ALARM_SP3":"0","ALARM_SP4":"0","ALARM_SP5":"0","ALARM_SP6":"0","ALARM_SP7":"0","ALARM_SP8":"0","ERR_CD":"0","OPER_MODE":"0","SENS_TEMP":"0","SENS_TEMP_CONF":"0","SENS_TEMP_OUT":"0","MAX_TEMP_ALARM_YN":"0","MAX_TEMP":"0","MIN_TEMP_ALARM_YN":"0","MIN_TEMP":"0","DEFROST_SENS_TEMP":"0","DEFW_OWNER":"0","DEFROST_TEMP_CONF":"0","DEFROST_TERM":"0","DEFROST_DELAY":"0","DEWATER_DELAY":"0"}]}
17-04-24 14:29:20,086 ClientHandlerThread INFO  Write data : 02 00 04 02 01 76 43 03 
17-04-24 14:29:20,087 ClientHandlerThread INFO  Writed data length : 8
17-04-24 14:29:22,191 ClientHandlerThread INFO  read length : 46
17-04-24 14:29:22,192 ClientHandlerThread DEBUG STX=02
17-04-24 14:29:22,192 ClientHandlerThread DEBUG ETX=03
17-04-24 14:29:22,193 ClientHandlerThread DEBUG LEN=2a
17-04-24 14:29:22,193 ClientHandlerThread DEBUG DATA CRC=-15025
17-04-24 14:29:22,194 ClientHandlerThread DEBUG CHEC CRC=-15025
17-04-24 14:29:22,194 ClientHandlerThread DEBUG CMD=0a
17-04-24 14:29:22,194 ClientHandlerThread INFO  냉난방 온도제어결과 수신
17-04-24 14:29:22,195 ClientHandlerThread INFO  RESULT=1
17-04-24 14:29:22,196 ClientHandlerThread INFO  STR CD=01
17-04-24 14:29:22,196 ClientHandlerThread INFO  GW ID=1
17-04-24 14:29:22,197 ClientHandlerThread INFO  SENSE_TEMP=24
17-04-24 14:30:18,904 ClientHandlerThread INFO  read length : 7
17-04-24 14:30:18,904 ClientHandlerThread DEBUG STX=02
17-04-24 14:30:18,905 ClientHandlerThread DEBUG ETX=03
17-04-24 14:30:18,905 ClientHandlerThread DEBUG LEN=3
17-04-24 14:30:18,906 ClientHandlerThread DEBUG DATA CRC=0
17-04-24 14:30:18,906 ClientHandlerThread DEBUG CHEC CRC=0
17-04-24 14:30:18,907 ClientHandlerThread DEBUG CMD=00
17-04-24 14:30:18,907 ClientHandlerThread INFO  Echo 수신
17-04-24 14:30:18,908 ClientHandlerThread INFO  Write data : 02 00 03 00 00 00 03 
17-04-24 14:30:18,909 ClientHandlerThread INFO  Writed data length : 7
17-04-24 14:30:53,895 ClientHandlerThread INFO  read length : 7
17-04-24 14:30:53,895 ClientHandlerThread DEBUG STX=02
17-04-24 14:30:53,896 ClientHandlerThread DEBUG ETX=03
17-04-24 14:30:53,896 ClientHandlerThread DEBUG LEN=3
17-04-24 14:30:53,897 ClientHandlerThread DEBUG DATA CRC=0
17-04-24 14:30:53,897 ClientHandlerThread DEBUG CHEC CRC=0
17-04-24 14:30:53,897 ClientHandlerThread DEBUG CMD=00
17-04-24 14:30:53,898 ClientHandlerThread INFO  Echo 수신
17-04-24 14:30:53,899 ClientHandlerThread INFO  Write data : 02 00 03 00 00 00 03 
17-04-24 14:30:53,900 ClientHandlerThread INFO  Writed data length : 7
17-04-24 14:31:01,586 ClientHandlerThread INFO  Connected client size : 0
17-04-24 14:31:01,587 ClientHandlerThread INFO  Client is closed
