17-04-24 12:20:27,721 ClientHandlerThread INFO  Client is started
17-04-24 12:20:27,738 ClientHandlerThread INFO  read length : 50
17-04-24 12:20:27,740 ClientHandlerThread DEBUG STX=02
17-04-24 12:20:27,741 ClientHandlerThread DEBUG ETX=03
17-04-24 12:20:27,741 ClientHandlerThread DEBUG LEN=2e
17-04-24 12:20:27,742 ClientHandlerThread DEBUG DATA CRC=17306
17-04-24 12:20:27,743 ClientHandlerThread DEBUG CHEC CRC=17306
17-04-24 12:20:27,743 ClientHandlerThread DEBUG CMD=01
17-04-24 12:20:27,744 ClientHandlerThread INFO  Client 접속 정보 수신
17-04-24 12:20:27,747 ClientHandlerThread INFO  Version=1.0
17-04-24 12:20:27,747 ClientHandlerThread INFO  IP=192.168.10.26
17-04-24 12:20:27,748 ClientHandlerThread INFO  MAC=B8-27-EB-F5-43-E4
17-04-24 12:20:27,748 ClientHandlerThread INFO  STR CD=01
17-04-24 12:20:27,749 ClientHandlerThread INFO  GW ID=1
17-04-24 12:20:28,036 ClientHandlerThread INFO  Client 접속 정보 수신 결과 전송
17-04-24 12:20:28,039 ClientHandlerThread INFO  Write data : 02 00 4c 01 01 30 31 00 00 00 00 00 00 00 00 00 00 00 00 00 00 00 00 00 00 00 01 06 0f 10 14 00 00 65 90 00 01 01 01 01 03 03 02 02 03 03 01 01 18 18 17 16 16 16 16 16 17 18 19 19 00 00 00 00 00 00 00 00 00 00 00 00 00 00 00 00 00 2d 50 03 
17-04-24 12:20:28,040 ClientHandlerThread INFO  Writed data length : 80
17-04-24 12:20:59,016 ClientHandlerThread INFO  read length : 7
17-04-24 12:20:59,017 ClientHandlerThread DEBUG STX=02
17-04-24 12:20:59,018 ClientHandlerThread DEBUG ETX=03
17-04-24 12:20:59,018 ClientHandlerThread DEBUG LEN=3
17-04-24 12:20:59,019 ClientHandlerThread DEBUG DATA CRC=0
17-04-24 12:20:59,019 ClientHandlerThread DEBUG CHEC CRC=0
17-04-24 12:20:59,020 ClientHandlerThread DEBUG CMD=00
17-04-24 12:20:59,020 ClientHandlerThread INFO  Echo 수신
17-04-24 12:20:59,021 ClientHandlerThread INFO  Write data : 02 00 03 00 00 00 03 
17-04-24 12:20:59,022 ClientHandlerThread INFO  Writed data length : 7
17-04-24 12:21:34,012 ClientHandlerThread INFO  read length : 7
17-04-24 12:21:34,013 ClientHandlerThread DEBUG STX=02
17-04-24 12:21:34,013 ClientHandlerThread DEBUG ETX=03
17-04-24 12:21:34,014 ClientHandlerThread DEBUG LEN=3
17-04-24 12:21:34,014 ClientHandlerThread DEBUG DATA CRC=0
17-04-24 12:21:34,014 ClientHandlerThread DEBUG CHEC CRC=0
17-04-24 12:21:34,015 ClientHandlerThread DEBUG CMD=00
17-04-24 12:21:34,015 ClientHandlerThread INFO  Echo 수신
17-04-24 12:21:34,017 ClientHandlerThread INFO  Write data : 02 00 03 00 00 00 03 
17-04-24 12:21:34,017 ClientHandlerThread INFO  Writed data length : 7
17-04-24 12:22:09,016 ClientHandlerThread INFO  read length : 7
17-04-24 12:22:09,017 ClientHandlerThread DEBUG STX=02
17-04-24 12:22:09,017 ClientHandlerThread DEBUG ETX=03
17-04-24 12:22:09,018 ClientHandlerThread DEBUG LEN=3
17-04-24 12:22:09,018 ClientHandlerThread DEBUG DATA CRC=0
17-04-24 12:22:09,019 ClientHandlerThread DEBUG CHEC CRC=0
17-04-24 12:22:09,019 ClientHandlerThread DEBUG CMD=00
17-04-24 12:22:09,020 ClientHandlerThread INFO  Echo 수신
17-04-24 12:22:09,021 ClientHandlerThread INFO  Write data : 02 00 03 00 00 00 03 
17-04-24 12:22:09,022 ClientHandlerThread INFO  Writed data length : 7
17-04-24 12:22:44,011 ClientHandlerThread INFO  read length : 7
17-04-24 12:22:44,011 ClientHandlerThread DEBUG STX=02
17-04-24 12:22:44,012 ClientHandlerThread DEBUG ETX=03
17-04-24 12:22:44,012 ClientHandlerThread DEBUG LEN=3
17-04-24 12:22:44,013 ClientHandlerThread DEBUG DATA CRC=0
17-04-24 12:22:44,013 ClientHandlerThread DEBUG CHEC CRC=0
17-04-24 12:22:44,014 ClientHandlerThread DEBUG CMD=00
17-04-24 12:22:44,014 ClientHandlerThread INFO  Echo 수신
17-04-24 12:22:44,015 ClientHandlerThread INFO  Write data : 02 00 03 00 00 00 03 
17-04-24 12:22:44,016 ClientHandlerThread INFO  Writed data length : 7
17-04-24 12:23:19,010 ClientHandlerThread INFO  read length : 7
17-04-24 12:23:19,011 ClientHandlerThread DEBUG STX=02
17-04-24 12:23:19,011 ClientHandlerThread DEBUG ETX=03
17-04-24 12:23:19,012 ClientHandlerThread DEBUG LEN=3
17-04-24 12:23:19,012 ClientHandlerThread DEBUG DATA CRC=0
17-04-24 12:23:19,013 ClientHandlerThread DEBUG CHEC CRC=0
17-04-24 12:23:19,013 ClientHandlerThread DEBUG CMD=00
17-04-24 12:23:19,014 ClientHandlerThread INFO  Echo 수신
17-04-24 12:23:19,015 ClientHandlerThread INFO  Write data : 02 00 03 00 00 00 03 
17-04-24 12:23:19,016 ClientHandlerThread INFO  Writed data length : 7
17-04-24 12:23:54,012 ClientHandlerThread INFO  read length : 7
17-04-24 12:23:54,012 ClientHandlerThread DEBUG STX=02
17-04-24 12:23:54,013 ClientHandlerThread DEBUG ETX=03
17-04-24 12:23:54,014 ClientHandlerThread DEBUG LEN=3
17-04-24 12:23:54,014 ClientHandlerThread DEBUG DATA CRC=0
17-04-24 12:23:54,014 ClientHandlerThread DEBUG CHEC CRC=0
17-04-24 12:23:54,015 ClientHandlerThread DEBUG CMD=00
17-04-24 12:23:54,015 ClientHandlerThread INFO  Echo 수신
17-04-24 12:23:54,017 ClientHandlerThread INFO  Write data : 02 00 03 00 00 00 03 
17-04-24 12:23:54,018 ClientHandlerThread INFO  Writed data length : 7
17-04-24 12:24:20,069 ClientHandlerThread INFO  read length : 701
17-04-24 12:24:20,070 ClientHandlerThread DEBUG STX=02
17-04-24 12:24:20,070 ClientHandlerThread DEBUG ETX=03
17-04-24 12:24:20,070 ClientHandlerThread DEBUG LEN=2b9
17-04-24 12:24:20,071 ClientHandlerThread DEBUG DATA CRC=-28243
17-04-24 12:24:20,071 ClientHandlerThread DEBUG CHEC CRC=-28243
17-04-24 12:24:20,072 ClientHandlerThread DEBUG CMD=02
17-04-24 12:24:20,072 ClientHandlerThread INFO  Data 수신
17-04-24 12:24:20,073 ClientHandlerThread INFO  통신상태=0
17-04-24 12:24:20,074 ClientHandlerThread INFO  STR CD=01
17-04-24 12:24:20,074 ClientHandlerThread INFO  GW ID=1
17-04-24 12:24:20,175 ClientHandlerThread DEBUG {"STR_CD":"01","REGI_ID":"01","YYYYMMDD":"20170424","HHMIN":"1225","PMC":{"EP_1CH_EFT_WATAGE":"3452","EP_1CH_5MIN_WATAGE":"0","EP_1CH_ACT_WATAGE":"0","EP_1CH_STATUS":"0","EP_2CH_EFT_WATAGE":"3","EP_2CH_5MIN_WATAGE":"0","EP_2CH_ACT_WATAGE":"0","EP_2CH_STATUS":"0","EP_3CH_EFT_WATAGE":"0","EP_3CH_5MIN_WATAGE":"0","EP_3CH_ACT_WATAGE":"0","EP_3CH_STATUS":"0","EP_4CH_EFT_WATAGE":"17","EP_4CH_5MIN_WATAGE":"0","EP_4CH_ACT_WATAGE":"0","EP_4CH_STATUS":"0","EP_5CH_EFT_WATAGE":"0","EP_5CH_5MIN_WATAGE":"0","EP_5CH_ACT_WATAGE":"0","EP_5CH_STATUS":"0","EP_6CH_EFT_WATAGE":"0","EP_6CH_5MIN_WATAGE":"0","EP_6CH_ACT_WATAGE":"0","EP_6CH_STATUS":"0","EP_7CH_R_EFT_WATAGE":"0","EP_7CH_R_5MIN_WATAGE":"0","EP_7CH_R_ACT_WATAGE":"0","EP_7CH_R_STATUS":"0","EP_7CH_S_EFT_WATAGE":"0","EP_7CH_S_5MIN_WATAGE":"0","EP_7CH_S_ACT_WATAGE":"0","EP_7CH_S_STATUS":"0","EP_7CH_T_EFT_WATAGE":"0","EP_7CH_T_5MIN_WATAGE":"0","EP_7CH_T_ACT_WATAGE":"0","EP_7CH_T_STATUS":"0","EP_8CH_R_EFT_WATAGE":"0","EP_8CH_R_5MIN_WATAGE":"0","EP_8CH_R_ACT_WATAGE":"0","EP_8CH_R_STATUS":"0","EP_8CH_S_EFT_WATAGE":"0","EP_8CH_S_5MIN_WATAGE":"0","EP_8CH_S_ACT_WATAGE":"0","EP_8CH_S_STATUS":"0","EP_8CH_T_EFT_WATAGE":"0","EP_8CH_T_5MIN_WATAGE":"0","EP_8CH_T_ACT_WATAGE":"0","EP_8CH_T_STATUS":"0"},"TEMON":[{"PORT_NO":"1","SENS_TEMP":"2625"},{"PORT_NO":"2","SENS_TEMP":"-9999"},{"PORT_NO":"3","SENS_TEMP":"-9999"},{"PORT_NO":"4","SENS_TEMP":"-9999"},{"PORT_NO":"5","SENS_TEMP":"-9999"},{"PORT_NO":"6","SENS_TEMP":"-9999"},{"PORT_NO":"7","SENS_TEMP":"-9999"},{"PORT_NO":"8","SENS_TEMP":"-9999"},{"PORT_NO":"9","SENS_TEMP":"-9999"},{"PORT_NO":"10","SENS_TEMP":"-9999"},{"PORT_NO":"11","SENS_TEMP":"-9999"},{"PORT_NO":"12","SENS_TEMP":"-9999"},{"PORT_NO":"13","SENS_TEMP":"-9999"},{"PORT_NO":"14","SENS_TEMP":"-9999"},{"PORT_NO":"15","SENS_TEMP":"-9999"},{"PORT_NO":"16","SENS_TEMP":"-9999"}],"SIGN_STAT_CD":"0","ALMON":[{"PORT_NO":"1","SENS_TEMP":"1"},{"PORT_NO":"2","SENS_TEMP":"0"},{"PORT_NO":"3","SENS_TEMP":"0"},{"PORT_NO":"4","SENS_TEMP":"0"}],"HACON":[{"HACON_STAT_CD":"0","SENSE_TEMP":"3327","SENSE_HUMID":"0"},{"HACON_STAT_CD":"0","SENSE_TEMP":"-9999","SENSE_HUMID":"0"},{"HACON_STAT_CD":"0","SENSE_TEMP":"-9999","SENSE_HUMID":"0"},{"HACON_STAT_CD":"0","SENSE_TEMP":"-9999","SENSE_HUMID":"0"},{"HACON_STAT_CD":"0","SENSE_TEMP":"-9999","SENSE_HUMID":"0"}],"TSENSOR":[{"T_SENSOR_STAT_CD":"0","T_SENSOR_SENSE_TEMP":"2439","T_SENSOR_SENSE_HUMID":"2247"},{"T_SENSOR_STAT_CD":"0","T_SENSOR_SENSE_TEMP":"-9999","T_SENSOR_SENSE_HUMID":"-9999"},{"T_SENSOR_STAT_CD":"0","T_SENSOR_SENSE_TEMP":"-9999","T_SENSOR_SENSE_HUMID":"-9999"},{"T_SENSOR_STAT_CD":"0","T_SENSOR_SENSE_TEMP":"-9999","T_SENSOR_SENSE_HUMID":"-9999"},{"T_SENSOR_STAT_CD":"0","T_SENSOR_SENSE_TEMP":"-9999","T_SENSOR_SENSE_HUMID":"-9999"}],"BLE_CNT":"0","BLE":[{"BLE_GUBUN":"0","BLE_SENSE_TEMP":"-9999","BLE_SENSE_HUMID":"-9999","BLE_BATTERY":"0"},{"BLE_GUBUN":"0","BLE_SENSE_TEMP":"-9999","BLE_SENSE_HUMID":"-9999","BLE_BATTERY":"0"},{"BLE_GUBUN":"0","BLE_SENSE_TEMP":"-9999","BLE_SENSE_HUMID":"-9999","BLE_BATTERY":"0"},{"BLE_GUBUN":"0","BLE_SENSE_TEMP":"-9999","BLE_SENSE_HUMID":"-9999","BLE_BATTERY":"0"},{"BLE_GUBUN":"0","BLE_SENSE_TEMP":"-9999","BLE_SENSE_HUMID":"-9999","BLE_BATTERY":"0"},{"BLE_GUBUN":"0","BLE_SENSE_TEMP":"-9999","BLE_SENSE_HUMID":"-9999","BLE_BATTERY":"0"},{"BLE_GUBUN":"0","BLE_SENSE_TEMP":"-9999","BLE_SENSE_HUMID":"-9999","BLE_BATTERY":"0"},{"BLE_GUBUN":"0","BLE_SENSE_TEMP":"-9999","BLE_SENSE_HUMID":"-9999","BLE_BATTERY":"0"},{"BLE_GUBUN":"0","BLE_SENSE_TEMP":"-9999","BLE_SENSE_HUMID":"-9999","BLE_BATTERY":"0"},{"BLE_GUBUN":"0","BLE_SENSE_TEMP":"-9999","BLE_SENSE_HUMID":"-9999","BLE_BATTERY":"0"}],"HUB_CNT":"0","HUB":[{"ADDR":"0","FW_VER":"0","TYPE":"0","MODEL":"0","CAPACITY":"0","ALARM_MASK1":"0","ALARM_MASK2":"0","ALARM_MASK3":"0","ALARM_MASK4":"0","ALARM_MASK5":"0","ALARM_MASK6":"0","ALARM_MASK7":"0","ALARM_MASK8":"0","ALARM_SP1":"0","ALARM_SP2":"0","ALARM_SP3":"0","ALARM_SP4":"0","ALARM_SP5":"0","ALARM_SP6":"0","ALARM_SP7":"0","ALARM_SP8":"0","ERR_CD":"0","OPER_MODE":"0","SENS_TEMP":"0","SENS_TEMP_CONF":"0","SENS_TEMP_OUT":"0","MAX_TEMP_ALARM_YN":"0","MAX_TEMP":"0","MIN_TEMP_ALARM_YN":"0","MIN_TEMP":"0","DEFROST_SENS_TEMP":"0","DEFW_OWNER":"0","DEFROST_TEMP_CONF":"0","DEFROST_TERM":"0","DEFROST_DELAY":"0","DEWATER_DELAY":"0"},{"ADDR":"0","FW_VER":"0","TYPE":"0","MODEL":"0","CAPACITY":"0","ALARM_MASK1":"0","ALARM_MASK2":"0","ALARM_MASK3":"0","ALARM_MASK4":"0","ALARM_MASK5":"0","ALARM_MASK6":"0","ALARM_MASK7":"0","ALARM_MASK8":"0","ALARM_SP1":"0","ALARM_SP2":"0","ALARM_SP3":"0","ALARM_SP4":"0","ALARM_SP5":"0","ALARM_SP6":"0","ALARM_SP7":"0","ALARM_SP8":"0","ERR_CD":"0","OPER_MODE":"0","SENS_TEMP":"0","SENS_TEMP_CONF":"0","SENS_TEMP_OUT":"0","MAX_TEMP_ALARM_YN":"0","MAX_TEMP":"0","MIN_TEMP_ALARM_YN":"0","MIN_TEMP":"0","DEFROST_SENS_TEMP":"0","DEFW_OWNER":"0","DEFROST_TEMP_CONF":"0","DEFROST_TERM":"0","DEFROST_DELAY":"0","DEWATER_DELAY":"0"},{"ADDR":"0","FW_VER":"0","TYPE":"0","MODEL":"0","CAPACITY":"0","ALARM_MASK1":"0","ALARM_MASK2":"0","ALARM_MASK3":"0","ALARM_MASK4":"0","ALARM_MASK5":"0","ALARM_MASK6":"0","ALARM_MASK7":"0","ALARM_MASK8":"0","ALARM_SP1":"0","ALARM_SP2":"0","ALARM_SP3":"0","ALARM_SP4":"0","ALARM_SP5":"0","ALARM_SP6":"0","ALARM_SP7":"0","ALARM_SP8":"0","ERR_CD":"0","OPER_MODE":"0","SENS_TEMP":"0","SENS_TEMP_CONF":"0","SENS_TEMP_OUT":"0","MAX_TEMP_ALARM_YN":"0","MAX_TEMP":"0","MIN_TEMP_ALARM_YN":"0","MIN_TEMP":"0","DEFROST_SENS_TEMP":"0","DEFW_OWNER":"0","DEFROST_TEMP_CONF":"0","DEFROST_TERM":"0","DEFROST_DELAY":"0","DEWATER_DELAY":"0"},{"ADDR":"0","FW_VER":"0","TYPE":"0","MODEL":"0","CAPACITY":"0","ALARM_MASK1":"0","ALARM_MASK2":"0","ALARM_MASK3":"0","ALARM_MASK4":"0","ALARM_MASK5":"0","ALARM_MASK6":"0","ALARM_MASK7":"0","ALARM_MASK8":"0","ALARM_SP1":"0","ALARM_SP2":"0","ALARM_SP3":"0","ALARM_SP4":"0","ALARM_SP5":"0","ALARM_SP6":"0","ALARM_SP7":"0","ALARM_SP8":"0","ERR_CD":"0","OPER_MODE":"0","SENS_TEMP":"0","SENS_TEMP_CONF":"0","SENS_TEMP_OUT":"0","MAX_TEMP_ALARM_YN":"0","MAX_TEMP":"0","MIN_TEMP_ALARM_YN":"0","MIN_TEMP":"0","DEFROST_SENS_TEMP":"0","DEFW_OWNER":"0","DEFROST_TEMP_CONF":"0","DEFROST_TERM":"0","DEFROST_DELAY":"0","DEWATER_DELAY":"0"},{"ADDR":"0","FW_VER":"0","TYPE":"0","MODEL":"0","CAPACITY":"0","ALARM_MASK1":"0","ALARM_MASK2":"0","ALARM_MASK3":"0","ALARM_MASK4":"0","ALARM_MASK5":"0","ALARM_MASK6":"0","ALARM_MASK7":"0","ALARM_MASK8":"0","ALARM_SP1":"0","ALARM_SP2":"0","ALARM_SP3":"0","ALARM_SP4":"0","ALARM_SP5":"0","ALARM_SP6":"0","ALARM_SP7":"0","ALARM_SP8":"0","ERR_CD":"0","OPER_MODE":"0","SENS_TEMP":"0","SENS_TEMP_CONF":"0","SENS_TEMP_OUT":"0","MAX_TEMP_ALARM_YN":"0","MAX_TEMP":"0","MIN_TEMP_ALARM_YN":"0","MIN_TEMP":"0","DEFROST_SENS_TEMP":"0","DEFW_OWNER":"0","DEFROST_TEMP_CONF":"0","DEFROST_TERM":"0","DEFROST_DELAY":"0","DEWATER_DELAY":"0"},{"ADDR":"0","FW_VER":"0","TYPE":"0","MODEL":"0","CAPACITY":"0","ALARM_MASK1":"0","ALARM_MASK2":"0","ALARM_MASK3":"0","ALARM_MASK4":"0","ALARM_MASK5":"0","ALARM_MASK6":"0","ALARM_MASK7":"0","ALARM_MASK8":"0","ALARM_SP1":"0","ALARM_SP2":"0","ALARM_SP3":"0","ALARM_SP4":"0","ALARM_SP5":"0","ALARM_SP6":"0","ALARM_SP7":"0","ALARM_SP8":"0","ERR_CD":"0","OPER_MODE":"0","SENS_TEMP":"0","SENS_TEMP_CONF":"0","SENS_TEMP_OUT":"0","MAX_TEMP_ALARM_YN":"0","MAX_TEMP":"0","MIN_TEMP_ALARM_YN":"0","MIN_TEMP":"0","DEFROST_SENS_TEMP":"0","DEFW_OWNER":"0","DEFROST_TEMP_CONF":"0","DEFROST_TERM":"0","DEFROST_DELAY":"0","DEWATER_DELAY":"0"},{"ADDR":"0","FW_VER":"0","TYPE":"0","MODEL":"0","CAPACITY":"0","ALARM_MASK1":"0","ALARM_MASK2":"0","ALARM_MASK3":"0","ALARM_MASK4":"0","ALARM_MASK5":"0","ALARM_MASK6":"0","ALARM_MASK7":"0","ALARM_MASK8":"0","ALARM_SP1":"0","ALARM_SP2":"0","ALARM_SP3":"0","ALARM_SP4":"0","ALARM_SP5":"0","ALARM_SP6":"0","ALARM_SP7":"0","ALARM_SP8":"0","ERR_CD":"0","OPER_MODE":"0","SENS_TEMP":"0","SENS_TEMP_CONF":"0","SENS_TEMP_OUT":"0","MAX_TEMP_ALARM_YN":"0","MAX_TEMP":"0","MIN_TEMP_ALARM_YN":"0","MIN_TEMP":"0","DEFROST_SENS_TEMP":"0","DEFW_OWNER":"0","DEFROST_TEMP_CONF":"0","DEFROST_TERM":"0","DEFROST_DELAY":"0","DEWATER_DELAY":"0"},{"ADDR":"0","FW_VER":"0","TYPE":"0","MODEL":"0","CAPACITY":"0","ALARM_MASK1":"0","ALARM_MASK2":"0","ALARM_MASK3":"0","ALARM_MASK4":"0","ALARM_MASK5":"0","ALARM_MASK6":"0","ALARM_MASK7":"0","ALARM_MASK8":"0","ALARM_SP1":"0","ALARM_SP2":"0","ALARM_SP3":"0","ALARM_SP4":"0","ALARM_SP5":"0","ALARM_SP6":"0","ALARM_SP7":"0","ALARM_SP8":"0","ERR_CD":"0","OPER_MODE":"0","SENS_TEMP":"0","SENS_TEMP_CONF":"0","SENS_TEMP_OUT":"0","MAX_TEMP_ALARM_YN":"0","MAX_TEMP":"0","MIN_TEMP_ALARM_YN":"0","MIN_TEMP":"0","DEFROST_SENS_TEMP":"0","DEFW_OWNER":"0","DEFROST_TEMP_CONF":"0","DEFROST_TERM":"0","DEFROST_DELAY":"0","DEWATER_DELAY":"0"}]}
17-04-24 12:24:20,188 ClientHandlerThread INFO  Write data : 02 00 04 02 01 76 43 03 
17-04-24 12:24:20,189 ClientHandlerThread INFO  Writed data length : 8
17-04-24 12:24:24,590 ClientHandlerThread INFO  read length : 46
17-04-24 12:24:24,591 ClientHandlerThread DEBUG STX=02
17-04-24 12:24:24,591 ClientHandlerThread DEBUG ETX=03
17-04-24 12:24:24,592 ClientHandlerThread DEBUG LEN=2a
17-04-24 12:24:24,592 ClientHandlerThread DEBUG DATA CRC=-26201
17-04-24 12:24:24,592 ClientHandlerThread DEBUG CHEC CRC=-26201
17-04-24 12:24:24,593 ClientHandlerThread DEBUG CMD=0a
17-04-24 12:24:24,593 ClientHandlerThread INFO  냉난방 온도제어결과 수신
17-04-24 12:24:24,594 ClientHandlerThread INFO  RESULT=1
17-04-24 12:24:24,595 ClientHandlerThread INFO  STR CD=01
17-04-24 12:24:24,595 ClientHandlerThread INFO  GW ID=1
17-04-24 12:24:30,081 ClientHandlerThread INFO  Connected client size : 0
17-04-24 12:24:30,082 ClientHandlerThread INFO  Client is closed
