17-04-24 14:57:38,208 ClientHandlerThread INFO  Client is started
17-04-24 14:57:38,245 ClientHandlerThread INFO  read length : 50
17-04-24 14:57:38,247 ClientHandlerThread DEBUG STX=02
17-04-24 14:57:38,247 ClientHandlerThread DEBUG ETX=03
17-04-24 14:57:38,248 ClientHandlerThread DEBUG LEN=2e
17-04-24 14:57:38,249 ClientHandlerThread DEBUG DATA CRC=17306
17-04-24 14:57:38,249 ClientHandlerThread DEBUG CHEC CRC=17306
17-04-24 14:57:38,250 ClientHandlerThread DEBUG CMD=01
17-04-24 14:57:38,250 ClientHandlerThread INFO  Client 접속 정보 수신
17-04-24 14:57:38,254 ClientHandlerThread INFO  Version=1.0
17-04-24 14:57:38,254 ClientHandlerThread INFO  IP=192.168.10.26
17-04-24 14:57:38,255 ClientHandlerThread INFO  MAC=B8-27-EB-F5-43-E4
17-04-24 14:57:38,255 ClientHandlerThread INFO  STR CD=01
17-04-24 14:57:38,256 ClientHandlerThread INFO  GW ID=1
17-04-24 14:57:38,523 ClientHandlerThread INFO  Client 접속 정보 수신 결과 전송
17-04-24 14:57:38,524 ClientHandlerThread INFO  STR CD=01
17-04-24 14:57:38,525 ClientHandlerThread INFO  GW ID=1
17-04-24 14:57:38,527 ClientHandlerThread INFO  Write data : 02 00 4c 01 01 30 31 00 00 00 00 00 00 00 00 00 00 00 00 00 00 00 00 00 00 00 01 06 0f 10 14 00 00 65 90 00 01 01 01 01 03 03 02 02 03 03 01 01 18 18 17 16 16 16 16 16 17 18 19 19 00 00 00 00 00 00 00 00 00 00 00 00 00 00 00 00 00 2d 50 03 
17-04-24 14:57:38,529 ClientHandlerThread INFO  Writed data length : 80
17-04-24 14:58:08,878 ClientHandlerThread INFO  read length : 7
17-04-24 14:58:08,879 ClientHandlerThread DEBUG STX=02
17-04-24 14:58:08,879 ClientHandlerThread DEBUG ETX=03
17-04-24 14:58:08,880 ClientHandlerThread DEBUG LEN=3
17-04-24 14:58:08,880 ClientHandlerThread DEBUG DATA CRC=0
17-04-24 14:58:08,881 ClientHandlerThread DEBUG CHEC CRC=0
17-04-24 14:58:08,881 ClientHandlerThread DEBUG CMD=00
17-04-24 14:58:08,881 ClientHandlerThread INFO  Echo 수신
17-04-24 14:58:08,882 ClientHandlerThread INFO  Write data : 02 00 03 00 00 00 03 
17-04-24 14:58:08,883 ClientHandlerThread INFO  Writed data length : 7
17-04-24 14:58:43,870 ClientHandlerThread INFO  read length : 7
17-04-24 14:58:43,870 ClientHandlerThread DEBUG STX=02
17-04-24 14:58:43,871 ClientHandlerThread DEBUG ETX=03
17-04-24 14:58:43,871 ClientHandlerThread DEBUG LEN=3
17-04-24 14:58:43,871 ClientHandlerThread DEBUG DATA CRC=0
17-04-24 14:58:43,872 ClientHandlerThread DEBUG CHEC CRC=0
17-04-24 14:58:43,872 ClientHandlerThread DEBUG CMD=00
17-04-24 14:58:43,872 ClientHandlerThread INFO  Echo 수신
17-04-24 14:58:43,874 ClientHandlerThread INFO  Write data : 02 00 03 00 00 00 03 
17-04-24 14:58:43,874 ClientHandlerThread INFO  Writed data length : 7
17-04-24 14:59:11,679 ClientHandlerThread INFO  Connected client size : 0
17-04-24 14:59:11,680 ClientHandlerThread INFO  Client is closed
