17-04-24 14:31:43,047 ClientHandlerThread INFO  Client is started
17-04-24 14:31:43,076 ClientHandlerThread INFO  read length : 50
17-04-24 14:31:43,078 ClientHandlerThread DEBUG STX=02
17-04-24 14:31:43,079 ClientHandlerThread DEBUG ETX=03
17-04-24 14:31:43,079 ClientHandlerThread DEBUG LEN=2e
17-04-24 14:31:43,080 ClientHandlerThread DEBUG DATA CRC=17306
17-04-24 14:31:43,081 ClientHandlerThread DEBUG CHEC CRC=17306
17-04-24 14:31:43,081 ClientHandlerThread DEBUG CMD=01
17-04-24 14:31:43,082 ClientHandlerThread INFO  Client 접속 정보 수신
17-04-24 14:31:43,084 ClientHandlerThread INFO  Version=1.0
17-04-24 14:31:43,085 ClientHandlerThread INFO  IP=192.168.10.26
17-04-24 14:31:43,086 ClientHandlerThread INFO  MAC=B8-27-EB-F5-43-E4
17-04-24 14:31:43,086 ClientHandlerThread INFO  STR CD=01
17-04-24 14:31:43,087 ClientHandlerThread INFO  GW ID=1
17-04-24 14:31:43,367 ClientHandlerThread INFO  Client 접속 정보 수신 결과 전송
17-04-24 14:31:43,370 ClientHandlerThread INFO  Write data : 02 00 4c 01 01 30 31 00 00 00 00 00 00 00 00 00 00 00 00 00 00 00 00 00 00 00 01 06 0f 10 14 00 00 65 90 00 01 01 01 01 03 03 02 02 03 03 01 01 18 18 17 16 16 16 16 16 17 18 19 19 00 00 00 00 00 00 00 00 00 00 00 00 00 00 00 00 00 2d 50 03 
17-04-24 14:31:43,372 ClientHandlerThread INFO  Writed data length : 80
17-04-24 14:32:13,895 ClientHandlerThread INFO  read length : 7
17-04-24 14:32:13,896 ClientHandlerThread DEBUG STX=02
17-04-24 14:32:13,896 ClientHandlerThread DEBUG ETX=03
17-04-24 14:32:13,897 ClientHandlerThread DEBUG LEN=3
17-04-24 14:32:13,897 ClientHandlerThread DEBUG DATA CRC=0
17-04-24 14:32:13,898 ClientHandlerThread DEBUG CHEC CRC=0
17-04-24 14:32:13,898 ClientHandlerThread DEBUG CMD=00
17-04-24 14:32:13,899 ClientHandlerThread INFO  Echo 수신
17-04-24 14:32:13,900 ClientHandlerThread INFO  Write data : 02 00 03 00 00 00 03 
17-04-24 14:32:13,901 ClientHandlerThread INFO  Writed data length : 7
17-04-24 14:32:48,904 ClientHandlerThread INFO  read length : 7
17-04-24 14:32:48,905 ClientHandlerThread DEBUG STX=02
17-04-24 14:32:48,905 ClientHandlerThread DEBUG ETX=03
17-04-24 14:32:48,906 ClientHandlerThread DEBUG LEN=3
17-04-24 14:32:48,906 ClientHandlerThread DEBUG DATA CRC=0
17-04-24 14:32:48,907 ClientHandlerThread DEBUG CHEC CRC=0
17-04-24 14:32:48,907 ClientHandlerThread DEBUG CMD=00
17-04-24 14:32:48,908 ClientHandlerThread INFO  Echo 수신
17-04-24 14:32:48,909 ClientHandlerThread INFO  Write data : 02 00 03 00 00 00 03 
17-04-24 14:32:48,910 ClientHandlerThread INFO  Writed data length : 7
17-04-24 14:33:23,896 ClientHandlerThread INFO  read length : 7
17-04-24 14:33:23,897 ClientHandlerThread DEBUG STX=02
17-04-24 14:33:23,897 ClientHandlerThread DEBUG ETX=03
17-04-24 14:33:23,898 ClientHandlerThread DEBUG LEN=3
17-04-24 14:33:23,898 ClientHandlerThread DEBUG DATA CRC=0
17-04-24 14:33:23,899 ClientHandlerThread DEBUG CHEC CRC=0
17-04-24 14:33:23,899 ClientHandlerThread DEBUG CMD=00
17-04-24 14:33:23,900 ClientHandlerThread INFO  Echo 수신
17-04-24 14:33:23,901 ClientHandlerThread INFO  Write data : 02 00 03 00 00 00 03 
17-04-24 14:33:23,901 ClientHandlerThread INFO  Writed data length : 7
17-04-24 14:33:58,896 ClientHandlerThread INFO  read length : 7
17-04-24 14:33:58,896 ClientHandlerThread DEBUG STX=02
17-04-24 14:33:58,897 ClientHandlerThread DEBUG ETX=03
17-04-24 14:33:58,897 ClientHandlerThread DEBUG LEN=3
17-04-24 14:33:58,898 ClientHandlerThread DEBUG DATA CRC=0
17-04-24 14:33:58,898 ClientHandlerThread DEBUG CHEC CRC=0
17-04-24 14:33:58,899 ClientHandlerThread DEBUG CMD=00
17-04-24 14:33:58,899 ClientHandlerThread INFO  Echo 수신
17-04-24 14:33:58,900 ClientHandlerThread INFO  Write data : 02 00 03 00 00 00 03 
17-04-24 14:33:58,901 ClientHandlerThread INFO  Writed data length : 7
17-04-24 14:34:19,933 ClientHandlerThread INFO  read length : 701
17-04-24 14:34:19,934 ClientHandlerThread DEBUG STX=02
17-04-24 14:34:19,935 ClientHandlerThread DEBUG ETX=03
17-04-24 14:34:19,935 ClientHandlerThread DEBUG LEN=2b9
17-04-24 14:34:19,936 ClientHandlerThread DEBUG DATA CRC=20045
17-04-24 14:34:19,936 ClientHandlerThread DEBUG CHEC CRC=20045
17-04-24 14:34:19,936 ClientHandlerThread DEBUG CMD=02
17-04-24 14:34:19,937 ClientHandlerThread INFO  Data 수신
17-04-24 14:34:19,938 ClientHandlerThread INFO  통신상태=0
17-04-24 14:34:19,939 ClientHandlerThread INFO  STR CD=01
17-04-24 14:34:19,939 ClientHandlerThread INFO  GW ID=1
17-04-24 14:34:20,044 ClientHandlerThread DEBUG {"STR_CD":"01","REGI_ID":"01","YYYYMMDD":"20170424","HHMIN":"1435","PMC":{"EP_1CH_EFT_WATAGE":"3452","EP_1CH_5MIN_WATAGE":"0","EP_1CH_ACT_WATAGE":"0","EP_1CH_STATUS":"0","EP_2CH_EFT_WATAGE":"3","EP_2CH_5MIN_WATAGE":"0","EP_2CH_ACT_WATAGE":"0","EP_2CH_STATUS":"0","EP_3CH_EFT_WATAGE":"0","EP_3CH_5MIN_WATAGE":"0","EP_3CH_ACT_WATAGE":"0","EP_3CH_STATUS":"0","EP_4CH_EFT_WATAGE":"17","EP_4CH_5MIN_WATAGE":"0","EP_4CH_ACT_WATAGE":"0","EP_4CH_STATUS":"0","EP_5CH_EFT_WATAGE":"0","EP_5CH_5MIN_WATAGE":"0","EP_5CH_ACT_WATAGE":"0","EP_5CH_STATUS":"0","EP_6CH_EFT_WATAGE":"0","EP_6CH_5MIN_WATAGE":"0","EP_6CH_ACT_WATAGE":"0","EP_6CH_STATUS":"0","EP_7CH_R_EFT_WATAGE":"0","EP_7CH_R_5MIN_WATAGE":"0","EP_7CH_R_ACT_WATAGE":"0","EP_7CH_R_STATUS":"0","EP_7CH_S_EFT_WATAGE":"0","EP_7CH_S_5MIN_WATAGE":"0","EP_7CH_S_ACT_WATAGE":"0","EP_7CH_S_STATUS":"0","EP_7CH_T_EFT_WATAGE":"0","EP_7CH_T_5MIN_WATAGE":"0","EP_7CH_T_ACT_WATAGE":"0","EP_7CH_T_STATUS":"0","EP_8CH_R_EFT_WATAGE":"0","EP_8CH_R_5MIN_WATAGE":"0","EP_8CH_R_ACT_WATAGE":"0","EP_8CH_R_STATUS":"0","EP_8CH_S_EFT_WATAGE":"0","EP_8CH_S_5MIN_WATAGE":"0","EP_8CH_S_ACT_WATAGE":"0","EP_8CH_S_STATUS":"0","EP_8CH_T_EFT_WATAGE":"0","EP_8CH_T_5MIN_WATAGE":"0","EP_8CH_T_ACT_WATAGE":"0","EP_8CH_T_STATUS":"0"},"TEMON":[{"PORT_NO":"1","SENS_TEMP":"2781"},{"PORT_NO":"2","SENS_TEMP":"-9999"},{"PORT_NO":"3","SENS_TEMP":"-9999"},{"PORT_NO":"4","SENS_TEMP":"-9999"},{"PORT_NO":"5","SENS_TEMP":"-9999"},{"PORT_NO":"6","SENS_TEMP":"-9999"},{"PORT_NO":"7","SENS_TEMP":"-9999"},{"PORT_NO":"8","SENS_TEMP":"-9999"},{"PORT_NO":"9","SENS_TEMP":"-9999"},{"PORT_NO":"10","SENS_TEMP":"-9999"},{"PORT_NO":"11","SENS_TEMP":"-9999"},{"PORT_NO":"12","SENS_TEMP":"-9999"},{"PORT_NO":"13","SENS_TEMP":"-9999"},{"PORT_NO":"14","SENS_TEMP":"-9999"},{"PORT_NO":"15","SENS_TEMP":"-9999"},{"PORT_NO":"16","SENS_TEMP":"-9999"}],"SIGN_STAT_CD":"0","ALMON":[{"PORT_NO":"1","SENS_TEMP":"1"},{"PORT_NO":"2","SENS_TEMP":"0"},{"PORT_NO":"3","SENS_TEMP":"0"},{"PORT_NO":"4","SENS_TEMP":"0"}],"HACON":[{"HACON_STAT_CD":"0","SENSE_TEMP":"3254","SENSE_HUMID":"0"},{"HACON_STAT_CD":"0","SENSE_TEMP":"-9999","SENSE_HUMID":"0"},{"HACON_STAT_CD":"0","SENSE_TEMP":"-9999","SENSE_HUMID":"0"},{"HACON_STAT_CD":"0","SENSE_TEMP":"-9999","SENSE_HUMID":"0"},{"HACON_STAT_CD":"0","SENSE_TEMP":"-9999","SENSE_HUMID":"0"}],"TSENSOR":[{"T_SENSOR_STAT_CD":"0","T_SENSOR_SENSE_TEMP":"2490","T_SENSOR_SENSE_HUMID":"2228"},{"T_SENSOR_STAT_CD":"0","T_SENSOR_SENSE_TEMP":"-9999","T_SENSOR_SENSE_HUMID":"-9999"},{"T_SENSOR_STAT_CD":"0","T_SENSOR_SENSE_TEMP":"-9999","T_SENSOR_SENSE_HUMID":"-9999"},{"T_SENSOR_STAT_CD":"0","T_SENSOR_SENSE_TEMP":"-9999","T_SENSOR_SENSE_HUMID":"-9999"},{"T_SENSOR_STAT_CD":"0","T_SENSOR_SENSE_TEMP":"-9999","T_SENSOR_SENSE_HUMID":"-9999"}],"BLE_CNT":"0","BLE":[{"BLE_GUBUN":"0","BLE_SENSE_TEMP":"-9999","BLE_SENSE_HUMID":"-9999","BLE_BATTERY":"0"},{"BLE_GUBUN":"0","BLE_SENSE_TEMP":"-9999","BLE_SENSE_HUMID":"-9999","BLE_BATTERY":"0"},{"BLE_GUBUN":"0","BLE_SENSE_TEMP":"-9999","BLE_SENSE_HUMID":"-9999","BLE_BATTERY":"0"},{"BLE_GUBUN":"0","BLE_SENSE_TEMP":"-9999","BLE_SENSE_HUMID":"-9999","BLE_BATTERY":"0"},{"BLE_GUBUN":"0","BLE_SENSE_TEMP":"-9999","BLE_SENSE_HUMID":"-9999","BLE_BATTERY":"0"},{"BLE_GUBUN":"0","BLE_SENSE_TEMP":"-9999","BLE_SENSE_HUMID":"-9999","BLE_BATTERY":"0"},{"BLE_GUBUN":"0","BLE_SENSE_TEMP":"-9999","BLE_SENSE_HUMID":"-9999","BLE_BATTERY":"0"},{"BLE_GUBUN":"0","BLE_SENSE_TEMP":"-9999","BLE_SENSE_HUMID":"-9999","BLE_BATTERY":"0"},{"BLE_GUBUN":"0","BLE_SENSE_TEMP":"-9999","BLE_SENSE_HUMID":"-9999","BLE_BATTERY":"0"},{"BLE_GUBUN":"0","BLE_SENSE_TEMP":"-9999","BLE_SENSE_HUMID":"-9999","BLE_BATTERY":"0"}],"HUB_CNT":"0","HUB":[{"ADDR":"0","FW_VER":"0","TYPE":"0","MODEL":"0","CAPACITY":"0","ALARM_MASK1":"0","ALARM_MASK2":"0","ALARM_MASK3":"0","ALARM_MASK4":"0","ALARM_MASK5":"0","ALARM_MASK6":"0","ALARM_MASK7":"0","ALARM_MASK8":"0","ALARM_SP1":"0","ALARM_SP2":"0","ALARM_SP3":"0","ALARM_SP4":"0","ALARM_SP5":"0","ALARM_SP6":"0","ALARM_SP7":"0","ALARM_SP8":"0","ERR_CD":"0","OPER_MODE":"0","SENS_TEMP":"0","SENS_TEMP_CONF":"0","SENS_TEMP_OUT":"0","MAX_TEMP_ALARM_YN":"0","MAX_TEMP":"0","MIN_TEMP_ALARM_YN":"0","MIN_TEMP":"0","DEFROST_SENS_TEMP":"0","DEFW_OWNER":"0","DEFROST_TEMP_CONF":"0","DEFROST_TERM":"0","DEFROST_DELAY":"0","DEWATER_DELAY":"0"},{"ADDR":"0","FW_VER":"0","TYPE":"0","MODEL":"0","CAPACITY":"0","ALARM_MASK1":"0","ALARM_MASK2":"0","ALARM_MASK3":"0","ALARM_MASK4":"0","ALARM_MASK5":"0","ALARM_MASK6":"0","ALARM_MASK7":"0","ALARM_MASK8":"0","ALARM_SP1":"0","ALARM_SP2":"0","ALARM_SP3":"0","ALARM_SP4":"0","ALARM_SP5":"0","ALARM_SP6":"0","ALARM_SP7":"0","ALARM_SP8":"0","ERR_CD":"0","OPER_MODE":"0","SENS_TEMP":"0","SENS_TEMP_CONF":"0","SENS_TEMP_OUT":"0","MAX_TEMP_ALARM_YN":"0","MAX_TEMP":"0","MIN_TEMP_ALARM_YN":"0","MIN_TEMP":"0","DEFROST_SENS_TEMP":"0","DEFW_OWNER":"0","DEFROST_TEMP_CONF":"0","DEFROST_TERM":"0","DEFROST_DELAY":"0","DEWATER_DELAY":"0"},{"ADDR":"0","FW_VER":"0","TYPE":"0","MODEL":"0","CAPACITY":"0","ALARM_MASK1":"0","ALARM_MASK2":"0","ALARM_MASK3":"0","ALARM_MASK4":"0","ALARM_MASK5":"0","ALARM_MASK6":"0","ALARM_MASK7":"0","ALARM_MASK8":"0","ALARM_SP1":"0","ALARM_SP2":"0","ALARM_SP3":"0","ALARM_SP4":"0","ALARM_SP5":"0","ALARM_SP6":"0","ALARM_SP7":"0","ALARM_SP8":"0","ERR_CD":"0","OPER_MODE":"0","SENS_TEMP":"0","SENS_TEMP_CONF":"0","SENS_TEMP_OUT":"0","MAX_TEMP_ALARM_YN":"0","MAX_TEMP":"0","MIN_TEMP_ALARM_YN":"0","MIN_TEMP":"0","DEFROST_SENS_TEMP":"0","DEFW_OWNER":"0","DEFROST_TEMP_CONF":"0","DEFROST_TERM":"0","DEFROST_DELAY":"0","DEWATER_DELAY":"0"},{"ADDR":"0","FW_VER":"0","TYPE":"0","MODEL":"0","CAPACITY":"0","ALARM_MASK1":"0","ALARM_MASK2":"0","ALARM_MASK3":"0","ALARM_MASK4":"0","ALARM_MASK5":"0","ALARM_MASK6":"0","ALARM_MASK7":"0","ALARM_MASK8":"0","ALARM_SP1":"0","ALARM_SP2":"0","ALARM_SP3":"0","ALARM_SP4":"0","ALARM_SP5":"0","ALARM_SP6":"0","ALARM_SP7":"0","ALARM_SP8":"0","ERR_CD":"0","OPER_MODE":"0","SENS_TEMP":"0","SENS_TEMP_CONF":"0","SENS_TEMP_OUT":"0","MAX_TEMP_ALARM_YN":"0","MAX_TEMP":"0","MIN_TEMP_ALARM_YN":"0","MIN_TEMP":"0","DEFROST_SENS_TEMP":"0","DEFW_OWNER":"0","DEFROST_TEMP_CONF":"0","DEFROST_TERM":"0","DEFROST_DELAY":"0","DEWATER_DELAY":"0"},{"ADDR":"0","FW_VER":"0","TYPE":"0","MODEL":"0","CAPACITY":"0","ALARM_MASK1":"0","ALARM_MASK2":"0","ALARM_MASK3":"0","ALARM_MASK4":"0","ALARM_MASK5":"0","ALARM_MASK6":"0","ALARM_MASK7":"0","ALARM_MASK8":"0","ALARM_SP1":"0","ALARM_SP2":"0","ALARM_SP3":"0","ALARM_SP4":"0","ALARM_SP5":"0","ALARM_SP6":"0","ALARM_SP7":"0","ALARM_SP8":"0","ERR_CD":"0","OPER_MODE":"0","SENS_TEMP":"0","SENS_TEMP_CONF":"0","SENS_TEMP_OUT":"0","MAX_TEMP_ALARM_YN":"0","MAX_TEMP":"0","MIN_TEMP_ALARM_YN":"0","MIN_TEMP":"0","DEFROST_SENS_TEMP":"0","DEFW_OWNER":"0","DEFROST_TEMP_CONF":"0","DEFROST_TERM":"0","DEFROST_DELAY":"0","DEWATER_DELAY":"0"},{"ADDR":"0","FW_VER":"0","TYPE":"0","MODEL":"0","CAPACITY":"0","ALARM_MASK1":"0","ALARM_MASK2":"0","ALARM_MASK3":"0","ALARM_MASK4":"0","ALARM_MASK5":"0","ALARM_MASK6":"0","ALARM_MASK7":"0","ALARM_MASK8":"0","ALARM_SP1":"0","ALARM_SP2":"0","ALARM_SP3":"0","ALARM_SP4":"0","ALARM_SP5":"0","ALARM_SP6":"0","ALARM_SP7":"0","ALARM_SP8":"0","ERR_CD":"0","OPER_MODE":"0","SENS_TEMP":"0","SENS_TEMP_CONF":"0","SENS_TEMP_OUT":"0","MAX_TEMP_ALARM_YN":"0","MAX_TEMP":"0","MIN_TEMP_ALARM_YN":"0","MIN_TEMP":"0","DEFROST_SENS_TEMP":"0","DEFW_OWNER":"0","DEFROST_TEMP_CONF":"0","DEFROST_TERM":"0","DEFROST_DELAY":"0","DEWATER_DELAY":"0"},{"ADDR":"0","FW_VER":"0","TYPE":"0","MODEL":"0","CAPACITY":"0","ALARM_MASK1":"0","ALARM_MASK2":"0","ALARM_MASK3":"0","ALARM_MASK4":"0","ALARM_MASK5":"0","ALARM_MASK6":"0","ALARM_MASK7":"0","ALARM_MASK8":"0","ALARM_SP1":"0","ALARM_SP2":"0","ALARM_SP3":"0","ALARM_SP4":"0","ALARM_SP5":"0","ALARM_SP6":"0","ALARM_SP7":"0","ALARM_SP8":"0","ERR_CD":"0","OPER_MODE":"0","SENS_TEMP":"0","SENS_TEMP_CONF":"0","SENS_TEMP_OUT":"0","MAX_TEMP_ALARM_YN":"0","MAX_TEMP":"0","MIN_TEMP_ALARM_YN":"0","MIN_TEMP":"0","DEFROST_SENS_TEMP":"0","DEFW_OWNER":"0","DEFROST_TEMP_CONF":"0","DEFROST_TERM":"0","DEFROST_DELAY":"0","DEWATER_DELAY":"0"},{"ADDR":"0","FW_VER":"0","TYPE":"0","MODEL":"0","CAPACITY":"0","ALARM_MASK1":"0","ALARM_MASK2":"0","ALARM_MASK3":"0","ALARM_MASK4":"0","ALARM_MASK5":"0","ALARM_MASK6":"0","ALARM_MASK7":"0","ALARM_MASK8":"0","ALARM_SP1":"0","ALARM_SP2":"0","ALARM_SP3":"0","ALARM_SP4":"0","ALARM_SP5":"0","ALARM_SP6":"0","ALARM_SP7":"0","ALARM_SP8":"0","ERR_CD":"0","OPER_MODE":"0","SENS_TEMP":"0","SENS_TEMP_CONF":"0","SENS_TEMP_OUT":"0","MAX_TEMP_ALARM_YN":"0","MAX_TEMP":"0","MIN_TEMP_ALARM_YN":"0","MIN_TEMP":"0","DEFROST_SENS_TEMP":"0","DEFW_OWNER":"0","DEFROST_TEMP_CONF":"0","DEFROST_TERM":"0","DEFROST_DELAY":"0","DEWATER_DELAY":"0"}]}
17-04-24 14:34:20,055 ClientHandlerThread INFO  Write data : 02 00 04 02 01 76 43 03 
17-04-24 14:34:20,056 ClientHandlerThread INFO  Writed data length : 8
17-04-24 14:34:22,306 ClientHandlerThread INFO  read length : 46
17-04-24 14:34:22,307 ClientHandlerThread DEBUG STX=02
17-04-24 14:34:22,308 ClientHandlerThread DEBUG ETX=03
17-04-24 14:34:22,309 ClientHandlerThread DEBUG LEN=2a
17-04-24 14:34:22,309 ClientHandlerThread DEBUG DATA CRC=4488
17-04-24 14:34:22,310 ClientHandlerThread DEBUG CHEC CRC=4488
17-04-24 14:34:22,310 ClientHandlerThread DEBUG CMD=0a
17-04-24 14:34:22,311 ClientHandlerThread INFO  냉난방 온도제어결과 수신
17-04-24 14:34:22,312 ClientHandlerThread INFO  RESULT=1
17-04-24 14:34:22,312 ClientHandlerThread INFO  STR CD=01
17-04-24 14:34:22,312 ClientHandlerThread INFO  GW ID=1
17-04-24 14:34:22,313 ClientHandlerThread INFO  SENSE_TEMP=24
17-04-24 14:35:18,893 ClientHandlerThread INFO  read length : 7
17-04-24 14:35:18,893 ClientHandlerThread DEBUG STX=02
17-04-24 14:35:18,894 ClientHandlerThread DEBUG ETX=03
17-04-24 14:35:18,894 ClientHandlerThread DEBUG LEN=3
17-04-24 14:35:18,895 ClientHandlerThread DEBUG DATA CRC=0
17-04-24 14:35:18,895 ClientHandlerThread DEBUG CHEC CRC=0
17-04-24 14:35:18,896 ClientHandlerThread DEBUG CMD=00
17-04-24 14:35:18,896 ClientHandlerThread INFO  Echo 수신
17-04-24 14:35:18,897 ClientHandlerThread INFO  Write data : 02 00 03 00 00 00 03 
17-04-24 14:35:18,898 ClientHandlerThread INFO  Writed data length : 7
17-04-24 14:35:53,890 ClientHandlerThread INFO  read length : 7
17-04-24 14:35:53,891 ClientHandlerThread DEBUG STX=02
17-04-24 14:35:53,891 ClientHandlerThread DEBUG ETX=03
17-04-24 14:35:53,891 ClientHandlerThread DEBUG LEN=3
17-04-24 14:35:53,892 ClientHandlerThread DEBUG DATA CRC=0
17-04-24 14:35:53,892 ClientHandlerThread DEBUG CHEC CRC=0
17-04-24 14:35:53,893 ClientHandlerThread DEBUG CMD=00
17-04-24 14:35:53,893 ClientHandlerThread INFO  Echo 수신
17-04-24 14:35:53,894 ClientHandlerThread INFO  Write data : 02 00 03 00 00 00 03 
17-04-24 14:35:53,895 ClientHandlerThread INFO  Writed data length : 7
17-04-24 14:36:28,889 ClientHandlerThread INFO  read length : 7
17-04-24 14:36:28,890 ClientHandlerThread DEBUG STX=02
17-04-24 14:36:28,890 ClientHandlerThread DEBUG ETX=03
17-04-24 14:36:28,890 ClientHandlerThread DEBUG LEN=3
17-04-24 14:36:28,891 ClientHandlerThread DEBUG DATA CRC=0
17-04-24 14:36:28,891 ClientHandlerThread DEBUG CHEC CRC=0
17-04-24 14:36:28,891 ClientHandlerThread DEBUG CMD=00
17-04-24 14:36:28,892 ClientHandlerThread INFO  Echo 수신
17-04-24 14:36:28,893 ClientHandlerThread INFO  Write data : 02 00 03 00 00 00 03 
17-04-24 14:36:28,894 ClientHandlerThread INFO  Writed data length : 7
17-04-24 14:37:03,891 ClientHandlerThread INFO  read length : 7
17-04-24 14:37:03,891 ClientHandlerThread DEBUG STX=02
17-04-24 14:37:03,892 ClientHandlerThread DEBUG ETX=03
17-04-24 14:37:03,892 ClientHandlerThread DEBUG LEN=3
17-04-24 14:37:03,892 ClientHandlerThread DEBUG DATA CRC=0
17-04-24 14:37:03,893 ClientHandlerThread DEBUG CHEC CRC=0
17-04-24 14:37:03,893 ClientHandlerThread DEBUG CMD=00
17-04-24 14:37:03,893 ClientHandlerThread INFO  Echo 수신
17-04-24 14:37:03,894 ClientHandlerThread INFO  Write data : 02 00 03 00 00 00 03 
17-04-24 14:37:03,895 ClientHandlerThread INFO  Writed data length : 7
17-04-24 14:37:38,896 ClientHandlerThread INFO  read length : 7
17-04-24 14:37:38,896 ClientHandlerThread DEBUG STX=02
17-04-24 14:37:38,896 ClientHandlerThread DEBUG ETX=03
17-04-24 14:37:38,897 ClientHandlerThread DEBUG LEN=3
17-04-24 14:37:38,897 ClientHandlerThread DEBUG DATA CRC=0
17-04-24 14:37:38,898 ClientHandlerThread DEBUG CHEC CRC=0
17-04-24 14:37:38,898 ClientHandlerThread DEBUG CMD=00
17-04-24 14:37:38,899 ClientHandlerThread INFO  Echo 수신
17-04-24 14:37:38,900 ClientHandlerThread INFO  Write data : 02 00 03 00 00 00 03 
17-04-24 14:37:38,901 ClientHandlerThread INFO  Writed data length : 7
17-04-24 14:38:13,890 ClientHandlerThread INFO  read length : 7
17-04-24 14:38:13,890 ClientHandlerThread DEBUG STX=02
17-04-24 14:38:13,891 ClientHandlerThread DEBUG ETX=03
17-04-24 14:38:13,891 ClientHandlerThread DEBUG LEN=3
17-04-24 14:38:13,892 ClientHandlerThread DEBUG DATA CRC=0
17-04-24 14:38:13,892 ClientHandlerThread DEBUG CHEC CRC=0
17-04-24 14:38:13,893 ClientHandlerThread DEBUG CMD=00
17-04-24 14:38:13,893 ClientHandlerThread INFO  Echo 수신
17-04-24 14:38:13,894 ClientHandlerThread INFO  Write data : 02 00 03 00 00 00 03 
17-04-24 14:38:13,895 ClientHandlerThread INFO  Writed data length : 7
17-04-24 14:38:48,893 ClientHandlerThread INFO  read length : 7
17-04-24 14:38:48,894 ClientHandlerThread DEBUG STX=02
17-04-24 14:38:48,894 ClientHandlerThread DEBUG ETX=03
17-04-24 14:38:48,895 ClientHandlerThread DEBUG LEN=3
17-04-24 14:38:48,895 ClientHandlerThread DEBUG DATA CRC=0
17-04-24 14:38:48,895 ClientHandlerThread DEBUG CHEC CRC=0
17-04-24 14:38:48,896 ClientHandlerThread DEBUG CMD=00
17-04-24 14:38:48,896 ClientHandlerThread INFO  Echo 수신
17-04-24 14:38:48,897 ClientHandlerThread INFO  Write data : 02 00 03 00 00 00 03 
17-04-24 14:38:48,898 ClientHandlerThread INFO  Writed data length : 7
17-04-24 14:39:19,886 ClientHandlerThread INFO  read length : 701
17-04-24 14:39:19,887 ClientHandlerThread DEBUG STX=02
17-04-24 14:39:19,887 ClientHandlerThread DEBUG ETX=03
17-04-24 14:39:19,888 ClientHandlerThread DEBUG LEN=2b9
17-04-24 14:39:19,888 ClientHandlerThread DEBUG DATA CRC=6042
17-04-24 14:39:19,888 ClientHandlerThread DEBUG CHEC CRC=6042
17-04-24 14:39:19,889 ClientHandlerThread DEBUG CMD=02
17-04-24 14:39:19,889 ClientHandlerThread INFO  Data 수신
17-04-24 14:39:19,890 ClientHandlerThread INFO  통신상태=0
17-04-24 14:39:19,890 ClientHandlerThread INFO  STR CD=01
17-04-24 14:39:19,891 ClientHandlerThread INFO  GW ID=1
17-04-24 14:39:19,906 ClientHandlerThread DEBUG {"STR_CD":"01","REGI_ID":"01","YYYYMMDD":"20170424","HHMIN":"1440","PMC":{"EP_1CH_EFT_WATAGE":"3452","EP_1CH_5MIN_WATAGE":"0","EP_1CH_ACT_WATAGE":"0","EP_1CH_STATUS":"0","EP_2CH_EFT_WATAGE":"3","EP_2CH_5MIN_WATAGE":"0","EP_2CH_ACT_WATAGE":"0","EP_2CH_STATUS":"0","EP_3CH_EFT_WATAGE":"0","EP_3CH_5MIN_WATAGE":"0","EP_3CH_ACT_WATAGE":"0","EP_3CH_STATUS":"0","EP_4CH_EFT_WATAGE":"17","EP_4CH_5MIN_WATAGE":"0","EP_4CH_ACT_WATAGE":"0","EP_4CH_STATUS":"0","EP_5CH_EFT_WATAGE":"0","EP_5CH_5MIN_WATAGE":"0","EP_5CH_ACT_WATAGE":"0","EP_5CH_STATUS":"0","EP_6CH_EFT_WATAGE":"0","EP_6CH_5MIN_WATAGE":"0","EP_6CH_ACT_WATAGE":"0","EP_6CH_STATUS":"0","EP_7CH_R_EFT_WATAGE":"0","EP_7CH_R_5MIN_WATAGE":"0","EP_7CH_R_ACT_WATAGE":"0","EP_7CH_R_STATUS":"0","EP_7CH_S_EFT_WATAGE":"0","EP_7CH_S_5MIN_WATAGE":"0","EP_7CH_S_ACT_WATAGE":"0","EP_7CH_S_STATUS":"0","EP_7CH_T_EFT_WATAGE":"0","EP_7CH_T_5MIN_WATAGE":"0","EP_7CH_T_ACT_WATAGE":"0","EP_7CH_T_STATUS":"0","EP_8CH_R_EFT_WATAGE":"0","EP_8CH_R_5MIN_WATAGE":"0","EP_8CH_R_ACT_WATAGE":"0","EP_8CH_R_STATUS":"0","EP_8CH_S_EFT_WATAGE":"0","EP_8CH_S_5MIN_WATAGE":"0","EP_8CH_S_ACT_WATAGE":"0","EP_8CH_S_STATUS":"0","EP_8CH_T_EFT_WATAGE":"0","EP_8CH_T_5MIN_WATAGE":"0","EP_8CH_T_ACT_WATAGE":"0","EP_8CH_T_STATUS":"0"},"TEMON":[{"PORT_NO":"1","SENS_TEMP":"2778"},{"PORT_NO":"2","SENS_TEMP":"-9999"},{"PORT_NO":"3","SENS_TEMP":"-9999"},{"PORT_NO":"4","SENS_TEMP":"-9999"},{"PORT_NO":"5","SENS_TEMP":"-9999"},{"PORT_NO":"6","SENS_TEMP":"-9999"},{"PORT_NO":"7","SENS_TEMP":"-9999"},{"PORT_NO":"8","SENS_TEMP":"-9999"},{"PORT_NO":"9","SENS_TEMP":"-9999"},{"PORT_NO":"10","SENS_TEMP":"-9999"},{"PORT_NO":"11","SENS_TEMP":"-9999"},{"PORT_NO":"12","SENS_TEMP":"-9999"},{"PORT_NO":"13","SENS_TEMP":"-9999"},{"PORT_NO":"14","SENS_TEMP":"-9999"},{"PORT_NO":"15","SENS_TEMP":"-9999"},{"PORT_NO":"16","SENS_TEMP":"-9999"}],"SIGN_STAT_CD":"0","ALMON":[{"PORT_NO":"1","SENS_TEMP":"1"},{"PORT_NO":"2","SENS_TEMP":"0"},{"PORT_NO":"3","SENS_TEMP":"0"},{"PORT_NO":"4","SENS_TEMP":"0"}],"HACON":[{"HACON_STAT_CD":"0","SENSE_TEMP":"3309","SENSE_HUMID":"0"},{"HACON_STAT_CD":"0","SENSE_TEMP":"-9999","SENSE_HUMID":"0"},{"HACON_STAT_CD":"0","SENSE_TEMP":"-9999","SENSE_HUMID":"0"},{"HACON_STAT_CD":"0","SENSE_TEMP":"-9999","SENSE_HUMID":"0"},{"HACON_STAT_CD":"0","SENSE_TEMP":"-9999","SENSE_HUMID":"0"}],"TSENSOR":[{"T_SENSOR_STAT_CD":"0","T_SENSOR_SENSE_TEMP":"2492","T_SENSOR_SENSE_HUMID":"2222"},{"T_SENSOR_STAT_CD":"0","T_SENSOR_SENSE_TEMP":"-9999","T_SENSOR_SENSE_HUMID":"-9999"},{"T_SENSOR_STAT_CD":"0","T_SENSOR_SENSE_TEMP":"-9999","T_SENSOR_SENSE_HUMID":"-9999"},{"T_SENSOR_STAT_CD":"0","T_SENSOR_SENSE_TEMP":"-9999","T_SENSOR_SENSE_HUMID":"-9999"},{"T_SENSOR_STAT_CD":"0","T_SENSOR_SENSE_TEMP":"-9999","T_SENSOR_SENSE_HUMID":"-9999"}],"BLE_CNT":"0","BLE":[{"BLE_GUBUN":"0","BLE_SENSE_TEMP":"-9999","BLE_SENSE_HUMID":"-9999","BLE_BATTERY":"0"},{"BLE_GUBUN":"0","BLE_SENSE_TEMP":"-9999","BLE_SENSE_HUMID":"-9999","BLE_BATTERY":"0"},{"BLE_GUBUN":"0","BLE_SENSE_TEMP":"-9999","BLE_SENSE_HUMID":"-9999","BLE_BATTERY":"0"},{"BLE_GUBUN":"0","BLE_SENSE_TEMP":"-9999","BLE_SENSE_HUMID":"-9999","BLE_BATTERY":"0"},{"BLE_GUBUN":"0","BLE_SENSE_TEMP":"-9999","BLE_SENSE_HUMID":"-9999","BLE_BATTERY":"0"},{"BLE_GUBUN":"0","BLE_SENSE_TEMP":"-9999","BLE_SENSE_HUMID":"-9999","BLE_BATTERY":"0"},{"BLE_GUBUN":"0","BLE_SENSE_TEMP":"-9999","BLE_SENSE_HUMID":"-9999","BLE_BATTERY":"0"},{"BLE_GUBUN":"0","BLE_SENSE_TEMP":"-9999","BLE_SENSE_HUMID":"-9999","BLE_BATTERY":"0"},{"BLE_GUBUN":"0","BLE_SENSE_TEMP":"-9999","BLE_SENSE_HUMID":"-9999","BLE_BATTERY":"0"},{"BLE_GUBUN":"0","BLE_SENSE_TEMP":"-9999","BLE_SENSE_HUMID":"-9999","BLE_BATTERY":"0"}],"HUB_CNT":"0","HUB":[{"ADDR":"0","FW_VER":"0","TYPE":"0","MODEL":"0","CAPACITY":"0","ALARM_MASK1":"0","ALARM_MASK2":"0","ALARM_MASK3":"0","ALARM_MASK4":"0","ALARM_MASK5":"0","ALARM_MASK6":"0","ALARM_MASK7":"0","ALARM_MASK8":"0","ALARM_SP1":"0","ALARM_SP2":"0","ALARM_SP3":"0","ALARM_SP4":"0","ALARM_SP5":"0","ALARM_SP6":"0","ALARM_SP7":"0","ALARM_SP8":"0","ERR_CD":"0","OPER_MODE":"0","SENS_TEMP":"0","SENS_TEMP_CONF":"0","SENS_TEMP_OUT":"0","MAX_TEMP_ALARM_YN":"0","MAX_TEMP":"0","MIN_TEMP_ALARM_YN":"0","MIN_TEMP":"0","DEFROST_SENS_TEMP":"0","DEFW_OWNER":"0","DEFROST_TEMP_CONF":"0","DEFROST_TERM":"0","DEFROST_DELAY":"0","DEWATER_DELAY":"0"},{"ADDR":"0","FW_VER":"0","TYPE":"0","MODEL":"0","CAPACITY":"0","ALARM_MASK1":"0","ALARM_MASK2":"0","ALARM_MASK3":"0","ALARM_MASK4":"0","ALARM_MASK5":"0","ALARM_MASK6":"0","ALARM_MASK7":"0","ALARM_MASK8":"0","ALARM_SP1":"0","ALARM_SP2":"0","ALARM_SP3":"0","ALARM_SP4":"0","ALARM_SP5":"0","ALARM_SP6":"0","ALARM_SP7":"0","ALARM_SP8":"0","ERR_CD":"0","OPER_MODE":"0","SENS_TEMP":"0","SENS_TEMP_CONF":"0","SENS_TEMP_OUT":"0","MAX_TEMP_ALARM_YN":"0","MAX_TEMP":"0","MIN_TEMP_ALARM_YN":"0","MIN_TEMP":"0","DEFROST_SENS_TEMP":"0","DEFW_OWNER":"0","DEFROST_TEMP_CONF":"0","DEFROST_TERM":"0","DEFROST_DELAY":"0","DEWATER_DELAY":"0"},{"ADDR":"0","FW_VER":"0","TYPE":"0","MODEL":"0","CAPACITY":"0","ALARM_MASK1":"0","ALARM_MASK2":"0","ALARM_MASK3":"0","ALARM_MASK4":"0","ALARM_MASK5":"0","ALARM_MASK6":"0","ALARM_MASK7":"0","ALARM_MASK8":"0","ALARM_SP1":"0","ALARM_SP2":"0","ALARM_SP3":"0","ALARM_SP4":"0","ALARM_SP5":"0","ALARM_SP6":"0","ALARM_SP7":"0","ALARM_SP8":"0","ERR_CD":"0","OPER_MODE":"0","SENS_TEMP":"0","SENS_TEMP_CONF":"0","SENS_TEMP_OUT":"0","MAX_TEMP_ALARM_YN":"0","MAX_TEMP":"0","MIN_TEMP_ALARM_YN":"0","MIN_TEMP":"0","DEFROST_SENS_TEMP":"0","DEFW_OWNER":"0","DEFROST_TEMP_CONF":"0","DEFROST_TERM":"0","DEFROST_DELAY":"0","DEWATER_DELAY":"0"},{"ADDR":"0","FW_VER":"0","TYPE":"0","MODEL":"0","CAPACITY":"0","ALARM_MASK1":"0","ALARM_MASK2":"0","ALARM_MASK3":"0","ALARM_MASK4":"0","ALARM_MASK5":"0","ALARM_MASK6":"0","ALARM_MASK7":"0","ALARM_MASK8":"0","ALARM_SP1":"0","ALARM_SP2":"0","ALARM_SP3":"0","ALARM_SP4":"0","ALARM_SP5":"0","ALARM_SP6":"0","ALARM_SP7":"0","ALARM_SP8":"0","ERR_CD":"0","OPER_MODE":"0","SENS_TEMP":"0","SENS_TEMP_CONF":"0","SENS_TEMP_OUT":"0","MAX_TEMP_ALARM_YN":"0","MAX_TEMP":"0","MIN_TEMP_ALARM_YN":"0","MIN_TEMP":"0","DEFROST_SENS_TEMP":"0","DEFW_OWNER":"0","DEFROST_TEMP_CONF":"0","DEFROST_TERM":"0","DEFROST_DELAY":"0","DEWATER_DELAY":"0"},{"ADDR":"0","FW_VER":"0","TYPE":"0","MODEL":"0","CAPACITY":"0","ALARM_MASK1":"0","ALARM_MASK2":"0","ALARM_MASK3":"0","ALARM_MASK4":"0","ALARM_MASK5":"0","ALARM_MASK6":"0","ALARM_MASK7":"0","ALARM_MASK8":"0","ALARM_SP1":"0","ALARM_SP2":"0","ALARM_SP3":"0","ALARM_SP4":"0","ALARM_SP5":"0","ALARM_SP6":"0","ALARM_SP7":"0","ALARM_SP8":"0","ERR_CD":"0","OPER_MODE":"0","SENS_TEMP":"0","SENS_TEMP_CONF":"0","SENS_TEMP_OUT":"0","MAX_TEMP_ALARM_YN":"0","MAX_TEMP":"0","MIN_TEMP_ALARM_YN":"0","MIN_TEMP":"0","DEFROST_SENS_TEMP":"0","DEFW_OWNER":"0","DEFROST_TEMP_CONF":"0","DEFROST_TERM":"0","DEFROST_DELAY":"0","DEWATER_DELAY":"0"},{"ADDR":"0","FW_VER":"0","TYPE":"0","MODEL":"0","CAPACITY":"0","ALARM_MASK1":"0","ALARM_MASK2":"0","ALARM_MASK3":"0","ALARM_MASK4":"0","ALARM_MASK5":"0","ALARM_MASK6":"0","ALARM_MASK7":"0","ALARM_MASK8":"0","ALARM_SP1":"0","ALARM_SP2":"0","ALARM_SP3":"0","ALARM_SP4":"0","ALARM_SP5":"0","ALARM_SP6":"0","ALARM_SP7":"0","ALARM_SP8":"0","ERR_CD":"0","OPER_MODE":"0","SENS_TEMP":"0","SENS_TEMP_CONF":"0","SENS_TEMP_OUT":"0","MAX_TEMP_ALARM_YN":"0","MAX_TEMP":"0","MIN_TEMP_ALARM_YN":"0","MIN_TEMP":"0","DEFROST_SENS_TEMP":"0","DEFW_OWNER":"0","DEFROST_TEMP_CONF":"0","DEFROST_TERM":"0","DEFROST_DELAY":"0","DEWATER_DELAY":"0"},{"ADDR":"0","FW_VER":"0","TYPE":"0","MODEL":"0","CAPACITY":"0","ALARM_MASK1":"0","ALARM_MASK2":"0","ALARM_MASK3":"0","ALARM_MASK4":"0","ALARM_MASK5":"0","ALARM_MASK6":"0","ALARM_MASK7":"0","ALARM_MASK8":"0","ALARM_SP1":"0","ALARM_SP2":"0","ALARM_SP3":"0","ALARM_SP4":"0","ALARM_SP5":"0","ALARM_SP6":"0","ALARM_SP7":"0","ALARM_SP8":"0","ERR_CD":"0","OPER_MODE":"0","SENS_TEMP":"0","SENS_TEMP_CONF":"0","SENS_TEMP_OUT":"0","MAX_TEMP_ALARM_YN":"0","MAX_TEMP":"0","MIN_TEMP_ALARM_YN":"0","MIN_TEMP":"0","DEFROST_SENS_TEMP":"0","DEFW_OWNER":"0","DEFROST_TEMP_CONF":"0","DEFROST_TERM":"0","DEFROST_DELAY":"0","DEWATER_DELAY":"0"},{"ADDR":"0","FW_VER":"0","TYPE":"0","MODEL":"0","CAPACITY":"0","ALARM_MASK1":"0","ALARM_MASK2":"0","ALARM_MASK3":"0","ALARM_MASK4":"0","ALARM_MASK5":"0","ALARM_MASK6":"0","ALARM_MASK7":"0","ALARM_MASK8":"0","ALARM_SP1":"0","ALARM_SP2":"0","ALARM_SP3":"0","ALARM_SP4":"0","ALARM_SP5":"0","ALARM_SP6":"0","ALARM_SP7":"0","ALARM_SP8":"0","ERR_CD":"0","OPER_MODE":"0","SENS_TEMP":"0","SENS_TEMP_CONF":"0","SENS_TEMP_OUT":"0","MAX_TEMP_ALARM_YN":"0","MAX_TEMP":"0","MIN_TEMP_ALARM_YN":"0","MIN_TEMP":"0","DEFROST_SENS_TEMP":"0","DEFW_OWNER":"0","DEFROST_TEMP_CONF":"0","DEFROST_TERM":"0","DEFROST_DELAY":"0","DEWATER_DELAY":"0"}]}
17-04-24 14:39:19,918 ClientHandlerThread INFO  Write data : 02 00 04 02 01 76 43 03 
17-04-24 14:39:19,919 ClientHandlerThread INFO  Writed data length : 8
17-04-24 14:39:22,209 ClientHandlerThread INFO  read length : 46
17-04-24 14:39:22,210 ClientHandlerThread DEBUG STX=02
17-04-24 14:39:22,210 ClientHandlerThread DEBUG ETX=03
17-04-24 14:39:22,211 ClientHandlerThread DEBUG LEN=2a
17-04-24 14:39:22,211 ClientHandlerThread DEBUG DATA CRC=-13316
17-04-24 14:39:22,211 ClientHandlerThread DEBUG CHEC CRC=-13316
17-04-24 14:39:22,212 ClientHandlerThread DEBUG CMD=0a
17-04-24 14:39:22,212 ClientHandlerThread INFO  냉난방 온도제어결과 수신
17-04-24 14:39:22,213 ClientHandlerThread INFO  RESULT=1
17-04-24 14:39:22,213 ClientHandlerThread INFO  STR CD=01
17-04-24 14:39:22,213 ClientHandlerThread INFO  GW ID=1
17-04-24 14:39:22,214 ClientHandlerThread INFO  SENSE_TEMP=24
17-04-24 14:39:28,386 ClientHandlerThread INFO  Connected client size : 0
17-04-24 14:39:28,386 ClientHandlerThread INFO  Client is closed
