17-04-24 14:10:54,208 ClientHandlerThread INFO  Client is started
17-04-24 14:10:54,248 ClientHandlerThread INFO  read length : 50
17-04-24 14:10:54,250 ClientHandlerThread DEBUG STX=02
17-04-24 14:10:54,251 ClientHandlerThread DEBUG ETX=03
17-04-24 14:10:54,251 ClientHandlerThread DEBUG LEN=2e
17-04-24 14:10:54,252 ClientHandlerThread DEBUG DATA CRC=17306
17-04-24 14:10:54,253 ClientHandlerThread DEBUG CHEC CRC=17306
17-04-24 14:10:54,253 ClientHandlerThread DEBUG CMD=01
17-04-24 14:10:54,253 ClientHandlerThread INFO  Client 접속 정보 수신
17-04-24 14:10:54,257 ClientHandlerThread INFO  Version=1.0
17-04-24 14:10:54,257 ClientHandlerThread INFO  IP=192.168.10.26
17-04-24 14:10:54,258 ClientHandlerThread INFO  MAC=B8-27-EB-F5-43-E4
17-04-24 14:10:54,258 ClientHandlerThread INFO  STR CD=01
17-04-24 14:10:54,259 ClientHandlerThread INFO  GW ID=1
17-04-24 14:10:54,557 ClientHandlerThread INFO  Client 접속 정보 수신 결과 전송
17-04-24 14:10:54,560 ClientHandlerThread INFO  Write data : 02 00 4c 01 01 30 31 00 00 00 00 00 00 00 00 00 00 00 00 00 00 00 00 00 00 00 01 06 0f 10 14 00 00 65 90 00 01 01 01 01 03 03 02 02 03 03 01 01 18 18 17 16 16 16 16 16 17 18 19 19 00 00 00 00 00 00 00 00 00 00 00 00 00 00 00 00 00 2d 50 03 
17-04-24 14:10:54,561 ClientHandlerThread INFO  Writed data length : 80
17-04-24 14:11:28,915 ClientHandlerThread INFO  read length : 7
17-04-24 14:11:28,915 ClientHandlerThread DEBUG STX=02
17-04-24 14:11:28,916 ClientHandlerThread DEBUG ETX=03
17-04-24 14:11:28,916 ClientHandlerThread DEBUG LEN=3
17-04-24 14:11:28,917 ClientHandlerThread DEBUG DATA CRC=0
17-04-24 14:11:28,917 ClientHandlerThread DEBUG CHEC CRC=0
17-04-24 14:11:28,918 ClientHandlerThread DEBUG CMD=00
17-04-24 14:11:28,918 ClientHandlerThread INFO  Echo 수신
17-04-24 14:11:28,919 ClientHandlerThread INFO  Write data : 02 00 03 00 00 00 03 
17-04-24 14:11:28,920 ClientHandlerThread INFO  Writed data length : 7
17-04-24 14:12:03,913 ClientHandlerThread INFO  read length : 7
17-04-24 14:12:03,914 ClientHandlerThread DEBUG STX=02
17-04-24 14:12:03,914 ClientHandlerThread DEBUG ETX=03
17-04-24 14:12:03,914 ClientHandlerThread DEBUG LEN=3
17-04-24 14:12:03,915 ClientHandlerThread DEBUG DATA CRC=0
17-04-24 14:12:03,915 ClientHandlerThread DEBUG CHEC CRC=0
17-04-24 14:12:03,916 ClientHandlerThread DEBUG CMD=00
17-04-24 14:12:03,916 ClientHandlerThread INFO  Echo 수신
17-04-24 14:12:03,918 ClientHandlerThread INFO  Write data : 02 00 03 00 00 00 03 
17-04-24 14:12:03,918 ClientHandlerThread INFO  Writed data length : 7
17-04-24 14:12:38,913 ClientHandlerThread INFO  read length : 7
17-04-24 14:12:38,914 ClientHandlerThread DEBUG STX=02
17-04-24 14:12:38,914 ClientHandlerThread DEBUG ETX=03
17-04-24 14:12:38,914 ClientHandlerThread DEBUG LEN=3
17-04-24 14:12:38,915 ClientHandlerThread DEBUG DATA CRC=0
17-04-24 14:12:38,916 ClientHandlerThread DEBUG CHEC CRC=0
17-04-24 14:12:38,917 ClientHandlerThread DEBUG CMD=00
17-04-24 14:12:38,917 ClientHandlerThread INFO  Echo 수신
17-04-24 14:12:38,918 ClientHandlerThread INFO  Write data : 02 00 03 00 00 00 03 
17-04-24 14:12:38,919 ClientHandlerThread INFO  Writed data length : 7
17-04-24 14:13:13,919 ClientHandlerThread INFO  read length : 7
17-04-24 14:13:13,920 ClientHandlerThread DEBUG STX=02
17-04-24 14:13:13,920 ClientHandlerThread DEBUG ETX=03
17-04-24 14:13:13,921 ClientHandlerThread DEBUG LEN=3
17-04-24 14:13:13,921 ClientHandlerThread DEBUG DATA CRC=0
17-04-24 14:13:13,922 ClientHandlerThread DEBUG CHEC CRC=0
17-04-24 14:13:13,922 ClientHandlerThread DEBUG CMD=00
17-04-24 14:13:13,923 ClientHandlerThread INFO  Echo 수신
17-04-24 14:13:13,924 ClientHandlerThread INFO  Write data : 02 00 03 00 00 00 03 
17-04-24 14:13:13,925 ClientHandlerThread INFO  Writed data length : 7
17-04-24 14:13:48,916 ClientHandlerThread INFO  read length : 7
17-04-24 14:13:48,917 ClientHandlerThread DEBUG STX=02
17-04-24 14:13:48,917 ClientHandlerThread DEBUG ETX=03
17-04-24 14:13:48,918 ClientHandlerThread DEBUG LEN=3
17-04-24 14:13:48,918 ClientHandlerThread DEBUG DATA CRC=0
17-04-24 14:13:48,919 ClientHandlerThread DEBUG CHEC CRC=0
17-04-24 14:13:48,919 ClientHandlerThread DEBUG CMD=00
17-04-24 14:13:48,919 ClientHandlerThread INFO  Echo 수신
17-04-24 14:13:48,921 ClientHandlerThread INFO  Write data : 02 00 03 00 00 00 03 
17-04-24 14:13:48,922 ClientHandlerThread INFO  Writed data length : 7
17-04-24 14:14:19,944 ClientHandlerThread INFO  read length : 701
17-04-24 14:14:19,945 ClientHandlerThread DEBUG STX=02
17-04-24 14:14:19,946 ClientHandlerThread DEBUG ETX=03
17-04-24 14:14:19,946 ClientHandlerThread DEBUG LEN=2b9
17-04-24 14:14:19,946 ClientHandlerThread DEBUG DATA CRC=-26537
17-04-24 14:14:19,947 ClientHandlerThread DEBUG CHEC CRC=-26537
17-04-24 14:14:19,947 ClientHandlerThread DEBUG CMD=02
17-04-24 14:14:19,948 ClientHandlerThread INFO  Data 수신
17-04-24 14:14:19,949 ClientHandlerThread INFO  통신상태=0
17-04-24 14:14:19,949 ClientHandlerThread INFO  STR CD=01
17-04-24 14:14:19,950 ClientHandlerThread INFO  GW ID=1
17-04-24 14:14:20,064 ClientHandlerThread DEBUG {"STR_CD":"01","REGI_ID":"01","YYYYMMDD":"20170424","HHMIN":"1415","PMC":{"EP_1CH_EFT_WATAGE":"3452","EP_1CH_5MIN_WATAGE":"0","EP_1CH_ACT_WATAGE":"0","EP_1CH_STATUS":"0","EP_2CH_EFT_WATAGE":"3","EP_2CH_5MIN_WATAGE":"0","EP_2CH_ACT_WATAGE":"0","EP_2CH_STATUS":"0","EP_3CH_EFT_WATAGE":"0","EP_3CH_5MIN_WATAGE":"0","EP_3CH_ACT_WATAGE":"0","EP_3CH_STATUS":"0","EP_4CH_EFT_WATAGE":"17","EP_4CH_5MIN_WATAGE":"0","EP_4CH_ACT_WATAGE":"0","EP_4CH_STATUS":"0","EP_5CH_EFT_WATAGE":"0","EP_5CH_5MIN_WATAGE":"0","EP_5CH_ACT_WATAGE":"0","EP_5CH_STATUS":"0","EP_6CH_EFT_WATAGE":"0","EP_6CH_5MIN_WATAGE":"0","EP_6CH_ACT_WATAGE":"0","EP_6CH_STATUS":"0","EP_7CH_R_EFT_WATAGE":"0","EP_7CH_R_5MIN_WATAGE":"0","EP_7CH_R_ACT_WATAGE":"0","EP_7CH_R_STATUS":"0","EP_7CH_S_EFT_WATAGE":"0","EP_7CH_S_5MIN_WATAGE":"0","EP_7CH_S_ACT_WATAGE":"0","EP_7CH_S_STATUS":"0","EP_7CH_T_EFT_WATAGE":"0","EP_7CH_T_5MIN_WATAGE":"0","EP_7CH_T_ACT_WATAGE":"0","EP_7CH_T_STATUS":"0","EP_8CH_R_EFT_WATAGE":"0","EP_8CH_R_5MIN_WATAGE":"0","EP_8CH_R_ACT_WATAGE":"0","EP_8CH_R_STATUS":"0","EP_8CH_S_EFT_WATAGE":"0","EP_8CH_S_5MIN_WATAGE":"0","EP_8CH_S_ACT_WATAGE":"0","EP_8CH_S_STATUS":"0","EP_8CH_T_EFT_WATAGE":"0","EP_8CH_T_5MIN_WATAGE":"0","EP_8CH_T_ACT_WATAGE":"0","EP_8CH_T_STATUS":"0"},"TEMON":[{"PORT_NO":"1","SENS_TEMP":"2778"},{"PORT_NO":"2","SENS_TEMP":"-9999"},{"PORT_NO":"3","SENS_TEMP":"-9999"},{"PORT_NO":"4","SENS_TEMP":"-9999"},{"PORT_NO":"5","SENS_TEMP":"-9999"},{"PORT_NO":"6","SENS_TEMP":"-9999"},{"PORT_NO":"7","SENS_TEMP":"-9999"},{"PORT_NO":"8","SENS_TEMP":"-9999"},{"PORT_NO":"9","SENS_TEMP":"-9999"},{"PORT_NO":"10","SENS_TEMP":"-9999"},{"PORT_NO":"11","SENS_TEMP":"-9999"},{"PORT_NO":"12","SENS_TEMP":"-9999"},{"PORT_NO":"13","SENS_TEMP":"-9999"},{"PORT_NO":"14","SENS_TEMP":"-9999"},{"PORT_NO":"15","SENS_TEMP":"-9999"},{"PORT_NO":"16","SENS_TEMP":"-9999"}],"SIGN_STAT_CD":"0","ALMON":[{"PORT_NO":"1","SENS_TEMP":"1"},{"PORT_NO":"2","SENS_TEMP":"0"},{"PORT_NO":"3","SENS_TEMP":"0"},{"PORT_NO":"4","SENS_TEMP":"0"}],"HACON":[{"HACON_STAT_CD":"0","SENSE_TEMP":"3309","SENSE_HUMID":"0"},{"HACON_STAT_CD":"0","SENSE_TEMP":"-9999","SENSE_HUMID":"0"},{"HACON_STAT_CD":"0","SENSE_TEMP":"-9999","SENSE_HUMID":"0"},{"HACON_STAT_CD":"0","SENSE_TEMP":"-9999","SENSE_HUMID":"0"},{"HACON_STAT_CD":"0","SENSE_TEMP":"-9999","SENSE_HUMID":"0"}],"TSENSOR":[{"T_SENSOR_STAT_CD":"0","T_SENSOR_SENSE_TEMP":"2492","T_SENSOR_SENSE_HUMID":"2172"},{"T_SENSOR_STAT_CD":"0","T_SENSOR_SENSE_TEMP":"-9999","T_SENSOR_SENSE_HUMID":"-9999"},{"T_SENSOR_STAT_CD":"0","T_SENSOR_SENSE_TEMP":"-9999","T_SENSOR_SENSE_HUMID":"-9999"},{"T_SENSOR_STAT_CD":"0","T_SENSOR_SENSE_TEMP":"-9999","T_SENSOR_SENSE_HUMID":"-9999"},{"T_SENSOR_STAT_CD":"0","T_SENSOR_SENSE_TEMP":"-9999","T_SENSOR_SENSE_HUMID":"-9999"}],"BLE_CNT":"0","BLE":[{"BLE_GUBUN":"0","BLE_SENSE_TEMP":"-9999","BLE_SENSE_HUMID":"-9999","BLE_BATTERY":"0"},{"BLE_GUBUN":"0","BLE_SENSE_TEMP":"-9999","BLE_SENSE_HUMID":"-9999","BLE_BATTERY":"0"},{"BLE_GUBUN":"0","BLE_SENSE_TEMP":"-9999","BLE_SENSE_HUMID":"-9999","BLE_BATTERY":"0"},{"BLE_GUBUN":"0","BLE_SENSE_TEMP":"-9999","BLE_SENSE_HUMID":"-9999","BLE_BATTERY":"0"},{"BLE_GUBUN":"0","BLE_SENSE_TEMP":"-9999","BLE_SENSE_HUMID":"-9999","BLE_BATTERY":"0"},{"BLE_GUBUN":"0","BLE_SENSE_TEMP":"-9999","BLE_SENSE_HUMID":"-9999","BLE_BATTERY":"0"},{"BLE_GUBUN":"0","BLE_SENSE_TEMP":"-9999","BLE_SENSE_HUMID":"-9999","BLE_BATTERY":"0"},{"BLE_GUBUN":"0","BLE_SENSE_TEMP":"-9999","BLE_SENSE_HUMID":"-9999","BLE_BATTERY":"0"},{"BLE_GUBUN":"0","BLE_SENSE_TEMP":"-9999","BLE_SENSE_HUMID":"-9999","BLE_BATTERY":"0"},{"BLE_GUBUN":"0","BLE_SENSE_TEMP":"-9999","BLE_SENSE_HUMID":"-9999","BLE_BATTERY":"0"}],"HUB_CNT":"0","HUB":[{"ADDR":"0","FW_VER":"0","TYPE":"0","MODEL":"0","CAPACITY":"0","ALARM_MASK1":"0","ALARM_MASK2":"0","ALARM_MASK3":"0","ALARM_MASK4":"0","ALARM_MASK5":"0","ALARM_MASK6":"0","ALARM_MASK7":"0","ALARM_MASK8":"0","ALARM_SP1":"0","ALARM_SP2":"0","ALARM_SP3":"0","ALARM_SP4":"0","ALARM_SP5":"0","ALARM_SP6":"0","ALARM_SP7":"0","ALARM_SP8":"0","ERR_CD":"0","OPER_MODE":"0","SENS_TEMP":"0","SENS_TEMP_CONF":"0","SENS_TEMP_OUT":"0","MAX_TEMP_ALARM_YN":"0","MAX_TEMP":"0","MIN_TEMP_ALARM_YN":"0","MIN_TEMP":"0","DEFROST_SENS_TEMP":"0","DEFW_OWNER":"0","DEFROST_TEMP_CONF":"0","DEFROST_TERM":"0","DEFROST_DELAY":"0","DEWATER_DELAY":"0"},{"ADDR":"0","FW_VER":"0","TYPE":"0","MODEL":"0","CAPACITY":"0","ALARM_MASK1":"0","ALARM_MASK2":"0","ALARM_MASK3":"0","ALARM_MASK4":"0","ALARM_MASK5":"0","ALARM_MASK6":"0","ALARM_MASK7":"0","ALARM_MASK8":"0","ALARM_SP1":"0","ALARM_SP2":"0","ALARM_SP3":"0","ALARM_SP4":"0","ALARM_SP5":"0","ALARM_SP6":"0","ALARM_SP7":"0","ALARM_SP8":"0","ERR_CD":"0","OPER_MODE":"0","SENS_TEMP":"0","SENS_TEMP_CONF":"0","SENS_TEMP_OUT":"0","MAX_TEMP_ALARM_YN":"0","MAX_TEMP":"0","MIN_TEMP_ALARM_YN":"0","MIN_TEMP":"0","DEFROST_SENS_TEMP":"0","DEFW_OWNER":"0","DEFROST_TEMP_CONF":"0","DEFROST_TERM":"0","DEFROST_DELAY":"0","DEWATER_DELAY":"0"},{"ADDR":"0","FW_VER":"0","TYPE":"0","MODEL":"0","CAPACITY":"0","ALARM_MASK1":"0","ALARM_MASK2":"0","ALARM_MASK3":"0","ALARM_MASK4":"0","ALARM_MASK5":"0","ALARM_MASK6":"0","ALARM_MASK7":"0","ALARM_MASK8":"0","ALARM_SP1":"0","ALARM_SP2":"0","ALARM_SP3":"0","ALARM_SP4":"0","ALARM_SP5":"0","ALARM_SP6":"0","ALARM_SP7":"0","ALARM_SP8":"0","ERR_CD":"0","OPER_MODE":"0","SENS_TEMP":"0","SENS_TEMP_CONF":"0","SENS_TEMP_OUT":"0","MAX_TEMP_ALARM_YN":"0","MAX_TEMP":"0","MIN_TEMP_ALARM_YN":"0","MIN_TEMP":"0","DEFROST_SENS_TEMP":"0","DEFW_OWNER":"0","DEFROST_TEMP_CONF":"0","DEFROST_TERM":"0","DEFROST_DELAY":"0","DEWATER_DELAY":"0"},{"ADDR":"0","FW_VER":"0","TYPE":"0","MODEL":"0","CAPACITY":"0","ALARM_MASK1":"0","ALARM_MASK2":"0","ALARM_MASK3":"0","ALARM_MASK4":"0","ALARM_MASK5":"0","ALARM_MASK6":"0","ALARM_MASK7":"0","ALARM_MASK8":"0","ALARM_SP1":"0","ALARM_SP2":"0","ALARM_SP3":"0","ALARM_SP4":"0","ALARM_SP5":"0","ALARM_SP6":"0","ALARM_SP7":"0","ALARM_SP8":"0","ERR_CD":"0","OPER_MODE":"0","SENS_TEMP":"0","SENS_TEMP_CONF":"0","SENS_TEMP_OUT":"0","MAX_TEMP_ALARM_YN":"0","MAX_TEMP":"0","MIN_TEMP_ALARM_YN":"0","MIN_TEMP":"0","DEFROST_SENS_TEMP":"0","DEFW_OWNER":"0","DEFROST_TEMP_CONF":"0","DEFROST_TERM":"0","DEFROST_DELAY":"0","DEWATER_DELAY":"0"},{"ADDR":"0","FW_VER":"0","TYPE":"0","MODEL":"0","CAPACITY":"0","ALARM_MASK1":"0","ALARM_MASK2":"0","ALARM_MASK3":"0","ALARM_MASK4":"0","ALARM_MASK5":"0","ALARM_MASK6":"0","ALARM_MASK7":"0","ALARM_MASK8":"0","ALARM_SP1":"0","ALARM_SP2":"0","ALARM_SP3":"0","ALARM_SP4":"0","ALARM_SP5":"0","ALARM_SP6":"0","ALARM_SP7":"0","ALARM_SP8":"0","ERR_CD":"0","OPER_MODE":"0","SENS_TEMP":"0","SENS_TEMP_CONF":"0","SENS_TEMP_OUT":"0","MAX_TEMP_ALARM_YN":"0","MAX_TEMP":"0","MIN_TEMP_ALARM_YN":"0","MIN_TEMP":"0","DEFROST_SENS_TEMP":"0","DEFW_OWNER":"0","DEFROST_TEMP_CONF":"0","DEFROST_TERM":"0","DEFROST_DELAY":"0","DEWATER_DELAY":"0"},{"ADDR":"0","FW_VER":"0","TYPE":"0","MODEL":"0","CAPACITY":"0","ALARM_MASK1":"0","ALARM_MASK2":"0","ALARM_MASK3":"0","ALARM_MASK4":"0","ALARM_MASK5":"0","ALARM_MASK6":"0","ALARM_MASK7":"0","ALARM_MASK8":"0","ALARM_SP1":"0","ALARM_SP2":"0","ALARM_SP3":"0","ALARM_SP4":"0","ALARM_SP5":"0","ALARM_SP6":"0","ALARM_SP7":"0","ALARM_SP8":"0","ERR_CD":"0","OPER_MODE":"0","SENS_TEMP":"0","SENS_TEMP_CONF":"0","SENS_TEMP_OUT":"0","MAX_TEMP_ALARM_YN":"0","MAX_TEMP":"0","MIN_TEMP_ALARM_YN":"0","MIN_TEMP":"0","DEFROST_SENS_TEMP":"0","DEFW_OWNER":"0","DEFROST_TEMP_CONF":"0","DEFROST_TERM":"0","DEFROST_DELAY":"0","DEWATER_DELAY":"0"},{"ADDR":"0","FW_VER":"0","TYPE":"0","MODEL":"0","CAPACITY":"0","ALARM_MASK1":"0","ALARM_MASK2":"0","ALARM_MASK3":"0","ALARM_MASK4":"0","ALARM_MASK5":"0","ALARM_MASK6":"0","ALARM_MASK7":"0","ALARM_MASK8":"0","ALARM_SP1":"0","ALARM_SP2":"0","ALARM_SP3":"0","ALARM_SP4":"0","ALARM_SP5":"0","ALARM_SP6":"0","ALARM_SP7":"0","ALARM_SP8":"0","ERR_CD":"0","OPER_MODE":"0","SENS_TEMP":"0","SENS_TEMP_CONF":"0","SENS_TEMP_OUT":"0","MAX_TEMP_ALARM_YN":"0","MAX_TEMP":"0","MIN_TEMP_ALARM_YN":"0","MIN_TEMP":"0","DEFROST_SENS_TEMP":"0","DEFW_OWNER":"0","DEFROST_TEMP_CONF":"0","DEFROST_TERM":"0","DEFROST_DELAY":"0","DEWATER_DELAY":"0"},{"ADDR":"0","FW_VER":"0","TYPE":"0","MODEL":"0","CAPACITY":"0","ALARM_MASK1":"0","ALARM_MASK2":"0","ALARM_MASK3":"0","ALARM_MASK4":"0","ALARM_MASK5":"0","ALARM_MASK6":"0","ALARM_MASK7":"0","ALARM_MASK8":"0","ALARM_SP1":"0","ALARM_SP2":"0","ALARM_SP3":"0","ALARM_SP4":"0","ALARM_SP5":"0","ALARM_SP6":"0","ALARM_SP7":"0","ALARM_SP8":"0","ERR_CD":"0","OPER_MODE":"0","SENS_TEMP":"0","SENS_TEMP_CONF":"0","SENS_TEMP_OUT":"0","MAX_TEMP_ALARM_YN":"0","MAX_TEMP":"0","MIN_TEMP_ALARM_YN":"0","MIN_TEMP":"0","DEFROST_SENS_TEMP":"0","DEFW_OWNER":"0","DEFROST_TEMP_CONF":"0","DEFROST_TERM":"0","DEFROST_DELAY":"0","DEWATER_DELAY":"0"}]}
17-04-24 14:14:20,077 ClientHandlerThread INFO  Write data : 02 00 04 02 01 76 43 03 
17-04-24 14:14:20,078 ClientHandlerThread INFO  Writed data length : 8
17-04-24 14:14:22,299 ClientHandlerThread INFO  read length : 46
17-04-24 14:14:22,300 ClientHandlerThread DEBUG STX=02
17-04-24 14:14:22,301 ClientHandlerThread DEBUG ETX=03
17-04-24 14:14:22,301 ClientHandlerThread DEBUG LEN=2a
17-04-24 14:14:22,302 ClientHandlerThread DEBUG DATA CRC=18491
17-04-24 14:14:22,302 ClientHandlerThread DEBUG CHEC CRC=18491
17-04-24 14:14:22,302 ClientHandlerThread DEBUG CMD=0a
17-04-24 14:14:22,303 ClientHandlerThread INFO  냉난방 온도제어결과 수신
17-04-24 14:14:22,304 ClientHandlerThread INFO  RESULT=1
17-04-24 14:14:22,304 ClientHandlerThread INFO  STR CD=01
17-04-24 14:14:22,305 ClientHandlerThread INFO  GW ID=1
17-04-24 14:15:18,909 ClientHandlerThread INFO  read length : 7
17-04-24 14:15:18,910 ClientHandlerThread DEBUG STX=02
17-04-24 14:15:18,911 ClientHandlerThread DEBUG ETX=03
17-04-24 14:15:18,911 ClientHandlerThread DEBUG LEN=3
17-04-24 14:15:18,911 ClientHandlerThread DEBUG DATA CRC=0
17-04-24 14:15:18,912 ClientHandlerThread DEBUG CHEC CRC=0
17-04-24 14:15:18,912 ClientHandlerThread DEBUG CMD=00
17-04-24 14:15:18,913 ClientHandlerThread INFO  Echo 수신
17-04-24 14:15:18,915 ClientHandlerThread INFO  Write data : 02 00 03 00 00 00 03 
17-04-24 14:15:18,916 ClientHandlerThread INFO  Writed data length : 7
17-04-24 14:15:32,958 ClientHandlerThread INFO  Connected client size : 0
17-04-24 14:15:32,959 ClientHandlerThread INFO  Client is closed
