17-04-24 10:54:19,014 ClientHandlerThread INFO  Client is started
17-04-24 10:54:19,018 ClientHandlerThread INFO  read length : 50
17-04-24 10:54:19,020 ClientHandlerThread DEBUG STX=02
17-04-24 10:54:19,020 ClientHandlerThread DEBUG ETX=03
17-04-24 10:54:19,021 ClientHandlerThread DEBUG LEN=2e
17-04-24 10:54:19,022 ClientHandlerThread DEBUG DATA CRC=18207
17-04-24 10:54:19,022 ClientHandlerThread DEBUG CHEC CRC=18207
17-04-24 10:54:19,023 ClientHandlerThread DEBUG CMD=01
17-04-24 10:54:19,023 ClientHandlerThread INFO  Client 접속 정보 수신
17-04-24 10:54:19,026 ClientHandlerThread INFO  Version=1.0
17-04-24 10:54:19,027 ClientHandlerThread INFO  IP=192.168.10.27
17-04-24 10:54:19,027 ClientHandlerThread INFO  MAC=B8-27-EB-11-27-B8
17-04-24 10:54:19,028 ClientHandlerThread INFO  STR CD=01
17-04-24 10:54:19,028 ClientHandlerThread INFO  GW ID=1
17-04-24 10:54:19,314 ClientHandlerThread INFO  Client 접속 정보 수신 결과 전송
17-04-24 10:54:19,317 ClientHandlerThread INFO  Write data : 02 00 4c 01 01 30 31 00 00 00 00 00 00 00 00 00 00 00 00 00 00 00 00 00 00 00 01 ff ff ff ff 00 00 65 90 00 01 01 01 03 03 03 02 02 03 03 01 01 18 18 17 16 16 16 16 16 17 18 19 19 00 00 00 00 00 00 00 00 00 00 00 00 00 00 00 00 00 ff a0 03 
17-04-24 10:54:19,318 ClientHandlerThread INFO  Writed data length : 80
17-04-24 10:54:54,102 ClientHandlerThread INFO  read length : 7
17-04-24 10:54:54,102 ClientHandlerThread DEBUG STX=02
17-04-24 10:54:54,103 ClientHandlerThread DEBUG ETX=03
17-04-24 10:54:54,104 ClientHandlerThread DEBUG LEN=3
17-04-24 10:54:54,106 ClientHandlerThread DEBUG DATA CRC=0
17-04-24 10:54:54,107 ClientHandlerThread DEBUG CHEC CRC=0
17-04-24 10:54:54,108 ClientHandlerThread DEBUG CMD=00
17-04-24 10:54:54,108 ClientHandlerThread INFO  Echo 수신
17-04-24 10:54:54,110 ClientHandlerThread INFO  Write data : 02 00 03 00 00 00 03 
17-04-24 10:54:54,111 ClientHandlerThread INFO  Writed data length : 7
17-04-24 10:55:11,975 ClientHandlerThread INFO  Connected client size : 0
17-04-24 10:55:11,976 ClientHandlerThread INFO  Client is closed
